        -:    0:Source:logger.c
        -:    0:Graph:logger.gcno
        -:    0:Data:logger.gcda
        -:    0:Runs:414
        -:    1:/* -*- Mode: C; tab-width: 4; c-basic-offset: 4; indent-tabs-mode: nil -*- */
        -:    2:
        -:    3:#include <arpa/inet.h>
        -:    4:#include <stdlib.h>
        -:    5:#include <stdio.h>
        -:    6:#include <string.h>
        -:    7:#include <errno.h>
        -:    8:#include <poll.h>
        -:    9:#include <ctype.h>
        -:   10:#include <stdarg.h>
        -:   11:
        -:   12:#if defined(__sun)
        -:   13:#include <atomic.h>
        -:   14:#endif
        -:   15:
        -:   16:#include "memcached.h"
        -:   17:#include "bipbuffer.h"
        -:   18:
        -:   19:#ifdef LOGGER_DEBUG
        -:   20:#define L_DEBUG(...) \
        -:   21:    do { \
        -:   22:        fprintf(stderr, __VA_ARGS__); \
        -:   23:    } while (0)
        -:   24:#else
        -:   25:#define L_DEBUG(...)
        -:   26:#endif
        -:   27:
        -:   28:
        -:   29:/* TODO: put this in a struct and ditch the global vars. */
        -:   30:static logger *logger_stack_head = NULL;
        -:   31:static logger *logger_stack_tail = NULL;
        -:   32:static unsigned int logger_count = 0;
        -:   33:static volatile int do_run_logger_thread = 1;
        -:   34:static pthread_t logger_tid;
        -:   35:pthread_mutex_t logger_stack_lock = PTHREAD_MUTEX_INITIALIZER;
        -:   36:pthread_cond_t logger_stack_cond = PTHREAD_COND_INITIALIZER;
        -:   37:
        -:   38:pthread_key_t logger_key;
        -:   39:
        -:   40:#if !defined(HAVE_GCC_64ATOMICS) && !defined(__sun)
        -:   41:pthread_mutex_t logger_atomics_mutex = PTHREAD_MUTEX_INITIALIZER;
        -:   42:#endif
        -:   43:
        -:   44:#define WATCHER_LIMIT 20
        -:   45:logger_watcher *watchers[20];
        -:   46:struct pollfd watchers_pollfds[20];
        -:   47:int watcher_count = 0;
        -:   48:
        -:   49:#define WATCHER_ALL -1
        -:   50:static int logger_thread_poll_watchers(int force_poll, int watcher);
        -:   51:
        -:   52:/* helpers for logger_log */
        -:   53:
    #####:   54:static void _logger_log_text(logentry *e, const entry_details *d, const void *entry, va_list ap) {
    #####:   55:    int reqlen = d->reqlen;
    #####:   56:    int total = vsnprintf((char *) e->data, reqlen, d->format, ap);
    #####:   57:    if (total <= 0) {
    #####:   58:        fprintf(stderr, "LOGGER: Failed to vsnprintf a text entry: (total) %d\n", total);
        -:   59:    }
    #####:   60:    e->size = total + 1; // null byte
    #####:   61:}
        -:   62:
        1:   63:static void _logger_log_evictions(logentry *e, const entry_details *d, const void *entry, va_list ap) {
        1:   64:    item *it = (item *)entry;
        1:   65:    struct logentry_eviction *le = (struct logentry_eviction *) e->data;
        -:   66:
       1*:   67:    le->exptime = (it->exptime > 0) ? (long long int)(it->exptime - current_time) : (long long int) -1;
        1:   68:    le->latime = current_time - it->time;
        1:   69:    le->it_flags = it->it_flags;
        1:   70:    le->nkey = it->nkey;
        1:   71:    le->nbytes = it->nbytes;
        1:   72:    le->clsid = ITEM_clsid(it);
        1:   73:    memcpy(le->key, ITEM_key(it), it->nkey);
        1:   74:    e->size = sizeof(struct logentry_eviction) + le->nkey;
        1:   75:}
        -:   76:#ifdef EXTSTORE
    #####:   77:static void _logger_log_ext_write(logentry *e, const entry_details *d, const void *entry, va_list ap) {
    #####:   78:    item *it = (item *)entry;
    #####:   79:    int ew_bucket = va_arg(ap, int);
        -:   80:
    #####:   81:    struct logentry_ext_write *le = (struct logentry_ext_write *) e->data;
    #####:   82:    le->exptime = (it->exptime > 0) ? (long long int)(it->exptime - current_time) : (long long int) -1;
    #####:   83:    le->latime = current_time - it->time;
    #####:   84:    le->it_flags = it->it_flags;
    #####:   85:    le->nkey = it->nkey;
    #####:   86:    le->clsid = ITEM_clsid(it);
    #####:   87:    le->bucket = (uint8_t)ew_bucket;
    #####:   88:    memcpy(le->key, ITEM_key(it), it->nkey);
    #####:   89:    e->size = sizeof(struct logentry_ext_write) + le->nkey;
    #####:   90:}
        -:   91:#endif
        -:   92:// 0 == nf, 1 == found. 2 == flushed. 3 == expired.
        -:   93:// might be useful to store/print the flags an item has?
        -:   94:// could also collapse this and above code into an "item status" struct. wait
        -:   95:// for more endpoints to be written before making it generic, though.
    82169:   96:static void _logger_log_item_get(logentry *e, const entry_details *d, const void *entry, va_list ap) {
    82169:   97:    int was_found = va_arg(ap, int);
    82169:   98:    char *key = va_arg(ap, char *);
    82169:   99:    int nkey = va_arg(ap, int);
    82169:  100:    int nbytes = va_arg(ap, int);
    82169:  101:    uint8_t clsid = va_arg(ap, int);
    82169:  102:    int sfd = va_arg(ap, int);
        -:  103:
    82169:  104:    struct logentry_item_get *le = (struct logentry_item_get *) e->data;
    82169:  105:    le->was_found = was_found;
    82169:  106:    le->nkey = nkey;
    82169:  107:    le->nbytes = nbytes;
    82169:  108:    le->clsid = clsid;
    82169:  109:    memcpy(le->key, key, nkey);
    82169:  110:    le->sfd = sfd;
    82169:  111:    e->size = sizeof(struct logentry_item_get) + nkey;
    82169:  112:}
        -:  113:
        4:  114:static void _logger_log_item_store(logentry *e, const entry_details *d, const void *entry, va_list ap) {
        4:  115:    enum store_item_type status = va_arg(ap, enum store_item_type);
        4:  116:    int comm = va_arg(ap, int);
        4:  117:    char *key = va_arg(ap, char *);
        4:  118:    int nkey = va_arg(ap, int);
        4:  119:    int nbytes = va_arg(ap, int);
        4:  120:    rel_time_t ttl = va_arg(ap, rel_time_t);
        4:  121:    uint8_t clsid = va_arg(ap, int);
        4:  122:    int sfd = va_arg(ap, int);
        -:  123:
        4:  124:    struct logentry_item_store *le = (struct logentry_item_store *) e->data;
        4:  125:    le->status = status;
        4:  126:    le->cmd = comm;
        4:  127:    le->nkey = nkey;
        4:  128:    le->nbytes = nbytes;
        4:  129:    le->clsid = clsid;
        4:  130:    if (ttl != 0) {
    #####:  131:        le->ttl = ttl - current_time;
        -:  132:    } else {
        4:  133:        le->ttl = 0;
        -:  134:    }
        4:  135:    memcpy(le->key, key, nkey);
        4:  136:    le->sfd = sfd;
        4:  137:    e->size = sizeof(struct logentry_item_store) + nkey;
        4:  138:}
        -:  139:
        3:  140:static void _logger_log_item_deleted(logentry *e, const entry_details *d, const void *entry, va_list ap) {
        3:  141:    item *it = (item *)entry;
        3:  142:    int comm = va_arg(ap, int);
        3:  143:    struct logentry_deletion *le = (struct logentry_deletion *) e->data;
        3:  144:    le->nkey = it->nkey;
        3:  145:    le->cmd = comm;
        3:  146:    le->nbytes = it->nbytes;
        3:  147:    le->clsid = ITEM_clsid(it);
        3:  148:    memcpy(le->key, ITEM_key(it), it->nkey);
        3:  149:    e->size = sizeof(struct logentry_deletion) + le->nkey;
        3:  150:}
        -:  151:
        5:  152:static void _logger_log_conn_event(logentry *e, const entry_details *d, const void *entry, va_list ap) {
        5:  153:    struct sockaddr_in6 *addr = va_arg(ap, struct sockaddr_in6 *);
        5:  154:    socklen_t addrlen = va_arg(ap, socklen_t);
        5:  155:    enum network_transport transport = va_arg(ap, enum network_transport);
        5:  156:    enum close_reasons reason = va_arg(ap, enum close_reasons);
        5:  157:    int sfd = va_arg(ap, int);
        -:  158:
        5:  159:    struct logentry_conn_event *le = (struct logentry_conn_event *) e->data;
        -:  160:
        5:  161:    memcpy(&le->addr, addr, addrlen);
        5:  162:    le->sfd = sfd;
        5:  163:    le->transport = transport;
        5:  164:    le->reason = reason;
        5:  165:    e->size = sizeof(struct logentry_conn_event);
        5:  166:}
        -:  167:
        -:  168:/*************************
        -:  169: * Util functions used by the logger background thread
        -:  170: *************************/
        -:  171:
        5:  172:static int _logger_util_addr_endpoint(struct sockaddr_in6 *addr, char *rip,
        -:  173:        size_t riplen, unsigned short *rport) {
        5:  174:    memset(rip, 0, riplen);
        5:  175:    *rport = 0;
        -:  176:
        5:  177:    switch (addr->sin6_family) {
    #####:  178:        case AF_INET:
    #####:  179:            inet_ntop(AF_INET, &((struct sockaddr_in *) addr)->sin_addr,
        -:  180:                    rip, riplen - 1);
    #####:  181:            *rport = ntohs(((struct sockaddr_in *) addr)->sin_port);
    #####:  182:            break;
    #####:  183:        case AF_INET6:
    #####:  184:            inet_ntop(AF_INET6, &((struct sockaddr_in6 *) addr)->sin6_addr,
        -:  185:                    rip, riplen - 1);
    #####:  186:            *rport = ntohs(((struct sockaddr_in6 *) addr)->sin6_port);
    #####:  187:            break;
        -:  188:#ifndef DISABLE_UNIX_SOCKET
        -:  189:        // Connections on Unix socket transports have c->request_addr zeroed out.
        -:  190:        case AF_UNSPEC:
        -:  191:        case AF_UNIX:
        5:  192:            strncpy(rip, "unix", strlen("unix") + 1);
        -:  193:            break;
        -:  194:#endif // #ifndef DISABLE_UNIX_SOCKET
        -:  195:    }
        -:  196:
        5:  197:    return 0;
        -:  198:}
        -:  199:
        -:  200:/*************************
        -:  201: * Logger background thread functions. Aggregates per-worker buffers and
        -:  202: * writes to any watchers.
        -:  203: *************************/
        -:  204:
        -:  205:#define LOGGER_PARSE_SCRATCH 4096
        -:  206:
    #####:  207:static int _logger_parse_text(logentry *e, char *scratch) {
    #####:  208:    return snprintf(scratch, LOGGER_PARSE_SCRATCH, "ts=%lld.%d gid=%llu %s\n",
    #####:  209:            (long long int)e->tv.tv_sec, (int)e->tv.tv_usec,
    #####:  210:            (unsigned long long) e->gid, (char *) e->data);
        -:  211:}
        -:  212:
        4:  213:static int _logger_parse_ise(logentry *e, char *scratch) {
        4:  214:    int total;
        4:  215:    const char *cmd = "na";
        4:  216:    char keybuf[KEY_MAX_URI_ENCODED_LENGTH];
        4:  217:    struct logentry_item_store *le = (struct logentry_item_store *) e->data;
        4:  218:    const char * const status_map[] = {
        -:  219:        "not_stored", "stored", "exists", "not_found", "too_large", "no_memory" };
        4:  220:    const char * const cmd_map[] = {
        -:  221:        "null", "add", "set", "replace", "append", "prepend", "cas", "append", "prepend" };
        -:  222:
        4:  223:    if (le->cmd <= 8)
        4:  224:        cmd = cmd_map[le->cmd];
        -:  225:
        4:  226:    uriencode(le->key, keybuf, le->nkey, KEY_MAX_URI_ENCODED_LENGTH);
        4:  227:    total = snprintf(scratch, LOGGER_PARSE_SCRATCH,
        -:  228:            "ts=%lld.%d gid=%llu type=item_store key=%s status=%s cmd=%s ttl=%u clsid=%u cfd=%d size=%d\n",
        4:  229:            (long long int)e->tv.tv_sec, (int)e->tv.tv_usec, (unsigned long long) e->gid,
        4:  230:            keybuf, status_map[le->status], cmd, le->ttl, le->clsid, le->sfd,
        4:  231:            le->nbytes > 0 ? le->nbytes - 2 : 0); // CLRF
        4:  232:    return total;
        -:  233:}
        -:  234:
    82169:  235:static int _logger_parse_ige(logentry *e, char *scratch) {
    82169:  236:    int total;
    82169:  237:    struct logentry_item_get *le = (struct logentry_item_get *) e->data;
    82169:  238:    char keybuf[KEY_MAX_URI_ENCODED_LENGTH];
    82169:  239:    const char * const was_found_map[] = {
        -:  240:        "not_found", "found", "flushed", "expired" };
        -:  241:
    82169:  242:    uriencode(le->key, keybuf, le->nkey, KEY_MAX_URI_ENCODED_LENGTH);
        8:  243:    total = snprintf(scratch, LOGGER_PARSE_SCRATCH,
        -:  244:            "ts=%lld.%d gid=%llu type=item_get key=%s status=%s clsid=%u cfd=%d size=%d\n",
    82169:  245:            (long long int)e->tv.tv_sec, (int)e->tv.tv_usec, (unsigned long long) e->gid,
    82169:  246:            keybuf, was_found_map[le->was_found], le->clsid, le->sfd,
    82169:  247:            le->nbytes > 0 ? le->nbytes - 2 : 0); // CLRF
    82169:  248:    return total;
        -:  249:}
        -:  250:
        1:  251:static int _logger_parse_ee(logentry *e, char *scratch) {
        1:  252:    int total;
        1:  253:    char keybuf[KEY_MAX_URI_ENCODED_LENGTH];
        1:  254:    struct logentry_eviction *le = (struct logentry_eviction *) e->data;
        1:  255:    uriencode(le->key, keybuf, le->nkey, KEY_MAX_URI_ENCODED_LENGTH);
        1:  256:    total = snprintf(scratch, LOGGER_PARSE_SCRATCH,
        -:  257:            "ts=%lld.%d gid=%llu type=eviction key=%s fetch=%s ttl=%lld la=%d clsid=%u size=%d\n",
        1:  258:            (long long int)e->tv.tv_sec, (int)e->tv.tv_usec, (unsigned long long) e->gid,
        1:  259:            keybuf, (le->it_flags & ITEM_FETCHED) ? "yes" : "no",
        1:  260:            (long long int)le->exptime, le->latime, le->clsid,
        1:  261:            le->nbytes > 0 ? le->nbytes - 2 : 0); // CLRF
        -:  262:
        1:  263:    return total;
        -:  264:}
        -:  265:
        3:  266:static int _logger_parse_ide(logentry *e, char *scratch) {
        3:  267:    int total;
        3:  268:    const char *cmd = "na";
        3:  269:    const char * const cmd_map[] = {
        -:  270:            "null", "delete", "md" };
        3:  271:    char keybuf[KEY_MAX_URI_ENCODED_LENGTH];
        3:  272:    struct logentry_deletion *le = (struct logentry_deletion *) e->data;
        3:  273:    uriencode(le->key, keybuf, le->nkey, KEY_MAX_URI_ENCODED_LENGTH);
        -:  274:
        3:  275:    if (le->cmd <= 2)
        3:  276:        cmd = cmd_map[le->cmd];
        -:  277:
        3:  278:    total = snprintf(scratch, LOGGER_PARSE_SCRATCH,
        -:  279:                     "ts=%d.%d gid=%llu type=deleted key=%s cmd=%s clsid=%u size=%d\n",
        3:  280:                     (int)e->tv.tv_sec, (int)e->tv.tv_usec, (unsigned long long) e->gid,
        3:  281:                     keybuf, cmd, le->clsid,
        3:  282:                     le->nbytes > 0 ? le->nbytes - 2 : 0); // CLRF
        3:  283:    return total;
        -:  284:}
        -:  285:
        -:  286:#ifdef EXTSTORE
    #####:  287:static int _logger_parse_extw(logentry *e, char *scratch) {
    #####:  288:    int total;
    #####:  289:    char keybuf[KEY_MAX_URI_ENCODED_LENGTH];
    #####:  290:    struct logentry_ext_write *le = (struct logentry_ext_write *) e->data;
    #####:  291:    uriencode(le->key, keybuf, le->nkey, KEY_MAX_URI_ENCODED_LENGTH);
    #####:  292:    total = snprintf(scratch, LOGGER_PARSE_SCRATCH,
        -:  293:            "ts=%lld.%d gid=%llu type=extwrite key=%s fetch=%s ttl=%lld la=%d clsid=%u bucket=%u\n",
    #####:  294:            (long long int)e->tv.tv_sec, (int)e->tv.tv_usec, (unsigned long long) e->gid,
    #####:  295:            keybuf, (le->it_flags & ITEM_FETCHED) ? "yes" : "no",
    #####:  296:            (long long int)le->exptime, le->latime, le->clsid, le->bucket);
        -:  297:
    #####:  298:    return total;
        -:  299:}
        -:  300:#endif
        -:  301:
        2:  302:static int _logger_parse_cne(logentry *e, char *scratch) {
        2:  303:    int total;
        2:  304:    unsigned short rport;
        2:  305:    char rip[64];
        2:  306:    struct logentry_conn_event *le = (struct logentry_conn_event *) e->data;
        2:  307:    const char * const transport_map[] = { "local", "tcp", "udp" };
        -:  308:
        2:  309:    _logger_util_addr_endpoint(&le->addr, rip, sizeof(rip), &rport);
        -:  310:
        2:  311:    total = snprintf(scratch, LOGGER_PARSE_SCRATCH,
        -:  312:            "ts=%lld.%d gid=%llu type=conn_new rip=%s rport=%hu transport=%s cfd=%d\n",
        2:  313:            (long long int) e->tv.tv_sec, (int) e->tv.tv_usec, (unsigned long long) e->gid,
        2:  314:            rip, rport, transport_map[le->transport], le->sfd);
        -:  315:
        2:  316:    return total;
        -:  317:}
        -:  318:
        3:  319:static int _logger_parse_cce(logentry *e, char *scratch) {
        3:  320:    int total;
        3:  321:    unsigned short rport;
        3:  322:    char rip[64];
        3:  323:    struct logentry_conn_event *le = (struct logentry_conn_event *) e->data;
        3:  324:    const char * const transport_map[] = { "local", "tcp", "udp" };
        3:  325:    const char * const reason_map[] = { "error", "normal", "idle_timeout", "shutdown" };
        -:  326:
        3:  327:    _logger_util_addr_endpoint(&le->addr, rip, sizeof(rip), &rport);
        -:  328:
        3:  329:    total = snprintf(scratch, LOGGER_PARSE_SCRATCH,
        -:  330:            "ts=%lld.%d gid=%llu type=conn_close rip=%s rport=%hu transport=%s reason=%s cfd=%d\n",
        3:  331:            (long long int) e->tv.tv_sec, (int) e->tv.tv_usec, (unsigned long long) e->gid,
        3:  332:            rip, rport, transport_map[le->transport],
        3:  333:            reason_map[le->reason], le->sfd);
        -:  334:
        3:  335:    return total;
        -:  336:}
        -:  337:
        -:  338:#ifdef PROXY
        -:  339:// TODO (v2): the length caps here are all magic numbers. Haven't thought of
        -:  340:// something yet that I like better.
        -:  341:// Should at least make a define to the max log len (1024) and do some math
        -:  342:// here.
        -:  343:static void _logger_log_proxy_req(logentry *e, const entry_details *d, const void *entry, va_list ap) {
        -:  344:    char *req = va_arg(ap, char *);
        -:  345:    int reqlen = va_arg(ap, uint32_t);
        -:  346:    long elapsed = va_arg(ap, long);
        -:  347:    unsigned short type = va_arg(ap, int);
        -:  348:    unsigned short code = va_arg(ap, int);
        -:  349:    int status = va_arg(ap, int);
        -:  350:    char *detail = va_arg(ap, char *);
        -:  351:    int dlen = va_arg(ap, int);
        -:  352:    char *be_name = va_arg(ap, char *);
        -:  353:    char *be_port = va_arg(ap, char *);
        -:  354:
        -:  355:    struct logentry_proxy_req *le = (void *)e->data;
        -:  356:    le->type = type;
        -:  357:    le->code = code;
        -:  358:    le->status = status;
        -:  359:    le->dlen = dlen;
        -:  360:    le->elapsed = elapsed;
        -:  361:    if (be_name && be_port) {
        -:  362:        le->be_namelen = strlen(be_name);
        -:  363:        le->be_portlen = strlen(be_port);
        -:  364:    } else {
        -:  365:        le->be_namelen = 0;
        -:  366:        le->be_portlen = 0;
        -:  367:    }
        -:  368:    char *data = le->data;
        -:  369:    if (req[reqlen-2] == '\r') {
        -:  370:        reqlen -= 2;
        -:  371:    } else {
        -:  372:        reqlen--;
        -:  373:    }
        -:  374:    if (reqlen > 300) {
        -:  375:        reqlen = 300;
        -:  376:    }
        -:  377:    if (dlen > 150) {
        -:  378:        dlen = 150;
        -:  379:    }
        -:  380:    // be_namelen and be_portlen can't be longer than 255+6
        -:  381:    le->reqlen = reqlen;
        -:  382:    memcpy(data, req, reqlen);
        -:  383:    data += reqlen;
        -:  384:    memcpy(data, detail, dlen);
        -:  385:    data += dlen;
        -:  386:    memcpy(data, be_name, le->be_namelen);
        -:  387:    data += le->be_namelen;
        -:  388:    memcpy(data, be_port, le->be_portlen);
        -:  389:    e->size = sizeof(struct logentry_proxy_req) + reqlen + dlen + le->be_namelen + le->be_portlen;
        -:  390:}
        -:  391:
        -:  392:static int _logger_parse_prx_req(logentry *e, char *scratch) {
        -:  393:    int total;
        -:  394:    struct logentry_proxy_req *le = (void *)e->data;
        -:  395:
        -:  396:    total = snprintf(scratch, LOGGER_PARSE_SCRATCH,
        -:  397:            "ts=%lld.%d gid=%llu type=proxy_req elapsed=%lu type=%d code=%d status=%d be=%.*s:%.*s detail=%.*s req=%.*s\n",
        -:  398:            (long long int) e->tv.tv_sec, (int) e->tv.tv_usec, (unsigned long long) e->gid,
        -:  399:            le->elapsed, le->type, le->code, le->status,
        -:  400:            (int)le->be_namelen, le->data+le->reqlen+le->dlen,
        -:  401:            (int)le->be_portlen, le->data+le->reqlen+le->dlen+le->be_namelen, // fml.
        -:  402:            (int)le->dlen, le->data+le->reqlen, (int)le->reqlen, le->data
        -:  403:            );
        -:  404:    return total;
        -:  405:}
        -:  406:
        -:  407:#define MAX_RBUF_READ 100
        -:  408:static void _logger_log_proxy_errbe(logentry *e, const entry_details *d, const void *entry, va_list ap) {
        -:  409:    char *errmsg = va_arg(ap, char *);
        -:  410:    char *be_name = va_arg(ap, char *);
        -:  411:    char *be_port = va_arg(ap, char *);
        -:  412:    int be_depth = va_arg(ap, int);
        -:  413:    char *be_rbuf = va_arg(ap, char *);
        -:  414:    int be_rbuflen = va_arg(ap, int);
        -:  415:
        -:  416:    struct logentry_proxy_errbe *le = (void *)e->data;
        -:  417:    le->be_depth = be_depth;
        -:  418:    le->errlen = strlen(errmsg);
        -:  419:    if (be_name && be_port) {
        -:  420:        le->be_namelen = strlen(be_name);
        -:  421:        le->be_portlen = strlen(be_port);
        -:  422:    }
        -:  423:
        -:  424:    le->be_rbuflen = be_rbuflen;
        -:  425:    if (be_rbuflen > MAX_RBUF_READ) {
        -:  426:        le->be_rbuflen = MAX_RBUF_READ;
        -:  427:    }
        -:  428:
        -:  429:    char *data = le->data;
        -:  430:    memcpy(data, errmsg, le->errlen);
        -:  431:    data += le->errlen;
        -:  432:    memcpy(data, be_name, le->be_namelen);
        -:  433:    data += le->be_namelen;
        -:  434:    memcpy(data, be_port, le->be_portlen);
        -:  435:    data += le->be_portlen;
        -:  436:    memcpy(data, be_rbuf, le->be_rbuflen);
        -:  437:    data += le->be_rbuflen;
        -:  438:
        -:  439:    e->size = sizeof(struct logentry_proxy_errbe) + (data - le->data);
        -:  440:}
        -:  441:
        -:  442:static int _logger_parse_prx_errbe(logentry *e, char *scratch) {
        -:  443:    int total;
        -:  444:    char rbuf[MAX_RBUF_READ * 3]; // x 3 for worst case URI encoding.
        -:  445:    struct logentry_proxy_errbe *le = (void *)e->data;
        -:  446:    char *data = le->data;
        -:  447:    char *errmsg = data;
        -:  448:    data += le->errlen;
        -:  449:    char *be_name = data;
        -:  450:    data += le->be_namelen;
        -:  451:    char *be_port = data;
        -:  452:    data += le->be_portlen;
        -:  453:    char *be_rbuf = data;
        -:  454:
        -:  455:    uriencode(be_rbuf, rbuf, le->be_rbuflen, MAX_RBUF_READ * 3);
        -:  456:    total = snprintf(scratch, LOGGER_PARSE_SCRATCH,
        -:  457:            "ts=%lld.%d gid=%llu type=proxy_backend error=%.*s name=%.*s port=%.*s depth=%d rbuf=%s\n",
        -:  458:            (long long int)e->tv.tv_sec, (int)e->tv.tv_usec, (unsigned long long) e->gid,
        -:  459:            (int)le->errlen, errmsg, (int)le->be_namelen, be_name,
        -:  460:            (int)le->be_portlen, be_port, le->be_depth, rbuf);
        -:  461:
        -:  462:    return total;
        -:  463:}
        -:  464:#endif
        -:  465:
        -:  466:/* Should this go somewhere else? */
        -:  467:static const entry_details default_entries[] = {
        -:  468:    [LOGGER_ASCII_CMD] = {512, LOG_RAWCMDS, _logger_log_text, _logger_parse_text, "<%d %s"},
        -:  469:    [LOGGER_EVICTION] = {512, LOG_EVICTIONS, _logger_log_evictions, _logger_parse_ee, NULL},
        -:  470:    [LOGGER_ITEM_GET] = {512, LOG_FETCHERS, _logger_log_item_get, _logger_parse_ige, NULL},
        -:  471:    [LOGGER_ITEM_STORE] = {512, LOG_MUTATIONS, _logger_log_item_store, _logger_parse_ise, NULL},
        -:  472:    [LOGGER_CRAWLER_STATUS] = {512, LOG_SYSEVENTS, _logger_log_text, _logger_parse_text,
        -:  473:        "type=lru_crawler crawler=%d lru=%s low_mark=%llu next_reclaims=%llu since_run=%u next_run=%d elapsed=%u examined=%llu reclaimed=%llu"
        -:  474:    },
        -:  475:    [LOGGER_SLAB_MOVE] = {512, LOG_SYSEVENTS, _logger_log_text, _logger_parse_text,
        -:  476:        "type=slab_move src=%d dst=%d"
        -:  477:    },
        -:  478:    [LOGGER_CONNECTION_NEW] = {512, LOG_CONNEVENTS, _logger_log_conn_event, _logger_parse_cne, NULL},
        -:  479:    [LOGGER_CONNECTION_CLOSE] = {512, LOG_CONNEVENTS, _logger_log_conn_event, _logger_parse_cce, NULL},
        -:  480:    [LOGGER_DELETIONS] = {512, LOG_DELETIONS, _logger_log_item_deleted, _logger_parse_ide, NULL},
        -:  481:#ifdef EXTSTORE
        -:  482:    [LOGGER_EXTSTORE_WRITE] = {512, LOG_EVICTIONS, _logger_log_ext_write, _logger_parse_extw, NULL},
        -:  483:    [LOGGER_COMPACT_START] = {512, LOG_SYSEVENTS, _logger_log_text, _logger_parse_text,
        -:  484:        "type=compact_start id=%lu version=%llu"
        -:  485:    },
        -:  486:    [LOGGER_COMPACT_ABORT] = {512, LOG_SYSEVENTS, _logger_log_text, _logger_parse_text,
        -:  487:        "type=compact_abort id=%lu"
        -:  488:    },
        -:  489:    [LOGGER_COMPACT_READ_START] = {512, LOG_SYSEVENTS, _logger_log_text, _logger_parse_text,
        -:  490:        "type=compact_read_start id=%lu offset=%llu"
        -:  491:    },
        -:  492:    [LOGGER_COMPACT_READ_END] = {512, LOG_SYSEVENTS, _logger_log_text, _logger_parse_text,
        -:  493:        "type=compact_read_end id=%lu offset=%llu rescues=%lu lost=%lu skipped=%lu"
        -:  494:    },
        -:  495:    [LOGGER_COMPACT_END] = {512, LOG_SYSEVENTS, _logger_log_text, _logger_parse_text,
        -:  496:        "type=compact_end id=%lu"
        -:  497:    },
        -:  498:    [LOGGER_COMPACT_FRAGINFO] = {512, LOG_SYSEVENTS, _logger_log_text, _logger_parse_text,
        -:  499:        "type=compact_fraginfo ratio=%.2f bytes=%lu"
        -:  500:    },
        -:  501:#endif
        -:  502:#ifdef PROXY
        -:  503:    [LOGGER_PROXY_CONFIG] = {512, LOG_PROXYEVENTS, _logger_log_text, _logger_parse_text,
        -:  504:        "type=proxy_conf status=%s"
        -:  505:    },
        -:  506:    [LOGGER_PROXY_REQ] = {1024, LOG_PROXYREQS, _logger_log_proxy_req, _logger_parse_prx_req, NULL},
        -:  507:    [LOGGER_PROXY_ERROR] = {512, LOG_PROXYEVENTS, _logger_log_text, _logger_parse_text,
        -:  508:        "type=proxy_error msg=%s"
        -:  509:    },
        -:  510:    [LOGGER_PROXY_USER] = {512, LOG_PROXYUSER, _logger_log_text, _logger_parse_text,
        -:  511:        "type=proxy_user msg=%s"
        -:  512:    },
        -:  513:    [LOGGER_PROXY_BE_ERROR] = {512, LOG_PROXYEVENTS, _logger_log_proxy_errbe, _logger_parse_prx_errbe,
        -:  514:        NULL
        -:  515:    },
        -:  516:
        -:  517:#endif
        -:  518:};
        -:  519:
        -:  520:/*************************
        -:  521: * Util functions shared between bg thread and workers
        -:  522: *************************/
        -:  523:
        -:  524:/* Logger GID's can be used by watchers to put logs back into strict order
        -:  525: */
        -:  526:static uint64_t logger_gid = 0;
    82194:  527:uint64_t logger_get_gid(void) {
        -:  528:#ifdef HAVE_GCC_64ATOMICS
    82194:  529:    return __sync_add_and_fetch(&logger_gid, 1);
        -:  530:#elif defined(__sun)
        -:  531:    return atomic_inc_64_nv(&logger_gid);
        -:  532:#else
        -:  533:    mutex_lock(&logger_atomics_mutex);
        -:  534:    uint64_t res = ++logger_gid;
        -:  535:    mutex_unlock(&logger_atomics_mutex);
        -:  536:    return res;
        -:  537:#endif
        -:  538:}
        -:  539:
        1:  540:void logger_set_gid(uint64_t gid) {
        -:  541:#ifdef HAVE_GCC_64ATOMICS
        1:  542:    __sync_add_and_fetch(&logger_gid, gid);
        -:  543:#elif defined(__sun)
        -:  544:    atomic_add_64(&logger_gid);
        -:  545:#else
        -:  546:    mutex_lock(&logger_atomics_mutex);
        -:  547:    logger_gid = gid;
        -:  548:    mutex_unlock(&logger_atomics_mutex);
        -:  549:#endif
        1:  550:}
        -:  551:
        -:  552:/* TODO: genericize lists. would be nice to import queue.h if the impact is
        -:  553: * studied... otherwise can just write a local one.
        -:  554: */
        -:  555:/* Add to the list of threads with a logger object */
      618:  556:static void logger_link_q(logger *l) {
      618:  557:    pthread_mutex_lock(&logger_stack_lock);
     618*:  558:    assert(l != logger_stack_head);
        -:  559:
      618:  560:    l->prev = 0;
      618:  561:    l->next = logger_stack_head;
      618:  562:    if (l->next) l->next->prev = l;
      618:  563:    logger_stack_head = l;
      618:  564:    if (logger_stack_tail == 0) logger_stack_tail = l;
      618:  565:    logger_count++;
      618:  566:    pthread_mutex_unlock(&logger_stack_lock);
      618:  567:    return;
        -:  568:}
        -:  569:
        -:  570:/* Remove from the list of threads with a logger object */
        -:  571:/*static void logger_unlink_q(logger *l) {
        -:  572:    pthread_mutex_lock(&logger_stack_lock);
        -:  573:    if (logger_stack_head == l) {
        -:  574:        assert(l->prev == 0);
        -:  575:        logger_stack_head = l->next;
        -:  576:    }
        -:  577:    if (logger_stack_tail == l) {
        -:  578:        assert(l->next == 0);
        -:  579:        logger_stack_tail = l->prev;
        -:  580:    }
        -:  581:    assert(l->next != l);
        -:  582:    assert(l->prev != l);
        -:  583:
        -:  584:    if (l->next) l->next->prev = l->prev;
        -:  585:    if (l->prev) l->prev->next = l->next;
        -:  586:    logger_count--;
        -:  587:    pthread_mutex_unlock(&logger_stack_lock);
        -:  588:    return;
        -:  589:}*/
        -:  590:
        -:  591:/* Called with logger stack locked.
        -:  592: * Iterates over every watcher collecting enabled flags.
        -:  593: */
       22:  594:static void logger_set_flags(void) {
       22:  595:    logger *l = NULL;
       22:  596:    int x = 0;
       22:  597:    uint16_t f = 0; /* logger eflags */
        -:  598:
      462:  599:    for (x = 0; x < WATCHER_LIMIT; x++) {
      440:  600:        logger_watcher *w = watchers[x];
      440:  601:        if (w == NULL)
      411:  602:            continue;
        -:  603:
       29:  604:        f |= w->eflags;
        -:  605:    }
      132:  606:    for (l = logger_stack_head; l != NULL; l=l->next) {
      110:  607:        pthread_mutex_lock(&l->mutex);
      110:  608:        l->eflags = f;
      110:  609:        pthread_mutex_unlock(&l->mutex);
        -:  610:    }
       22:  611:    return;
        -:  612:}
        -:  613:
        -:  614:/* Completes rendering of log line. */
    82182:  615:static enum logger_parse_entry_ret logger_thread_parse_entry(logentry *e, struct logger_stats *ls,
        -:  616:        char *scratch, int *scratch_len) {
    82182:  617:    int total = 0;
    82182:  618:    const entry_details *d = &default_entries[e->event];
   82182*:  619:    assert(d->parse_cb != NULL);
    82182:  620:    total = d->parse_cb(e, scratch);
        -:  621:
    82182:  622:    if (total >= LOGGER_PARSE_SCRATCH || total <= 0) {
        -:  623:        L_DEBUG("LOGGER: Failed to flatten log entry!\n");
        -:  624:        return LOGGER_PARSE_ENTRY_FAILED;
        -:  625:    } else {
    82182:  626:        *scratch_len = total;
        -:  627:    }
        -:  628:
    82182:  629:    return LOGGER_PARSE_ENTRY_OK;
        -:  630:}
        -:  631:
        -:  632:/* Writes flattened entry to available watchers */
    82182:  633:static void logger_thread_write_entry(logentry *e, struct logger_stats *ls,
        -:  634:        char *scratch, int scratch_len) {
    82182:  635:    int x, total;
        -:  636:    /* Write the line into available watchers with matching flags */
  1725822:  637:    for (x = 0; x < WATCHER_LIMIT; x++) {
  1643640:  638:        logger_watcher *w = watchers[x];
  1643640:  639:        char *skip_scr = NULL;
  1643640:  640:        if (w == NULL || (e->eflags & w->eflags) == 0 || (e->gid < w->min_gid))
  1561455:  641:            continue;
        -:  642:
        -:  643:         /* Avoid poll()'ing constantly when buffer is full by resetting a
        -:  644:         * flag periodically.
        -:  645:         */
    87961:  646:        while (!w->failed_flush &&
     6547:  647:                (skip_scr = (char *) bipbuf_request(w->buf, scratch_len + 128)) == NULL) {
     5776:  648:            if (logger_thread_poll_watchers(0, x) <= 0) {
     5766:  649:                L_DEBUG("LOGGER: Watcher had no free space for line of size (%d)\n", scratch_len + 128);
     5766:  650:                w->failed_flush = true;
        -:  651:            }
        -:  652:        }
        -:  653:
    82185:  654:        if (w->failed_flush) {
    81414:  655:            L_DEBUG("LOGGER: Fast skipped for watcher [%d] due to failed_flush\n", w->sfd);
    81414:  656:            w->skipped++;
    81414:  657:            ls->watcher_skipped++;
    81414:  658:            continue;
        -:  659:        }
        -:  660:
      771:  661:        if (w->skipped > 0) {
        1:  662:            total = snprintf(skip_scr, 128, "skipped=%llu\n", (unsigned long long) w->skipped);
       1*:  663:            if (total >= 128 || total <= 0) {
    #####:  664:                L_DEBUG("LOGGER: Failed to flatten skipped message into watcher [%d]\n", w->sfd);
    #####:  665:                w->skipped++;
    #####:  666:                ls->watcher_skipped++;
    #####:  667:                continue;
        -:  668:            }
        1:  669:            bipbuf_push(w->buf, total);
        1:  670:            w->skipped = 0;
        -:  671:        }
        -:  672:        /* Can't fail because bipbuf_request succeeded. */
      771:  673:        bipbuf_offer(w->buf, (unsigned char *) scratch, scratch_len);
      771:  674:        ls->watcher_sent++;
        -:  675:    }
    82182:  676:}
        -:  677:
        -:  678:/* Called with logger stack locked.
        -:  679: * Releases every chunk associated with a watcher and closes the connection.
        -:  680: * We can't presently send a connection back to the worker for further
        -:  681: * processing.
        -:  682: */
       11:  683:static void logger_thread_close_watcher(logger_watcher *w) {
       11:  684:    L_DEBUG("LOGGER: Closing dead watcher\n");
       11:  685:    watchers[w->id] = NULL;
       11:  686:    sidethread_conn_close(w->c);
       11:  687:    watcher_count--;
       11:  688:    bipbuf_free(w->buf);
       11:  689:    free(w);
       11:  690:    logger_set_flags();
       11:  691:}
        -:  692:
        -:  693:/* Reads a particular worker thread's available bipbuf bytes. Parses each log
        -:  694: * entry into the watcher buffers.
        -:  695: */
    39200:  696:static int logger_thread_read(logger *l, struct logger_stats *ls) {
    39200:  697:    unsigned int size;
    39200:  698:    unsigned int pos = 0;
    39200:  699:    unsigned char *data;
    39200:  700:    char scratch[LOGGER_PARSE_SCRATCH];
    39200:  701:    logentry *e;
    39200:  702:    pthread_mutex_lock(&l->mutex);
    39200:  703:    data = bipbuf_peek_all(l->buf, &size);
    39200:  704:    pthread_mutex_unlock(&l->mutex);
        -:  705:
    39200:  706:    if (data == NULL) {
        -:  707:        return 0;
        -:  708:    }
        -:  709:    L_DEBUG("LOGGER: Got %d bytes from bipbuffer\n", size);
        -:  710:
        -:  711:    /* parse buffer */
    87969:  712:    while (pos < size && watcher_count > 0) {
    82182:  713:        enum logger_parse_entry_ret ret;
    82182:  714:        int scratch_len = 0;
    82182:  715:        e = (logentry *) (data + pos);
    82182:  716:        ret = logger_thread_parse_entry(e, ls, scratch, &scratch_len);
    82182:  717:        if (ret != LOGGER_PARSE_ENTRY_OK) {
        -:  718:            /* TODO: stats counter */
    #####:  719:            fprintf(stderr, "LOGGER: Failed to parse log entry\n");
        -:  720:        } else {
    82182:  721:            logger_thread_write_entry(e, ls, scratch, scratch_len);
        -:  722:        }
    82182:  723:        pos += sizeof(logentry) + e->size + e->pad;
        -:  724:    }
    5787*:  725:    assert(pos <= size);
        -:  726:
     5787:  727:    pthread_mutex_lock(&l->mutex);
     5787:  728:    data = bipbuf_poll(l->buf, size);
     5787:  729:    ls->worker_written += l->written;
     5787:  730:    ls->worker_dropped += l->dropped;
     5787:  731:    l->written = 0;
     5787:  732:    l->dropped = 0;
     5787:  733:    pthread_mutex_unlock(&l->mutex);
     5787:  734:    if (data == NULL) {
    #####:  735:        fprintf(stderr, "LOGGER: unexpectedly couldn't advance buf pointer\n");
    #####:  736:        assert(0);
        -:  737:    }
     5787:  738:    return size; /* maybe the count of objects iterated? */
        -:  739:}
        -:  740:
        -:  741:/* Since the event loop code isn't reusable without a refactor, and we have a
        -:  742: * limited number of potential watchers, we run our own poll loop.
        -:  743: * This calls poll() unnecessarily during write flushes, should be possible to
        -:  744: * micro-optimize later.
        -:  745: *
        -:  746: * This flushes buffers attached to watchers, iterating through the bytes set
        -:  747: * to each worker. Also checks for readability in case client connection was
        -:  748: * closed.
        -:  749: *
        -:  750: * Allows a specific watcher to be flushed (if buf full)
        -:  751: */
    13616:  752:static int logger_thread_poll_watchers(int force_poll, int watcher) {
    13616:  753:    int x;
    13616:  754:    int nfd = 0;
    13616:  755:    unsigned char *data;
    13616:  756:    unsigned int data_size = 0;
    13616:  757:    int flushed = 0;
        -:  758:
   285936:  759:    for (x = 0; x < WATCHER_LIMIT; x++) {
   272320:  760:        logger_watcher *w = watchers[x];
   272320:  761:        if (w == NULL || (watcher != WATCHER_ALL && x != watcher))
   258662:  762:            continue;
        -:  763:
    13658:  764:        data = bipbuf_peek_all(w->buf, &data_size);
    13658:  765:        if (data != NULL) {
    13546:  766:            watchers_pollfds[nfd].fd = w->sfd;
    13546:  767:            watchers_pollfds[nfd].events = POLLOUT;
    13546:  768:            nfd++;
      112:  769:        } else if (force_poll) {
      112:  770:            watchers_pollfds[nfd].fd = w->sfd;
      112:  771:            watchers_pollfds[nfd].events = POLLIN;
      112:  772:            nfd++;
        -:  773:        }
        -:  774:        /* This gets set after a call to poll, and should be used to gate on
        -:  775:         * calling poll again.
        -:  776:         */
    13658:  777:        w->failed_flush = false;
        -:  778:    }
        -:  779:
    13616:  780:    if (nfd == 0)
        -:  781:        return 0;
        -:  782:
        -:  783:    //L_DEBUG("LOGGER: calling poll() [data_size: %d]\n", data_size);
    13614:  784:    int ret = poll(watchers_pollfds, nfd, 0);
        -:  785:
    13614:  786:    if (ret < 0) {
    #####:  787:        perror("something failed with logger thread watcher fd polling");
    #####:  788:        return -1;
        -:  789:    }
        -:  790:
        -:  791:    nfd = 0;
   285894:  792:    for (x = 0; x < WATCHER_LIMIT; x++) {
   272280:  793:        logger_watcher *w = watchers[x];
   272280:  794:        if (w == NULL || (watcher != WATCHER_ALL && x != watcher))
   258622:  795:            continue;
        -:  796:
    13658:  797:        data_size = 0;
        -:  798:        /* Early detection of a disconnect. Otherwise we have to wait until
        -:  799:         * the next write
        -:  800:         */
    13658:  801:        if (watchers_pollfds[nfd].revents & POLLIN) {
        9:  802:            char buf[1];
        9:  803:            int res = ((conn*)w->c)->read(w->c, buf, 1);
        9:  804:            if (res == 0 || (res == -1 && (errno != EAGAIN && errno != EWOULDBLOCK))) {
        9:  805:                L_DEBUG("LOGGER: watcher closed remotely\n");
        9:  806:                logger_thread_close_watcher(w);
        9:  807:                nfd++;
        9:  808:                continue;
        -:  809:            }
        -:  810:        }
    13649:  811:        if ((data = bipbuf_peek_all(w->buf, &data_size)) != NULL) {
    13546:  812:            if (watchers_pollfds[nfd].revents & (POLLHUP|POLLERR)) {
        2:  813:                L_DEBUG("LOGGER: watcher closed during poll() call\n");
        2:  814:                logger_thread_close_watcher(w);
    13544:  815:            } else if (watchers_pollfds[nfd].revents & POLLOUT) {
       47:  816:                int total = 0;
        -:  817:
        -:  818:                /* We can write a bit. */
       47:  819:                switch (w->t) {
    #####:  820:                    case LOGGER_WATCHER_STDERR:
    #####:  821:                        total = fwrite(data, 1, data_size, stderr);
    #####:  822:                        break;
       47:  823:                    case LOGGER_WATCHER_CLIENT:
       47:  824:                        total = ((conn*)w->c)->write(w->c, data, data_size);
       47:  825:                        break;
        -:  826:                }
        -:  827:
        -:  828:                L_DEBUG("LOGGER: poll() wrote %d to %d (data_size: %d) (bipbuf_used: %d)\n", total, w->sfd,
       47:  829:                        data_size, bipbuf_used(w->buf));
       47:  830:                if (total == -1) {
    #####:  831:                    if (errno != EAGAIN && errno != EWOULDBLOCK) {
    #####:  832:                        logger_thread_close_watcher(w);
        -:  833:                    }
        -:  834:                    L_DEBUG("LOGGER: watcher hit EAGAIN\n");
       47:  835:                } else if (total == 0) {
    #####:  836:                    logger_thread_close_watcher(w);
        -:  837:                } else {
       47:  838:                    bipbuf_poll(w->buf, total);
       47:  839:                    flushed += total;
        -:  840:                }
        -:  841:            }
        -:  842:        }
    13649:  843:        nfd++;
        -:  844:    }
        -:  845:    return flushed;
        -:  846:}
        -:  847:
     7840:  848:static void logger_thread_flush_stats(struct logger_stats *ls) {
     7840:  849:    STATS_LOCK();
     7840:  850:    stats.log_worker_dropped  += ls->worker_dropped;
     7840:  851:    stats.log_worker_written  += ls->worker_written;
     7840:  852:    stats.log_watcher_skipped += ls->watcher_skipped;
     7840:  853:    stats.log_watcher_sent    += ls->watcher_sent;
     7840:  854:    stats_state.log_watchers   = ls->watcher_count;
     7840:  855:    STATS_UNLOCK();
     7840:  856:}
        -:  857:
        -:  858:#define MAX_LOGGER_SLEEP 1000000
        -:  859:#define MIN_LOGGER_SLEEP 1000
        -:  860:
        -:  861:/* Primary logger thread routine */
      117:  862:static void *logger_thread(void *arg) {
      117:  863:    useconds_t to_sleep = MIN_LOGGER_SLEEP;
      117:  864:    L_DEBUG("LOGGER: Starting logger thread\n");
        -:  865:    // TODO: If we ever have item references in the logger code, will need to
        -:  866:    // ensure everything is dequeued before stopping the thread.
     7957:  867:    while (do_run_logger_thread) {
     7955:  868:        int found_logs = 0;
     7955:  869:        logger *l;
     7955:  870:        struct logger_stats ls;
     7955:  871:        memset(&ls, 0, sizeof(struct logger_stats));
        -:  872:
        -:  873:        /* only sleep if we're *above* the minimum */
     7955:  874:        if (to_sleep > MIN_LOGGER_SLEEP)
     2061:  875:            usleep(to_sleep);
        -:  876:
        -:  877:        /* Call function to iterate each logger. */
     7955:  878:        pthread_mutex_lock(&logger_stack_lock);
     7955:  879:        if (watcher_count == 0) {
        -:  880:            // Not bothering to loop on the condition here since it's fine to
        -:  881:            // walk through with zero watchers.
      122:  882:            pthread_cond_wait(&logger_stack_cond, &logger_stack_lock);
        -:  883:        }
    47040:  884:        for (l = logger_stack_head; l != NULL; l=l->next) {
        -:  885:            /* lock logger, call function to manipulate it */
    39200:  886:            found_logs += logger_thread_read(l, &ls);
        -:  887:        }
        -:  888:
     7840:  889:        logger_thread_poll_watchers(1, WATCHER_ALL);
        -:  890:
        -:  891:        /* capture the current count within mutual exclusion of the lock */
     7840:  892:        ls.watcher_count = watcher_count;
        -:  893:
     7840:  894:        pthread_mutex_unlock(&logger_stack_lock);
        -:  895:
        -:  896:        /* TODO: abstract into a function and share with lru_crawler */
     7840:  897:        if (!found_logs) {
     2053:  898:            if (to_sleep < MAX_LOGGER_SLEEP)
     2053:  899:                to_sleep += to_sleep / 8;
     2053:  900:            if (to_sleep > MAX_LOGGER_SLEEP)
        -:  901:                to_sleep = MAX_LOGGER_SLEEP;
        -:  902:        } else {
     5787:  903:            to_sleep /= 2;
     5787:  904:            if (to_sleep < MIN_LOGGER_SLEEP)
     5777:  905:                to_sleep = MIN_LOGGER_SLEEP;
        -:  906:        }
     7840:  907:        logger_thread_flush_stats(&ls);
        -:  908:    }
        -:  909:
        2:  910:    return NULL;
        -:  911:}
        -:  912:
      117:  913:static int start_logger_thread(void) {
      117:  914:    int ret;
      117:  915:    do_run_logger_thread = 1;
      117:  916:    if ((ret = pthread_create(&logger_tid, NULL,
        -:  917:                              logger_thread, NULL)) != 0) {
    #####:  918:        fprintf(stderr, "Can't start logger thread: %s\n", strerror(ret));
    #####:  919:        return -1;
        -:  920:    }
      117:  921:    thread_setname(logger_tid, "mc-log");
      117:  922:    return 0;
        -:  923:}
        -:  924:
        2:  925:static int stop_logger_thread(void) {
        -:  926:    // Guarantees that the logger thread is waiting on 'logger_stack_cond'
        -:  927:    // before we signal it.
        2:  928:    pthread_mutex_lock(&logger_stack_lock);
        2:  929:    do_run_logger_thread = 0;
        2:  930:    pthread_cond_signal(&logger_stack_cond);
        2:  931:    pthread_mutex_unlock(&logger_stack_lock);
        2:  932:    pthread_join(logger_tid, NULL);
        2:  933:    return 0;
        -:  934:}
        -:  935:
        -:  936:/*************************
        -:  937: * Public functions for submitting logs and starting loggers from workers.
        -:  938: *************************/
        -:  939:
        -:  940:/* Global logger thread start/init */
      117:  941:void logger_init(void) {
        -:  942:    /* TODO: auto destructor when threads exit */
        -:  943:    /* TODO: error handling */
        -:  944:
        -:  945:    /* init stack for iterating loggers */
      117:  946:    logger_stack_head = 0;
      117:  947:    logger_stack_tail = 0;
      117:  948:    pthread_key_create(&logger_key, NULL);
        -:  949:
      117:  950:    if (start_logger_thread() != 0) {
    #####:  951:        abort();
        -:  952:    }
        -:  953:
        -:  954:    /* This is what adding a STDERR watcher looks like. should replace old
        -:  955:     * "verbose" settings. */
        -:  956:    //logger_add_watcher(NULL, 0);
      117:  957:    return;
        -:  958:}
        -:  959:
        2:  960:void logger_stop(void) {
        2:  961:    stop_logger_thread();
        2:  962:}
        -:  963:
        -:  964:/* called *from* the thread using a logger.
        -:  965: * initializes the per-thread bipbuf, links it into the list of loggers
        -:  966: */
      618:  967:logger *logger_create(void) {
      618:  968:    L_DEBUG("LOGGER: Creating and linking new logger instance\n");
      618:  969:    logger *l = calloc(1, sizeof(logger));
      618:  970:    if (l == NULL) {
        -:  971:        return NULL;
        -:  972:    }
        -:  973:
      618:  974:    l->buf = bipbuf_new(settings.logger_buf_size);
      618:  975:    if (l->buf == NULL) {
    #####:  976:        free(l);
    #####:  977:        return NULL;
        -:  978:    }
        -:  979:
      618:  980:    l->entry_map = default_entries;
        -:  981:
      618:  982:    pthread_mutex_init(&l->mutex, NULL);
      618:  983:    pthread_setspecific(logger_key, l);
        -:  984:
        -:  985:    /* add to list of loggers */
      618:  986:    logger_link_q(l);
      618:  987:    return l;
        -:  988:}
        -:  989:
        -:  990:/* Public function for logging an entry.
        -:  991: * Tries to encapsulate as much of the formatting as possible to simplify the
        -:  992: * caller's code.
        -:  993: */
    88032:  994:enum logger_ret_type logger_log(logger *l, const enum log_entry_type event, const void *entry, ...) {
    88032:  995:    bipbuf_t *buf = l->buf;
    88032:  996:    bool nospace = false;
    88032:  997:    va_list ap;
    88032:  998:    logentry *e;
        -:  999:
    88032: 1000:    const entry_details *d = &l->entry_map[event];
    88032: 1001:    int reqlen = d->reqlen;
        -: 1002:
    88032: 1003:    pthread_mutex_lock(&l->mutex);
        -: 1004:    /* Request a maximum length of data to write to */
    88032: 1005:    e = (logentry *) bipbuf_request(buf, (sizeof(logentry) + reqlen));
    88032: 1006:    if (e == NULL) {
     5850: 1007:        l->dropped++;
     5850: 1008:        pthread_mutex_unlock(&l->mutex);
     5850: 1009:        return LOGGER_RET_NOSPACE;
        -: 1010:    }
    82182: 1011:    e->event = event;
    82182: 1012:    e->pad = 0;
    82182: 1013:    e->gid = logger_get_gid();
        -: 1014:    /* TODO: Could pass this down as an argument now that we're using
        -: 1015:     * LOGGER_LOG() macro.
        -: 1016:     */
    82182: 1017:    e->eflags = d->eflags;
        -: 1018:    /* Noting time isn't optional. A feature may be added to avoid rendering
        -: 1019:     * time and/or gid to a logger.
        -: 1020:     */
    82182: 1021:    gettimeofday(&e->tv, NULL);
        -: 1022:
    82182: 1023:    va_start(ap, entry);
    82182: 1024:    d->log_cb(e, d, entry, ap);
    82182: 1025:    va_end(ap);
        -: 1026:
        -: 1027:#ifdef NEED_ALIGN
        -: 1028:    /* Need to ensure *next* request is aligned. */
        -: 1029:    if (sizeof(logentry) + e->size % 8 != 0) {
        -: 1030:        e->pad = 8 - (sizeof(logentry) + e->size % 8);
        -: 1031:    }
        -: 1032:#endif
        -: 1033:
        -: 1034:    /* Push pointer forward by the actual amount required */
    82182: 1035:    if (bipbuf_push(buf, (sizeof(logentry) + e->size + e->pad)) == 0) {
    #####: 1036:        fprintf(stderr, "LOGGER: Failed to bipbuf push a text entry\n");
    #####: 1037:        pthread_mutex_unlock(&l->mutex);
    #####: 1038:        return LOGGER_RET_ERR;
        -: 1039:    }
    82182: 1040:    l->written++;
        -: 1041:    L_DEBUG("LOGGER: Requested %d bytes, wrote %lu bytes\n", reqlen,
    82182: 1042:            (sizeof(logentry) + e->size));
        -: 1043:
    82182: 1044:    pthread_mutex_unlock(&l->mutex);
        -: 1045:
    82182: 1046:    if (nospace) {
        -: 1047:        return LOGGER_RET_NOSPACE;
        -: 1048:    } else {
    82182: 1049:        return LOGGER_RET_OK;
        -: 1050:    }
        -: 1051:}
        -: 1052:
        -: 1053:/* Passes a client connection socket from a primary worker thread to the
        -: 1054: * logger thread. Caller *must* event_del() the client before handing it over.
        -: 1055: * Presently there's no way to hand the client back to the worker thread.
        -: 1056: */
       11: 1057:enum logger_add_watcher_ret logger_add_watcher(void *c, const int sfd, uint16_t f) {
       11: 1058:    int x;
       11: 1059:    logger_watcher *w = NULL;
       11: 1060:    pthread_mutex_lock(&logger_stack_lock);
       11: 1061:    if (watcher_count >= WATCHER_LIMIT) {
    #####: 1062:        pthread_mutex_unlock(&logger_stack_lock);
    #####: 1063:        return LOGGER_ADD_WATCHER_TOO_MANY;
        -: 1064:    }
        -: 1065:
       20: 1066:    for (x = 0; x < WATCHER_LIMIT-1; x++) {
       20: 1067:        if (watchers[x] == NULL)
        -: 1068:            break;
        -: 1069:    }
        -: 1070:
       11: 1071:    w = calloc(1, sizeof(logger_watcher));
       11: 1072:    if (w == NULL) {
    #####: 1073:        pthread_mutex_unlock(&logger_stack_lock);
    #####: 1074:        return LOGGER_ADD_WATCHER_FAILED;
        -: 1075:    }
       11: 1076:    w->c = c;
       11: 1077:    w->sfd = sfd;
       11: 1078:    if (sfd == 0 && c == NULL) {
    #####: 1079:        w->t = LOGGER_WATCHER_STDERR;
        -: 1080:    } else {
       11: 1081:        w->t = LOGGER_WATCHER_CLIENT;
        -: 1082:    }
       11: 1083:    w->id = x;
       11: 1084:    w->eflags = f;
       11: 1085:    w->min_gid = logger_get_gid();
       11: 1086:    w->buf = bipbuf_new(settings.logger_watcher_buf_size);
       11: 1087:    if (w->buf == NULL) {
    #####: 1088:        free(w);
    #####: 1089:        pthread_mutex_unlock(&logger_stack_lock);
    #####: 1090:        return LOGGER_ADD_WATCHER_FAILED;
        -: 1091:    }
       11: 1092:    bipbuf_offer(w->buf, (unsigned char *) "OK\r\n", 4);
        -: 1093:
       11: 1094:    watchers[x] = w;
       11: 1095:    watcher_count++;
        -: 1096:    /* Update what flags the global logs will watch */
       11: 1097:    logger_set_flags();
       11: 1098:    pthread_cond_signal(&logger_stack_cond);
        -: 1099:
       11: 1100:    pthread_mutex_unlock(&logger_stack_lock);
       11: 1101:    return LOGGER_ADD_WATCHER_OK;
        -: 1102:}
