        -:    0:Source:memcached.c
        -:    0:Graph:memcached.gcno
        -:    0:Data:memcached.gcda
        -:    0:Runs:414
        -:    1:/* -*- Mode: C; tab-width: 4; c-basic-offset: 4; indent-tabs-mode: nil -*- */
        -:    2:/*
        -:    3: *  memcached - memory caching daemon
        -:    4: *
        -:    5: *       https://www.memcached.org/
        -:    6: *
        -:    7: *  Copyright 2003 Danga Interactive, Inc.  All rights reserved.
        -:    8: *
        -:    9: *  Use and distribution licensed under the BSD license.  See
        -:   10: *  the LICENSE file for full text.
        -:   11: *
        -:   12: *  Authors:
        -:   13: *      Anatoly Vorobey <mellon@pobox.com>
        -:   14: *      Brad Fitzpatrick <brad@danga.com>
        -:   15: */
        -:   16:#include "memcached.h"
        -:   17:#include "storage.h"
        -:   18:#include "authfile.h"
        -:   19:#include "restart.h"
        -:   20:#include <sys/stat.h>
        -:   21:#include <sys/socket.h>
        -:   22:#include <sys/un.h>
        -:   23:#include <signal.h>
        -:   24:#include <sys/param.h>
        -:   25:#include <sys/resource.h>
        -:   26:#include <sys/uio.h>
        -:   27:#include <ctype.h>
        -:   28:#include <stdarg.h>
        -:   29:
        -:   30:/* some POSIX systems need the following definition
        -:   31: * to get mlockall flags out of sys/mman.h.  */
        -:   32:#ifndef _P1003_1B_VISIBLE
        -:   33:#define _P1003_1B_VISIBLE
        -:   34:#endif
        -:   35:#include <pwd.h>
        -:   36:#include <sys/mman.h>
        -:   37:#include <fcntl.h>
        -:   38:#include <netinet/tcp.h>
        -:   39:#include <arpa/inet.h>
        -:   40:#include <errno.h>
        -:   41:#include <stdlib.h>
        -:   42:#include <stdio.h>
        -:   43:#include <string.h>
        -:   44:#include <time.h>
        -:   45:#include <assert.h>
        -:   46:#include <sysexits.h>
        -:   47:#include <stddef.h>
        -:   48:
        -:   49:#ifdef HAVE_GETOPT_LONG
        -:   50:#include <getopt.h>
        -:   51:#endif
        -:   52:
        -:   53:#ifdef TLS
        -:   54:#include "tls.h"
        -:   55:#endif
        -:   56:
        -:   57:#include "proto_text.h"
        -:   58:#include "proto_bin.h"
        -:   59:#include "proto_proxy.h"
        -:   60:
        -:   61:#if defined(__FreeBSD__)
        -:   62:#include <sys/sysctl.h>
        -:   63:#endif
        -:   64:
        -:   65:/*
        -:   66: * forward declarations
        -:   67: */
        -:   68:static void drive_machine(conn *c);
        -:   69:static int new_socket(struct addrinfo *ai);
        -:   70:static ssize_t tcp_read(conn *arg, void *buf, size_t count);
        -:   71:static ssize_t tcp_sendmsg(conn *arg, struct msghdr *msg, int flags);
        -:   72:static ssize_t tcp_write(conn *arg, void *buf, size_t count);
        -:   73:
        -:   74:enum try_read_result {
        -:   75:    READ_DATA_RECEIVED,
        -:   76:    READ_NO_DATA_RECEIVED,
        -:   77:    READ_ERROR,            /** an error occurred (on the socket) (or client closed connection) */
        -:   78:    READ_MEMORY_ERROR      /** failed to allocate more memory */
        -:   79:};
        -:   80:
        -:   81:static int try_read_command_negotiate(conn *c);
        -:   82:static int try_read_command_udp(conn *c);
        -:   83:
        -:   84:static enum try_read_result try_read_network(conn *c);
        -:   85:static enum try_read_result try_read_udp(conn *c);
        -:   86:
        -:   87:static int start_conn_timeout_thread(void);
        -:   88:
        -:   89:/* stats */
        -:   90:static void stats_init(void);
        -:   91:static void conn_to_str(const conn *c, char *addr, char *svr_addr);
        -:   92:
        -:   93:/* defaults */
        -:   94:static void settings_init(void);
        -:   95:
        -:   96:/* event handling, network IO */
        -:   97:static void event_handler(const evutil_socket_t fd, const short which, void *arg);
        -:   98:static void conn_close(conn *c);
        -:   99:static void conn_init(void);
        -:  100:static bool update_event(conn *c, const int new_flags);
        -:  101:static void complete_nread(conn *c);
        -:  102:
        -:  103:static void conn_free(conn *c);
        -:  104:
        -:  105:/** exported globals **/
        -:  106:struct stats stats;
        -:  107:struct stats_state stats_state;
        -:  108:struct settings settings;
        -:  109:time_t process_started;     /* when the process was started */
        -:  110:conn **conns;
        -:  111:
        -:  112:struct slab_rebalance slab_rebal;
        -:  113:volatile int slab_rebalance_signal;
        -:  114:#ifdef EXTSTORE
        -:  115:/* hoping this is temporary; I'd prefer to cut globals, but will complete this
        -:  116: * battle another day.
        -:  117: */
        -:  118:void *ext_storage = NULL;
        -:  119:#endif
        -:  120:/** file scope variables **/
        -:  121:static conn *listen_conn = NULL;
        -:  122:static int max_fds;
        -:  123:static struct event_base *main_base;
        -:  124:
        -:  125:enum transmit_result {
        -:  126:    TRANSMIT_COMPLETE,   /** All done writing. */
        -:  127:    TRANSMIT_INCOMPLETE, /** More data remaining to write. */
        -:  128:    TRANSMIT_SOFT_ERROR, /** Can't write any more right now. */
        -:  129:    TRANSMIT_HARD_ERROR  /** Can't write (c->state is set to conn_closing) */
        -:  130:};
        -:  131:
        -:  132:/* Default methods to read from/ write to a socket */
   595470:  133:ssize_t tcp_read(conn *c, void *buf, size_t count) {
  595470*:  134:    assert (c != NULL);
   595470:  135:    return read(c->sfd, buf, count);
        -:  136:}
        -:  137:
   415294:  138:ssize_t tcp_sendmsg(conn *c, struct msghdr *msg, int flags) {
  415294*:  139:    assert (c != NULL);
   415294:  140:    return sendmsg(c->sfd, msg, flags);
        -:  141:}
        -:  142:
     4046:  143:ssize_t tcp_write(conn *c, void *buf, size_t count) {
    4046*:  144:    assert (c != NULL);
     4046:  145:    return write(c->sfd, buf, count);
        -:  146:}
        -:  147:
        -:  148:static enum transmit_result transmit(conn *c);
        -:  149:
        -:  150:/* This reduces the latency without adding lots of extra wiring to be able to
        -:  151: * notify the listener thread of when to listen again.
        -:  152: * Also, the clock timer could be broken out into its own thread and we
        -:  153: * can block the listener via a condition.
        -:  154: */
        -:  155:static volatile bool allow_new_conns = true;
        -:  156:static int stop_main_loop = NOT_STOP;
        -:  157:static struct event maxconnsevent;
    #####:  158:static void maxconns_handler(const evutil_socket_t fd, const short which, void *arg) {
    #####:  159:    struct timeval t = {.tv_sec = 0, .tv_usec = 10000};
        -:  160:
    #####:  161:    if (fd == -42 || allow_new_conns == false) {
        -:  162:        /* reschedule in 10ms if we need to keep polling */
    #####:  163:        evtimer_set(&maxconnsevent, maxconns_handler, 0);
    #####:  164:        event_base_set(main_base, &maxconnsevent);
    #####:  165:        evtimer_add(&maxconnsevent, &t);
        -:  166:    } else {
    #####:  167:        evtimer_del(&maxconnsevent);
    #####:  168:        accept_new_conns(true);
        -:  169:    }
    #####:  170:}
        -:  171:
        -:  172:/*
        -:  173: * given time value that's either unix time or delta from current unix time, return
        -:  174: * unix time. Use the fact that delta can't exceed one month (and real time value can't
        -:  175: * be that low).
        -:  176: */
   329411:  177:rel_time_t realtime(const time_t exptime) {
        -:  178:    /* no. of seconds in 30 days - largest possible delta exptime */
        -:  179:
   329411:  180:    if (exptime == 0) return 0; /* 0 means never expire */
        -:  181:
     1681:  182:    if (exptime > REALTIME_MAXDELTA) {
        -:  183:        /* if item expiration is at/before the server started, give it an
        -:  184:           expiration time of 1 second after the server started.
        -:  185:           (because 0 means don't expire).  without this, we'd
        -:  186:           underflow and wrap around to some large value way in the
        -:  187:           future, effectively making items expiring in the past
        -:  188:           really expiring never */
       13:  189:        if (exptime <= process_started)
        -:  190:            return (rel_time_t)1;
        8:  191:        return (rel_time_t)(exptime - process_started);
        -:  192:    } else {
     1668:  193:        return (rel_time_t)(exptime + current_time);
        -:  194:    }
        -:  195:}
        -:  196:
      117:  197:static void stats_init(void) {
      117:  198:    memset(&stats, 0, sizeof(struct stats));
      117:  199:    memset(&stats_state, 0, sizeof(struct stats_state));
      117:  200:    stats_state.accepting_conns = true; /* assuming we start in this state. */
        -:  201:
        -:  202:    /* make the time we started always be 2 seconds before we really
        -:  203:       did, so time(0) - time.started is never zero.  if so, things
        -:  204:       like 'settings.oldest_live' which act as booleans as well as
        -:  205:       values are now false in boolean context... */
      117:  206:    process_started = time(0) - ITEM_UPDATE_INTERVAL - 2;
      117:  207:    stats_prefix_init(settings.prefix_delimiter);
      117:  208:}
        -:  209:
        3:  210:void stats_reset(void) {
        3:  211:    STATS_LOCK();
        3:  212:    memset(&stats, 0, sizeof(struct stats));
        3:  213:    stats_prefix_clear();
        3:  214:    STATS_UNLOCK();
        3:  215:    threadlocal_stats_reset();
        3:  216:    item_stats_reset();
        3:  217:}
        -:  218:
      413:  219:static void settings_init(void) {
      413:  220:    settings.use_cas = true;
      413:  221:    settings.access = 0700;
      413:  222:    settings.port = 11211;
      413:  223:    settings.udpport = 0;
        -:  224:#ifdef TLS
        -:  225:    settings.ssl_enabled = false;
        -:  226:    settings.ssl_ctx = NULL;
        -:  227:    settings.ssl_chain_cert = NULL;
        -:  228:    settings.ssl_key = NULL;
        -:  229:    settings.ssl_verify_mode = SSL_VERIFY_NONE;
        -:  230:    settings.ssl_keyformat = SSL_FILETYPE_PEM;
        -:  231:    settings.ssl_ciphers = NULL;
        -:  232:    settings.ssl_ca_cert = NULL;
        -:  233:    settings.ssl_last_cert_refresh_time = current_time;
        -:  234:    settings.ssl_wbuf_size = 16 * 1024; // default is 16KB (SSL max frame size is 17KB)
        -:  235:    settings.ssl_session_cache = false;
        -:  236:    settings.ssl_kernel_tls = false;
        -:  237:    settings.ssl_min_version = TLS1_2_VERSION;
        -:  238:#endif
        -:  239:    /* By default this string should be NULL for getaddrinfo() */
      413:  240:    settings.inter = NULL;
      413:  241:    settings.maxbytes = 64 * 1024 * 1024; /* default is 64MB */
      413:  242:    settings.maxconns = 1024;         /* to limit connections-related memory to about 5MB */
      413:  243:    settings.verbose = 0;
      413:  244:    settings.oldest_live = 0;
      413:  245:    settings.oldest_cas = 0;          /* supplements accuracy of oldest_live */
      413:  246:    settings.evict_to_free = 1;       /* push old items out of cache when memory runs out */
      413:  247:    settings.socketpath = NULL;       /* by default, not using a unix socket */
      413:  248:    settings.auth_file = NULL;        /* by default, not using ASCII authentication tokens */
      413:  249:    settings.factor = 1.25;
      413:  250:    settings.chunk_size = 48;         /* space for a modest key and value */
      413:  251:    settings.num_threads = 4;         /* N workers */
      413:  252:    settings.num_threads_per_udp = 0;
      413:  253:    settings.prefix_delimiter = ':';
      413:  254:    settings.detail_enabled = 0;
      413:  255:    settings.reqs_per_event = 20;
      413:  256:    settings.backlog = 1024;
      413:  257:    settings.binding_protocol = negotiating_prot;
      413:  258:    settings.item_size_max = 1024 * 1024; /* The famous 1MB upper limit. */
      413:  259:    settings.slab_page_size = 1024 * 1024; /* chunks are split from 1MB pages. */
      413:  260:    settings.slab_chunk_size_max = settings.slab_page_size / 2;
      413:  261:    settings.sasl = false;
      413:  262:    settings.maxconns_fast = true;
      413:  263:    settings.lru_crawler = false;
      413:  264:    settings.lru_crawler_sleep = 100;
      413:  265:    settings.lru_crawler_tocrawl = 0;
      413:  266:    settings.lru_maintainer_thread = false;
      413:  267:    settings.lru_segmented = true;
      413:  268:    settings.hot_lru_pct = 20;
      413:  269:    settings.warm_lru_pct = 40;
      413:  270:    settings.hot_max_factor = 0.2;
      413:  271:    settings.warm_max_factor = 2.0;
      413:  272:    settings.temp_lru = false;
      413:  273:    settings.temporary_ttl = 61;
      413:  274:    settings.idle_timeout = 0; /* disabled */
      413:  275:    settings.hashpower_init = 0;
      413:  276:    settings.slab_reassign = true;
      413:  277:    settings.slab_automove = 1;
      413:  278:    settings.slab_automove_ratio = 0.8;
      413:  279:    settings.slab_automove_window = 30;
      413:  280:    settings.shutdown_command = false;
      413:  281:    settings.tail_repair_time = TAIL_REPAIR_TIME_DEFAULT;
      413:  282:    settings.flush_enabled = true;
      413:  283:    settings.dump_enabled = true;
      413:  284:    settings.crawls_persleep = 1000;
      413:  285:    settings.logger_watcher_buf_size = LOGGER_WATCHER_BUF_SIZE;
      413:  286:    settings.logger_buf_size = LOGGER_BUF_SIZE;
      413:  287:    settings.drop_privileges = false;
      413:  288:    settings.watch_enabled = true;
      413:  289:    settings.read_buf_mem_limit = 0;
        -:  290:#ifdef MEMCACHED_DEBUG
      413:  291:    settings.relaxed_privileges = false;
        -:  292:#endif
      413:  293:    settings.num_napi_ids = 0;
      413:  294:    settings.memory_file = NULL;
        -:  295:#ifdef SOCK_COOKIE_ID
      413:  296:    settings.sock_cookie_id = 0;
        -:  297:#endif
      413:  298:}
        -:  299:
        -:  300:extern pthread_mutex_t conn_lock;
        -:  301:
        -:  302:/* Connection timeout thread bits */
        -:  303:static pthread_t conn_timeout_tid;
        -:  304:static int do_run_conn_timeout_thread;
        -:  305:static pthread_cond_t conn_timeout_cond = PTHREAD_COND_INITIALIZER;
        -:  306:static pthread_mutex_t conn_timeout_lock = PTHREAD_MUTEX_INITIALIZER;
        -:  307:
        -:  308:#define CONNS_PER_SLICE 100
        1:  309:static void *conn_timeout_thread(void *arg) {
        1:  310:    int i;
        1:  311:    conn *c;
        1:  312:    rel_time_t oldest_last_cmd;
        1:  313:    int sleep_time;
        1:  314:    int sleep_slice = max_fds / CONNS_PER_SLICE;
        1:  315:    if (sleep_slice == 0)
    #####:  316:        sleep_slice = CONNS_PER_SLICE;
        -:  317:
        1:  318:    useconds_t timeslice = 1000000 / sleep_slice;
        -:  319:
        1:  320:    mutex_lock(&conn_timeout_lock);
        4:  321:    while(do_run_conn_timeout_thread) {
        4:  322:        if (settings.verbose > 2)
    #####:  323:            fprintf(stderr, "idle timeout thread at top of connection list\n");
        -:  324:
        4:  325:        oldest_last_cmd = current_time;
        -:  326:
     4100:  327:        for (i = 0; i < max_fds; i++) {
     4096:  328:            if ((i % CONNS_PER_SLICE) == 0) {
       44:  329:                if (settings.verbose > 2)
    #####:  330:                    fprintf(stderr, "idle timeout thread sleeping for %ulus\n",
        -:  331:                        (unsigned int)timeslice);
       44:  332:                usleep(timeslice);
        -:  333:            }
        -:  334:
     4096:  335:            if (!conns[i])
     4073:  336:                continue;
        -:  337:
       23:  338:            c = conns[i];
        -:  339:
       23:  340:            if (!IS_TCP(c->transport))
       16:  341:                continue;
        -:  342:
        7:  343:            if (c->state != conn_new_cmd && c->state != conn_read)
        5:  344:                continue;
        -:  345:
        2:  346:            if ((current_time - c->last_cmd_time) > settings.idle_timeout) {
        1:  347:                timeout_conn(c);
        -:  348:            } else {
        1:  349:                if (c->last_cmd_time < oldest_last_cmd)
        -:  350:                    oldest_last_cmd = c->last_cmd_time;
        -:  351:            }
        -:  352:        }
        -:  353:
        -:  354:        /* This is the soonest we could have another connection time out */
        4:  355:        sleep_time = settings.idle_timeout - (current_time - oldest_last_cmd) + 1;
        4:  356:        if (sleep_time <= 0)
        -:  357:            sleep_time = 1;
        -:  358:
        4:  359:        if (settings.verbose > 2)
    #####:  360:            fprintf(stderr,
        -:  361:                    "idle timeout thread finished pass, sleeping for %ds\n",
        -:  362:                    sleep_time);
        -:  363:
        4:  364:        struct timeval now;
        4:  365:        struct timespec to_sleep;
        4:  366:        gettimeofday(&now, NULL);
        4:  367:        to_sleep.tv_sec = now.tv_sec + sleep_time;
        4:  368:        to_sleep.tv_nsec = 0;
        -:  369:
        4:  370:        pthread_cond_timedwait(&conn_timeout_cond, &conn_timeout_lock, &to_sleep);
        -:  371:    }
        -:  372:
    #####:  373:    mutex_unlock(&conn_timeout_lock);
    #####:  374:    return NULL;
        -:  375:}
        -:  376:
        1:  377:static int start_conn_timeout_thread(void) {
        1:  378:    int ret;
        -:  379:
        1:  380:    if (settings.idle_timeout == 0)
        -:  381:        return -1;
        -:  382:
        1:  383:    do_run_conn_timeout_thread = 1;
        1:  384:    if ((ret = pthread_create(&conn_timeout_tid, NULL,
        -:  385:        conn_timeout_thread, NULL)) != 0) {
    #####:  386:        fprintf(stderr, "Can't create idle connection timeout thread: %s\n",
        -:  387:            strerror(ret));
    #####:  388:        return -1;
        -:  389:    }
        1:  390:    thread_setname(conn_timeout_tid, "mc-idletimeout");
        -:  391:
        1:  392:    return 0;
        -:  393:}
        -:  394:
        2:  395:int stop_conn_timeout_thread(void) {
        2:  396:    if (!do_run_conn_timeout_thread)
        -:  397:        return -1;
    #####:  398:    mutex_lock(&conn_timeout_lock);
    #####:  399:    do_run_conn_timeout_thread = 0;
    #####:  400:    pthread_cond_signal(&conn_timeout_cond);
    #####:  401:    mutex_unlock(&conn_timeout_lock);
    #####:  402:    pthread_join(conn_timeout_tid, NULL);
    #####:  403:    return 0;
        -:  404:}
        -:  405:
        -:  406:/*
        -:  407: * read buffer cache helper functions
        -:  408: */
   480328:  409:static void rbuf_release(conn *c) {
   480328:  410:    if (c->rbuf != NULL && c->rbytes == 0 && !IS_UDP(c->transport)) {
   474456:  411:        if (c->rbuf_malloced) {
        3:  412:            free(c->rbuf);
        3:  413:            c->rbuf_malloced = false;
        -:  414:        } else {
   474453:  415:            do_cache_free(c->thread->rbuf_cache, c->rbuf);
        -:  416:        }
   474456:  417:        c->rsize = 0;
   474456:  418:        c->rbuf = NULL;
   474456:  419:        c->rcurr = NULL;
        -:  420:    }
   480328:  421:}
        -:  422:
   478158:  423:static bool rbuf_alloc(conn *c) {
   478158:  424:    if (c->rbuf == NULL) {
   474456:  425:        c->rbuf = do_cache_alloc(c->thread->rbuf_cache);
   474456:  426:        if (!c->rbuf) {
    #####:  427:            THR_STATS_LOCK(c->thread);
    #####:  428:            c->thread->stats.read_buf_oom++;
    #####:  429:            THR_STATS_UNLOCK(c->thread);
    #####:  430:            return false;
        -:  431:        }
   474456:  432:        c->rsize = READ_BUFFER_SIZE;
   474456:  433:        c->rcurr = c->rbuf;
        -:  434:    }
        -:  435:    return true;
        -:  436:}
        -:  437:
        -:  438:// Just for handling huge ASCII multigets.
        -:  439:// The previous system was essentially the same; realloc'ing until big enough,
        -:  440:// then realloc'ing back down after the request finished.
        3:  441:bool rbuf_switch_to_malloc(conn *c) {
        -:  442:    // Might as well start with x2 and work from there.
        3:  443:    size_t size = c->rsize * 2;
        3:  444:    char *tmp = malloc(size);
        3:  445:    if (!tmp)
        -:  446:        return false;
        -:  447:
        3:  448:    memcpy(tmp, c->rcurr, c->rbytes);
        3:  449:    do_cache_free(c->thread->rbuf_cache, c->rbuf);
        -:  450:
        3:  451:    c->rcurr = c->rbuf = tmp;
        3:  452:    c->rsize = size;
        3:  453:    c->rbuf_malloced = true;
        3:  454:    return true;
        -:  455:}
        -:  456:
        -:  457:/*
        -:  458: * Initializes the connections array. We don't actually allocate connection
        -:  459: * structures until they're needed, so as to avoid wasting memory when the
        -:  460: * maximum connection count is much higher than the actual number of
        -:  461: * connections.
        -:  462: *
        -:  463: * This does end up wasting a few pointers' worth of memory for FDs that are
        -:  464: * used for things other than connections, but that's worth it in exchange for
        -:  465: * being able to directly index the conns array by FD.
        -:  466: */
      117:  467:static void conn_init(void) {
        -:  468:    /* We're unlikely to see an FD much higher than maxconns. */
      117:  469:    int next_fd = dup(1);
      117:  470:    if (next_fd < 0) {
    #####:  471:        perror("Failed to duplicate file descriptor\n");
    #####:  472:        exit(1);
        -:  473:    }
      117:  474:    int headroom = 10;      /* account for extra unexpected open FDs */
      117:  475:    struct rlimit rl;
        -:  476:
      117:  477:    max_fds = settings.maxconns + headroom + next_fd;
        -:  478:
        -:  479:    /* But if possible, get the actual highest FD we can possibly ever see. */
      117:  480:    if (getrlimit(RLIMIT_NOFILE, &rl) == 0) {
      117:  481:        max_fds = rl.rlim_max;
        -:  482:    } else {
    #####:  483:        fprintf(stderr, "Failed to query maximum file descriptor; "
        -:  484:                        "falling back to maxconns\n");
        -:  485:    }
        -:  486:
      117:  487:    close(next_fd);
        -:  488:
      117:  489:    if ((conns = calloc(max_fds, sizeof(conn *))) == NULL) {
    #####:  490:        fprintf(stderr, "Failed to allocate connection structures\n");
        -:  491:        /* This is unrecoverable so bail out early. */
    #####:  492:        exit(1);
        -:  493:    }
      117:  494:}
        -:  495:
     310*:  496:static const char *prot_text(enum protocol prot) {
     310*:  497:    char *rv = "unknown";
     310*:  498:    switch(prot) {
       2*:  499:        case ascii_prot:
       2*:  500:            rv = "ascii";
       2*:  501:            break;
       1*:  502:        case binary_prot:
       1*:  503:            rv = "binary";
       1*:  504:            break;
     307*:  505:        case negotiating_prot:
     307*:  506:            rv = "auto-negotiate";
     307*:  507:            break;
        -:  508:#ifdef PROXY
        -:  509:        case proxy_prot:
        -:  510:            rv = "proxy";
        -:  511:            break;
        -:  512:#endif
        -:  513:    }
     310*:  514:    return rv;
        -:  515:}
        -:  516:
        1:  517:void conn_close_idle(conn *c) {
        1:  518:    if (settings.idle_timeout > 0 &&
        1:  519:        (current_time - c->last_cmd_time) > settings.idle_timeout) {
        1:  520:        if (c->state != conn_new_cmd && c->state != conn_read) {
    #####:  521:            if (settings.verbose > 1)
    #####:  522:                fprintf(stderr,
        -:  523:                    "fd %d wants to timeout, but isn't in read state", c->sfd);
    #####:  524:            return;
        -:  525:        }
        -:  526:
        1:  527:        if (settings.verbose > 1)
    #####:  528:            fprintf(stderr, "Closing idle fd %d\n", c->sfd);
        -:  529:
        1:  530:        pthread_mutex_lock(&c->thread->stats.mutex);
        1:  531:        c->thread->stats.idle_kicks++;
        1:  532:        pthread_mutex_unlock(&c->thread->stats.mutex);
        -:  533:
        1:  534:        c->close_reason = IDLE_TIMEOUT_CLOSE;
        -:  535:
        1:  536:        conn_set_state(c, conn_closing);
        1:  537:        drive_machine(c);
        -:  538:    }
        -:  539:}
        -:  540:
        -:  541:/* bring conn back from a sidethread. could have had its event base moved. */
      397:  542:void conn_worker_readd(conn *c) {
      397:  543:    if (c->state == conn_io_queue) {
      384:  544:        c->io_queues_submitted--;
        -:  545:        // If we're still waiting for other queues to return, don't re-add the
        -:  546:        // connection yet.
      384:  547:        if (c->io_queues_submitted != 0) {
        -:  548:            return;
        -:  549:        }
        -:  550:    }
      397:  551:    c->ev_flags = EV_READ | EV_PERSIST;
      397:  552:    event_set(&c->event, c->sfd, c->ev_flags, event_handler, (void *)c);
      397:  553:    event_base_set(c->thread->base, &c->event);
        -:  554:
        -:  555:    // TODO: call conn_cleanup/fail/etc
      397:  556:    if (event_add(&c->event, 0) == -1) {
    #####:  557:        perror("event_add");
        -:  558:    }
        -:  559:
        -:  560:    // side thread wanted us to close immediately.
      397:  561:    if (c->state == conn_closing) {
       11:  562:        drive_machine(c);
       11:  563:        return;
      386:  564:    } else if (c->state == conn_io_queue) {
        -:  565:        // machine will know how to return based on secondary state.
      384:  566:        drive_machine(c);
        -:  567:    } else {
        2:  568:        conn_set_state(c, conn_new_cmd);
        -:  569:    }
        -:  570:}
        -:  571:
      528:  572:void thread_io_queue_add(LIBEVENT_THREAD *t, int type, void *ctx, io_queue_stack_cb cb) {
      528:  573:    io_queue_cb_t *q = t->io_queues;
      564:  574:    while (q->type != IO_QUEUE_NONE) {
       36:  575:        q++;
        -:  576:    }
      528:  577:    q->type = type;
      528:  578:    q->ctx = ctx;
      528:  579:    q->submit_cb = cb;
      528:  580:    return;
        -:  581:}
        -:  582:
     2210:  583:void conn_io_queue_setup(conn *c) {
     2210:  584:    io_queue_cb_t *qcb = c->thread->io_queues;
     2210:  585:    io_queue_t *q = c->io_queues;
     3218:  586:    while (qcb->type != IO_QUEUE_NONE) {
     1008:  587:        q->type = qcb->type;
     1008:  588:        q->ctx = qcb->ctx;
     1008:  589:        q->stack_ctx = NULL;
     1008:  590:        q->count = 0;
     1008:  591:        qcb++;
     1008:  592:        q++;
        -:  593:    }
     2210:  594:}
        -:  595:
        -:  596:// To be called from conn_release_items to ensure the stack ptrs are reset.
       28:  597:static void conn_io_queue_reset(conn *c) {
       30:  598:    for (io_queue_t *q = c->io_queues; q->type != IO_QUEUE_NONE; q++) {
       2*:  599:        assert(q->count == 0);
        2:  600:        q->stack_ctx = NULL;
        -:  601:    }
       28:  602:}
        -:  603:
     384*:  604:io_queue_cb_t *thread_io_queue_get(LIBEVENT_THREAD *t, int type) {
     384*:  605:    io_queue_cb_t *q = t->io_queues;
     384*:  606:    while (q->type != IO_QUEUE_NONE) {
     384*:  607:        if (q->type == type) {
    #####:  608:            return q;
        -:  609:        }
    #####:  610:        q++;
        -:  611:    }
        -:  612:    return NULL;
        -:  613:}
        -:  614:
      779:  615:io_queue_t *conn_io_queue_get(conn *c, int type) {
      779:  616:    io_queue_t *q = c->io_queues;
      779:  617:    while (q->type != IO_QUEUE_NONE) {
      779:  618:        if (q->type == type) {
      779:  619:            return q;
        -:  620:        }
    #####:  621:        q++;
        -:  622:    }
        -:  623:    return NULL;
        -:  624:}
        -:  625:
        -:  626:// called to return a single IO object to the original worker thread.
      386:  627:void conn_io_queue_return(io_pending_t *io) {
      386:  628:    io->return_cb(io);
      386:  629:}
        -:  630:
     2336:  631:conn *conn_new(const int sfd, enum conn_states init_state,
        -:  632:                const int event_flags,
        -:  633:                const int read_buffer_size, enum network_transport transport,
        -:  634:                struct event_base *base, void *ssl, uint64_t conntag,
        -:  635:                enum protocol bproto) {
     2336:  636:    conn *c;
        -:  637:
    2336*:  638:    assert(sfd >= 0 && sfd < max_fds);
     2336:  639:    c = conns[sfd];
        -:  640:
     2336:  641:    if (NULL == c) {
     2324:  642:        if (!(c = (conn *)calloc(1, sizeof(conn)))) {
    #####:  643:            STATS_LOCK();
    #####:  644:            stats.malloc_fails++;
    #####:  645:            STATS_UNLOCK();
    #####:  646:            fprintf(stderr, "Failed to allocate connection object\n");
    #####:  647:            return NULL;
        -:  648:        }
     2324:  649:        MEMCACHED_CONN_CREATE(c);
     2324:  650:        c->read = NULL;
     2324:  651:        c->sendmsg = NULL;
     2324:  652:        c->write = NULL;
     2324:  653:        c->rbuf = NULL;
        -:  654:
     2324:  655:        c->rsize = read_buffer_size;
        -:  656:
        -:  657:        // UDP connections use a persistent static buffer.
     2324:  658:        if (c->rsize) {
      198:  659:            c->rbuf = (char *)malloc((size_t)c->rsize);
        -:  660:        }
        -:  661:
     2324:  662:        if (c->rsize && c->rbuf == NULL) {
    #####:  663:            conn_free(c);
    #####:  664:            STATS_LOCK();
    #####:  665:            stats.malloc_fails++;
    #####:  666:            STATS_UNLOCK();
    #####:  667:            fprintf(stderr, "Failed to allocate buffers for connection\n");
    #####:  668:            return NULL;
        -:  669:        }
        -:  670:
        -:  671:
     2324:  672:        STATS_LOCK();
     2324:  673:        stats_state.conn_structs++;
     2324:  674:        STATS_UNLOCK();
        -:  675:
     2324:  676:        c->sfd = sfd;
     2324:  677:        conns[sfd] = c;
        -:  678:    }
        -:  679:
     2336:  680:    c->transport = transport;
     2336:  681:    c->protocol = bproto;
     2336:  682:    c->tag = conntag;
        -:  683:
        -:  684:    /* unix socket mode doesn't need this, so zeroed out.  but why
        -:  685:     * is this done for every command?  presumably for UDP
        -:  686:     * mode.  */
     2336:  687:    if (!settings.socketpath) {
      122:  688:        c->request_addr_size = sizeof(c->request_addr);
        -:  689:    } else {
     2214:  690:        c->request_addr_size = 0;
        -:  691:    }
        -:  692:
     2336:  693:    if (transport == tcp_transport && init_state == conn_new_cmd) {
       20:  694:        if (getpeername(sfd, (struct sockaddr *) &c->request_addr,
        -:  695:                        &c->request_addr_size)) {
    #####:  696:            perror("getpeername");
    #####:  697:            memset(&c->request_addr, 0, sizeof(c->request_addr));
        -:  698:        }
        -:  699:    }
        -:  700:
     2336:  701:    if (init_state == conn_new_cmd) {
     2138:  702:        LOGGER_LOG(NULL, LOG_CONNEVENTS, LOGGER_CONNECTION_NEW, NULL,
        -:  703:                &c->request_addr, c->request_addr_size, c->transport, 0, sfd);
        -:  704:    }
        -:  705:
     2336:  706:    if (settings.verbose > 1) {
        6:  707:        if (init_state == conn_listening) {
        6:  708:            fprintf(stderr, "<%d server listening (%s)\n", sfd,
        -:  709:                prot_text(c->protocol));
        3:  710:        } else if (IS_UDP(transport)) {
    #####:  711:            fprintf(stderr, "<%d server listening (udp)\n", sfd);
        3:  712:        } else if (c->protocol == negotiating_prot) {
        1:  713:            fprintf(stderr, "<%d new auto-negotiating client connection\n",
        -:  714:                    sfd);
        2:  715:        } else if (c->protocol == ascii_prot) {
        1:  716:            fprintf(stderr, "<%d new ascii client connection.\n", sfd);
        1:  717:        } else if (c->protocol == binary_prot) {
        1:  718:            fprintf(stderr, "<%d new binary client connection.\n", sfd);
        -:  719:#ifdef PROXY
        -:  720:        } else if (c->protocol == proxy_prot) {
        -:  721:            fprintf(stderr, "<%d new proxy client connection.\n", sfd);
        -:  722:#endif
        -:  723:        } else {
    #####:  724:            fprintf(stderr, "<%d new unknown (%d) client connection\n",
        -:  725:                sfd, c->protocol);
    #####:  726:            assert(false);
        -:  727:        }
        -:  728:    }
        -:  729:
        -:  730:#ifdef TLS
        -:  731:    c->ssl = NULL;
        -:  732:    c->ssl_wbuf = NULL;
        -:  733:    c->ssl_enabled = false;
        -:  734:#endif
     2336:  735:    c->state = init_state;
     2336:  736:    c->rlbytes = 0;
     2336:  737:    c->cmd = -1;
     2336:  738:    c->rbytes = 0;
     2336:  739:    c->rcurr = c->rbuf;
     2336:  740:    c->ritem = 0;
     2336:  741:    c->rbuf_malloced = false;
     2336:  742:    c->item_malloced = false;
     2336:  743:    c->sasl_started = false;
     2336:  744:    c->set_stale = false;
     2336:  745:    c->mset_res = false;
     2336:  746:    c->close_after_write = false;
     2336:  747:    c->last_cmd_time = current_time; /* initialize for idle kicker */
        -:  748:    // wipe all queues.
     2336:  749:    memset(c->io_queues, 0, sizeof(c->io_queues));
     2336:  750:    c->io_queues_submitted = 0;
        -:  751:
     2336:  752:    c->item = 0;
        -:  753:
     2336:  754:    c->noreply = false;
        -:  755:
        -:  756:#ifdef TLS
        -:  757:    if (ssl) {
        -:  758:        c->ssl = (SSL*)ssl;
        -:  759:        c->read = ssl_read;
        -:  760:        c->sendmsg = ssl_sendmsg;
        -:  761:        c->write = ssl_write;
        -:  762:        c->ssl_enabled = true;
        -:  763:        SSL_set_info_callback(c->ssl, ssl_callback);
        -:  764:    } else
        -:  765:#else
        -:  766:    // This must be NULL if TLS is not enabled.
    2336*:  767:    assert(ssl == NULL);
        -:  768:#endif
        -:  769:    {
     2336:  770:        c->read = tcp_read;
     2336:  771:        c->sendmsg = tcp_sendmsg;
     2336:  772:        c->write = tcp_write;
        -:  773:    }
        -:  774:
     2336:  775:    if (IS_UDP(transport)) {
       72:  776:        c->try_read_command = try_read_command_udp;
        -:  777:    } else {
     2264:  778:        switch (c->protocol) {
        7:  779:            case ascii_prot:
        7:  780:                if (settings.auth_file == NULL) {
        4:  781:                    c->authenticated = true;
        4:  782:                    c->try_read_command = try_read_command_ascii;
        -:  783:                } else {
        3:  784:                    c->authenticated = false;
        3:  785:                    c->try_read_command = try_read_command_asciiauth;
        -:  786:                }
        -:  787:                break;
        6:  788:            case binary_prot:
        -:  789:                // binprot handles its own authentication via SASL parsing.
        6:  790:                c->authenticated = false;
        6:  791:                c->try_read_command = try_read_command_binary;
        6:  792:                break;
     2251:  793:            case negotiating_prot:
     2251:  794:                c->try_read_command = try_read_command_negotiate;
     2251:  795:                break;
        -:  796:#ifdef PROXY
        -:  797:            case proxy_prot:
        -:  798:                c->try_read_command = try_read_command_proxy;
        -:  799:                break;
        -:  800:#endif
        -:  801:        }
        -:  802:    }
        -:  803:
     2336:  804:    event_set(&c->event, sfd, event_flags, event_handler, (void *)c);
     2336:  805:    event_base_set(base, &c->event);
     2336:  806:    c->ev_flags = event_flags;
        -:  807:
     2336:  808:    if (event_add(&c->event, 0) == -1) {
    #####:  809:        perror("event_add");
    #####:  810:        return NULL;
        -:  811:    }
        -:  812:
     2336:  813:    STATS_LOCK();
     2336:  814:    stats_state.curr_conns++;
     2336:  815:    stats.total_conns++;
     2336:  816:    STATS_UNLOCK();
        -:  817:
     2336:  818:    MEMCACHED_CONN_ALLOCATE(c->sfd);
        -:  819:
     2336:  820:    return c;
        -:  821:}
        -:  822:
   485447:  823:void conn_release_items(conn *c) {
  485447*:  824:    assert(c != NULL);
        -:  825:
   485447:  826:    if (c->item) {
        2:  827:        if (c->item_malloced) {
    #####:  828:            free(c->item);
    #####:  829:            c->item_malloced = false;
        -:  830:        } else {
        2:  831:            item_remove(c->item);
        -:  832:        }
        2:  833:        c->item = 0;
        -:  834:    }
        -:  835:
        -:  836:    // Cull any unsent responses.
   485447:  837:    if (c->resp_head) {
        -:  838:        mc_resp *resp = c->resp_head;
        -:  839:        // r_f() handles the chain maintenance.
      122:  840:        while (resp) {
        -:  841:            // temporary by default. hide behind a debug flag in the future:
        -:  842:            // double free detection. Transmit loops can drop out early, but
        -:  843:            // here we could infinite loop.
       94:  844:            if (resp->free) {
    #####:  845:                fprintf(stderr, "ERROR: double free detected during conn_release_items(): [%d] [%s]\n",
    #####:  846:                        c->sfd, c->protocol == binary_prot ? "binary" : "ascii");
        -:  847:                // Since this is a critical failure, just leak the memory.
        -:  848:                // If these errors are seen, an abort() can be used instead.
    #####:  849:                c->resp_head = NULL;
    #####:  850:                c->resp = NULL;
    #####:  851:                break;
        -:  852:            }
       94:  853:            resp = resp_finish(c, resp);
        -:  854:        }
       28:  855:        conn_io_queue_reset(c);
        -:  856:    }
   485447:  857:}
        -:  858:
     2138:  859:static void conn_cleanup(conn *c) {
    2138*:  860:    assert(c != NULL);
        -:  861:
     2138:  862:    conn_release_items(c);
        -:  863:#ifdef PROXY
        -:  864:    if (c->proxy_coro_ref) {
        -:  865:        proxy_cleanup_conn(c);
        -:  866:    }
        -:  867:#endif
     2138:  868:    if (c->sasl_conn) {
    #####:  869:        assert(settings.sasl);
    #####:  870:        sasl_dispose(&c->sasl_conn);
    #####:  871:        c->sasl_conn = NULL;
        -:  872:    }
        -:  873:
     2138:  874:    if (IS_UDP(c->transport)) {
    #####:  875:        conn_set_state(c, conn_read);
        -:  876:    }
     2138:  877:}
        -:  878:
        -:  879:/*
        -:  880: * Frees a connection.
        -:  881: */
    #####:  882:void conn_free(conn *c) {
    #####:  883:    if (c) {
    #####:  884:        assert(c != NULL);
    #####:  885:        assert(c->sfd >= 0 && c->sfd < max_fds);
        -:  886:
    #####:  887:        MEMCACHED_CONN_DESTROY(c);
    #####:  888:        conns[c->sfd] = NULL;
    #####:  889:        if (c->rbuf)
    #####:  890:            free(c->rbuf);
        -:  891:#ifdef TLS
        -:  892:        if (c->ssl_wbuf)
        -:  893:            c->ssl_wbuf = NULL;
        -:  894:#endif
        -:  895:
    #####:  896:        free(c);
        -:  897:    }
    #####:  898:}
        -:  899:
     2138:  900:static void conn_close(conn *c) {
    2138*:  901:    assert(c != NULL);
        -:  902:
     2138:  903:    if (c->thread) {
    2136*:  904:        LOGGER_LOG(c->thread->l, LOG_CONNEVENTS, LOGGER_CONNECTION_CLOSE, NULL,
        -:  905:                &c->request_addr, c->request_addr_size, c->transport,
        -:  906:                c->close_reason, c->sfd);
        -:  907:    }
        -:  908:
        -:  909:    /* delete the event, the socket and the conn */
     2138:  910:    event_del(&c->event);
        -:  911:
     2138:  912:    if (settings.verbose > 1)
        3:  913:        fprintf(stderr, "<%d connection closed.\n", c->sfd);
        -:  914:
     2138:  915:    conn_cleanup(c);
        -:  916:
        -:  917:    // force release of read buffer.
     2138:  918:    if (c->thread) {
     2136:  919:        c->rbytes = 0;
     2136:  920:        rbuf_release(c);
        -:  921:    }
        -:  922:
     2138:  923:    MEMCACHED_CONN_RELEASE(c->sfd);
     2138:  924:    conn_set_state(c, conn_closed);
        -:  925:#ifdef TLS
        -:  926:    if (c->ssl) {
        -:  927:        SSL_shutdown(c->ssl);
        -:  928:        SSL_free(c->ssl);
        -:  929:    }
        -:  930:#endif
     2138:  931:    close(c->sfd);
     2138:  932:    c->close_reason = 0;
     2138:  933:    pthread_mutex_lock(&conn_lock);
     2138:  934:    allow_new_conns = true;
     2138:  935:    pthread_mutex_unlock(&conn_lock);
        -:  936:
     2138:  937:    STATS_LOCK();
     2138:  938:    stats_state.curr_conns--;
     2138:  939:    STATS_UNLOCK();
        -:  940:
     2138:  941:    return;
        -:  942:}
        -:  943:
        -:  944:// Since some connections might be off on side threads and some are managed as
        -:  945:// listeners we need to walk through them all from a central point.
        -:  946:// Must be called with all worker threads hung or in the process of closing.
        2:  947:void conn_close_all(void) {
        2:  948:    int i;
     2050:  949:    for (i = 0; i < max_fds; i++) {
     2048:  950:        if (conns[i] && conns[i]->state != conn_closed) {
        3:  951:            conn_close(conns[i]);
        -:  952:        }
        -:  953:    }
        2:  954:}
        -:  955:
        -:  956:/**
        -:  957: * Convert a state name to a human readable form.
        -:  958: */
       16:  959:static const char *state_text(enum conn_states state) {
       16:  960:    const char* const statenames[] = { "conn_listening",
        -:  961:                                       "conn_new_cmd",
        -:  962:                                       "conn_waiting",
        -:  963:                                       "conn_read",
        -:  964:                                       "conn_parse_cmd",
        -:  965:                                       "conn_write",
        -:  966:                                       "conn_nread",
        -:  967:                                       "conn_swallow",
        -:  968:                                       "conn_closing",
        -:  969:                                       "conn_mwrite",
        -:  970:                                       "conn_closed",
        -:  971:                                       "conn_watch",
        -:  972:                                       "conn_io_queue" };
       16:  973:    return statenames[state];
        -:  974:}
        -:  975:
        -:  976:/*
        -:  977: * Sets a connection's current state in the state machine. Any special
        -:  978: * processing that needs to happen on certain state transitions can
        -:  979: * happen here.
        -:  980: */
  3346972:  981:void conn_set_state(conn *c, enum conn_states state) {
 3346972*:  982:    assert(c != NULL);
 3346972*:  983:    assert(state >= conn_listening && state < conn_max_state);
        -:  984:
  3346972:  985:    if (state != c->state) {
  3346971:  986:        if (settings.verbose > 2) {
    #####:  987:            fprintf(stderr, "%d: going from %s to %s\n",
        -:  988:                    c->sfd, state_text(c->state),
        -:  989:                    state_text(state));
        -:  990:        }
        -:  991:
  3346971:  992:        if (state == conn_write || state == conn_mwrite) {
  3346971:  993:            MEMCACHED_PROCESS_COMMAND_END(c->sfd, c->resp->wbuf, c->resp->wbytes);
        -:  994:        }
  3346971:  995:        c->state = state;
        -:  996:    }
  3346972:  997:}
        -:  998:
        -:  999:/*
        -: 1000: * response object helper functions
        -: 1001: */
   461193: 1002:void resp_reset(mc_resp *resp) {
   461193: 1003:    if (resp->item) {
    #####: 1004:        item_remove(resp->item);
    #####: 1005:        resp->item = NULL;
        -: 1006:    }
   461193: 1007:    if (resp->write_and_free) {
    #####: 1008:        free(resp->write_and_free);
    #####: 1009:        resp->write_and_free = NULL;
        -: 1010:    }
   461193: 1011:    resp->wbytes = 0;
   461193: 1012:    resp->tosend = 0;
   461193: 1013:    resp->iovcnt = 0;
   461193: 1014:    resp->chunked_data_iov = 0;
   461193: 1015:    resp->chunked_total = 0;
   461193: 1016:    resp->skip = false;
   461193: 1017:}
        -: 1018:
   531817: 1019:void resp_add_iov(mc_resp *resp, const void *buf, int len) {
  531817*: 1020:    assert(resp->iovcnt < MC_RESP_IOVCOUNT);
   531817: 1021:    int x = resp->iovcnt;
   531817: 1022:    resp->iov[x].iov_base = (void *)buf;
   531817: 1023:    resp->iov[x].iov_len = len;
   531817: 1024:    resp->iovcnt++;
   531817: 1025:    resp->tosend += len;
   531817: 1026:}
        -: 1027:
        -: 1028:// Notes that an IOV should be handled as a chunked item header.
        -: 1029:// TODO: I'm hoping this isn't a permanent abstraction while I learn what the
        -: 1030:// API should be.
    18975: 1031:void resp_add_chunked_iov(mc_resp *resp, const void *buf, int len) {
    18975: 1032:    resp->chunked_data_iov = resp->iovcnt;
    18975: 1033:    resp->chunked_total = len;
    18975: 1034:    resp_add_iov(resp, buf, len);
    18975: 1035:}
        -: 1036:
        -: 1037:// resp_allocate and resp_free are a wrapper around read buffers which makes
        -: 1038:// read buffers the only network memory to track.
        -: 1039:// Normally this would be too excessive. In this case it allows end users to
        -: 1040:// track a single memory limit for ephemeral connection buffers.
        -: 1041:// Fancy bit twiddling tricks are avoided to help keep this straightforward.
   620187: 1042:static mc_resp* resp_allocate(conn *c) {
   620187: 1043:    LIBEVENT_THREAD *th = c->thread;
   620187: 1044:    mc_resp *resp = NULL;
   620187: 1045:    mc_resp_bundle *b = th->open_bundle;
        -: 1046:
   620187: 1047:    if (b != NULL) {
  614360*: 1048:        for (int i = 0; i < MAX_RESP_PER_BUNDLE; i++) {
        -: 1049:            // loop around starting from the most likely to be free
   614360: 1050:            int x = (i + b->next_check) % MAX_RESP_PER_BUNDLE;
   614360: 1051:            if (b->r[x].free) {
   614360: 1052:                resp = &b->r[x];
   614360: 1053:                b->next_check = x+1;
   614360: 1054:                break;
        -: 1055:            }
        -: 1056:        }
        -: 1057:
   614360: 1058:        if (resp != NULL) {
   614360: 1059:            b->refcount++;
   614360: 1060:            memset(resp, 0, sizeof(*resp));
   614360: 1061:            resp->free = false; // redundant, for clarity.
   614360: 1062:            resp->bundle = b;
   614360: 1063:            if (b->refcount == MAX_RESP_PER_BUNDLE) {
    5723*: 1064:                assert(b->prev == NULL);
        -: 1065:                // We only allocate off the head. Assign new head.
     5723: 1066:                th->open_bundle = b->next;
        -: 1067:                // Remove ourselves from the list.
     5723: 1068:                if (b->next) {
    #####: 1069:                    b->next->prev = 0;
    #####: 1070:                    b->next = 0;
        -: 1071:                }
        -: 1072:            }
        -: 1073:        }
        -: 1074:    }
        -: 1075:
   614360: 1076:    if (resp == NULL) {
    5827*: 1077:        assert(th->open_bundle == NULL);
     5827: 1078:        b = do_cache_alloc(th->rbuf_cache);
     5827: 1079:        if (b) {
     5825: 1080:            THR_STATS_LOCK(th);
     5825: 1081:            th->stats.response_obj_bytes += READ_BUFFER_SIZE;
     5825: 1082:            THR_STATS_UNLOCK(th);
     5825: 1083:            b->next_check = 1;
     5825: 1084:            b->refcount = 1;
    81550: 1085:            for (int i = 0; i < MAX_RESP_PER_BUNDLE; i++) {
    75725: 1086:                b->r[i].free = true;
        -: 1087:            }
     5825: 1088:            b->next = 0;
     5825: 1089:            b->prev = 0;
     5825: 1090:            th->open_bundle = b;
     5825: 1091:            resp = &b->r[0];
     5825: 1092:            memset(resp, 0, sizeof(*resp));
     5825: 1093:            resp->free = false; // redundant. for clarity.
     5825: 1094:            resp->bundle = b;
        -: 1095:        } else {
        -: 1096:            return NULL;
        -: 1097:        }
        -: 1098:    }
        -: 1099:
        -: 1100:    return resp;
        -: 1101:}
        -: 1102:
   620185: 1103:void resp_free(LIBEVENT_THREAD *th, mc_resp *resp) {
   620185: 1104:    mc_resp_bundle *b = resp->bundle;
        -: 1105:
   620185: 1106:    resp->free = true;
   620185: 1107:    b->refcount--;
   620185: 1108:    if (b->refcount == 0) {
   489032: 1109:        if (b == th->open_bundle && b->next == 0) {
        -: 1110:            // This is the final bundle. Just hold and reuse to skip init loop
  483331*: 1111:            assert(b->prev == 0);
   483331: 1112:            b->next_check = 0;
        -: 1113:        } else {
        -: 1114:            // Assert that we're either in the list or at the head.
    5701*: 1115:            assert((b->next || b->prev) || b == th->open_bundle);
        -: 1116:
        -: 1117:            // unlink from list.
     5701: 1118:            mc_resp_bundle **head = &th->open_bundle;
     5701: 1119:            if (*head == b) *head = b->next;
        -: 1120:            // Not tracking the tail.
    5701*: 1121:            assert(b->next != b && b->prev != b);
        -: 1122:
     5701: 1123:            if (b->next) b->next->prev = b->prev;
    5701*: 1124:            if (b->prev) b->prev->next = b->next;
        -: 1125:
        -: 1126:            // Now completely done with this buffer.
     5701: 1127:            do_cache_free(th->rbuf_cache, b);
     5701: 1128:            THR_STATS_LOCK(th);
     5701: 1129:            th->stats.response_obj_bytes -= READ_BUFFER_SIZE;
     5701: 1130:            THR_STATS_UNLOCK(th);
        -: 1131:        }
        -: 1132:    } else {
   131153: 1133:        mc_resp_bundle **head = &th->open_bundle;
        -: 1134:        // NOTE: since we're not tracking tail, latest free ends up in head.
   131153: 1135:        if (b == th->open_bundle || (b->prev || b->next)) {
        -: 1136:            // If we're already linked, leave it in place to save CPU.
        -: 1137:        } else {
        -: 1138:            // Non-zero refcount, need to link into the freelist.
     5723: 1139:            b->prev = 0;
     5723: 1140:            b->next = *head;
     5723: 1141:            if (b->next) b->next->prev = b;
     5723: 1142:            *head = b;
        -: 1143:        }
        -: 1144:
        -: 1145:    }
   620185: 1146:    THR_STATS_LOCK(th);
   620185: 1147:    th->stats.response_obj_count--;
   620185: 1148:    THR_STATS_UNLOCK(th);
   620185: 1149:}
        -: 1150:
   620187: 1151:bool resp_start(conn *c) {
   620187: 1152:    mc_resp *resp = resp_allocate(c);
   620187: 1153:    if (!resp) {
        2: 1154:        THR_STATS_LOCK(c->thread);
        2: 1155:        c->thread->stats.response_obj_oom++;
        2: 1156:        THR_STATS_UNLOCK(c->thread);
        2: 1157:        return false;
        -: 1158:    }
        -: 1159:
        -: 1160:    // handling the stats counters here to simplify testing
   620185: 1161:    THR_STATS_LOCK(c->thread);
   620185: 1162:    c->thread->stats.response_obj_count++;
   620185: 1163:    THR_STATS_UNLOCK(c->thread);
        -: 1164:
   620185: 1165:    if (!c->resp_head) {
   483333: 1166:        c->resp_head = resp;
        -: 1167:    }
   620185: 1168:    if (!c->resp) {
   483333: 1169:        c->resp = resp;
        -: 1170:    } else {
   136852: 1171:        c->resp->next = resp;
   136852: 1172:        c->resp = resp;
        -: 1173:    }
   620185: 1174:    if (IS_UDP(c->transport)) {
        -: 1175:        // need to hold on to some data for async responses.
       18: 1176:        c->resp->request_id = c->request_id;
       18: 1177:        c->resp->request_addr = c->request_addr;
       18: 1178:        c->resp->request_addr_size = c->request_addr_size;
        -: 1179:    }
        -: 1180:    return true;
        -: 1181:}
        -: 1182:
    #####: 1183:mc_resp *resp_start_unlinked(conn *c) {
    #####: 1184:    mc_resp *resp = resp_allocate(c);
    #####: 1185:    if (!resp) {
    #####: 1186:        THR_STATS_LOCK(c->thread);
    #####: 1187:        c->thread->stats.response_obj_oom++;
    #####: 1188:        THR_STATS_UNLOCK(c->thread);
    #####: 1189:        return false;
        -: 1190:    }
        -: 1191:
        -: 1192:    // handling the stats counters here to simplify testing
    #####: 1193:    THR_STATS_LOCK(c->thread);
    #####: 1194:    c->thread->stats.response_obj_count++;
    #####: 1195:    THR_STATS_UNLOCK(c->thread);
        -: 1196:
    #####: 1197:    if (IS_UDP(c->transport)) {
        -: 1198:        // need to hold on to some data for async responses.
    #####: 1199:        c->resp->request_id = c->request_id;
    #####: 1200:        c->resp->request_addr = c->request_addr;
    #####: 1201:        c->resp->request_addr_size = c->request_addr_size;
        -: 1202:    }
        -: 1203:
        -: 1204:    return resp;
        -: 1205:}
        -: 1206:
        -: 1207:// returns next response in chain.
   620185: 1208:mc_resp* resp_finish(conn *c, mc_resp *resp) {
   620185: 1209:    mc_resp *next = resp->next;
   620185: 1210:    if (resp->item) {
        -: 1211:        // TODO: cache hash value in resp obj?
    56283: 1212:        item_remove(resp->item);
    56283: 1213:        resp->item = NULL;
        -: 1214:    }
   620185: 1215:    if (resp->write_and_free) {
     5381: 1216:        free(resp->write_and_free);
        -: 1217:    }
   620185: 1218:    if (resp->io_pending) {
      389: 1219:        io_pending_t *io = resp->io_pending;
        -: 1220:        // If we had a pending IO, tell it to internally clean up then return
        -: 1221:        // the main object back to our thread cache.
      389: 1222:        io->finalize_cb(io);
      389: 1223:        do_cache_free(c->thread->io_cache, io);
      389: 1224:        resp->io_pending = NULL;
        -: 1225:    }
   620185: 1226:    if (c->resp_head == resp) {
   620185: 1227:        c->resp_head = next;
        -: 1228:    }
   620185: 1229:    if (c->resp == resp) {
   483333: 1230:        c->resp = NULL;
        -: 1231:    }
   620185: 1232:    resp_free(c->thread, resp);
   620185: 1233:    return next;
        -: 1234:}
        -: 1235:
        -: 1236:// tells if connection has a depth of response objects to process.
       14: 1237:bool resp_has_stack(conn *c) {
       14: 1238:    return c->resp_head->next != NULL ? true : false;
        -: 1239:}
        -: 1240:
   446418: 1241:void out_string(conn *c, const char *str) {
   446418: 1242:    size_t len;
  446418*: 1243:    assert(c != NULL);
   446418: 1244:    mc_resp *resp = c->resp;
        -: 1245:
        -: 1246:    // if response was original filled with something, but we're now writing
        -: 1247:    // out an error or similar, have to reset the object first.
        -: 1248:    // TODO: since this is often redundant with allocation, how many callers
        -: 1249:    // are actually requiring it be reset? Can we fast test by just looking at
        -: 1250:    // tosend and reset if nonzero?
   446418: 1251:    resp_reset(resp);
        -: 1252:
   446418: 1253:    if (c->noreply) {
        -: 1254:        // TODO: just invalidate the response since nothing's been attempted
        -: 1255:        // to send yet?
   164201: 1256:        resp->skip = true;
   164201: 1257:        if (settings.verbose > 1)
    #####: 1258:            fprintf(stderr, ">%d NOREPLY %s\n", c->sfd, str);
   164201: 1259:        conn_set_state(c, conn_new_cmd);
   164201: 1260:        return;
        -: 1261:    }
        -: 1262:
   282217: 1263:    if (settings.verbose > 1)
    #####: 1264:        fprintf(stderr, ">%d %s\n", c->sfd, str);
        -: 1265:
        -: 1266:    // Fill response object with static string.
        -: 1267:
   282217: 1268:    len = strlen(str);
   282217: 1269:    if ((len + 2) > WRITE_BUFFER_SIZE) {
        -: 1270:        /* ought to be always enough. just fail for simplicity */
    #####: 1271:        str = "SERVER_ERROR output line too long";
    #####: 1272:        len = strlen(str);
        -: 1273:    }
        -: 1274:
   282217: 1275:    memcpy(resp->wbuf, str, len);
   282217: 1276:    memcpy(resp->wbuf + len, "\r\n", 2);
   282217: 1277:    resp_add_iov(resp, resp->wbuf, len + 2);
        -: 1278:
   282217: 1279:    conn_set_state(c, conn_new_cmd);
   282217: 1280:    return;
        -: 1281:}
        -: 1282:
        -: 1283:// For metaget-style ASCII commands. Ignores noreply, ensuring clients see
        -: 1284:// protocol level errors.
        4: 1285:void out_errstring(conn *c, const char *str) {
        4: 1286:    c->noreply = false;
        4: 1287:    out_string(c, str);
        4: 1288:}
        -: 1289:
        -: 1290:/*
        -: 1291: * Outputs a protocol-specific "out of memory" error. For ASCII clients,
        -: 1292: * this is equivalent to out_string().
        -: 1293: */
        7: 1294:void out_of_memory(conn *c, char *ascii_error) {
        7: 1295:    const static char error_prefix[] = "SERVER_ERROR ";
        7: 1296:    const static int error_prefix_len = sizeof(error_prefix) - 1;
        -: 1297:
        7: 1298:    if (c->protocol == binary_prot) {
        -: 1299:        /* Strip off the generic error prefix; it's irrelevant in binary */
    #####: 1300:        if (!strncmp(ascii_error, error_prefix, error_prefix_len)) {
    #####: 1301:            ascii_error += error_prefix_len;
        -: 1302:        }
    #####: 1303:        write_bin_error(c, PROTOCOL_BINARY_RESPONSE_ENOMEM, ascii_error, 0);
        -: 1304:    } else {
        7: 1305:        out_string(c, ascii_error);
        -: 1306:    }
        7: 1307:}
        -: 1308:
     3585: 1309:static void append_bin_stats(const char *key, const uint16_t klen,
        -: 1310:                             const char *val, const uint32_t vlen,
        -: 1311:                             conn *c) {
     3585: 1312:    char *buf = c->stats.buffer + c->stats.offset;
     3585: 1313:    uint32_t bodylen = klen + vlen;
     3585: 1314:    protocol_binary_response_header header = {
        -: 1315:        .response.magic = (uint8_t)PROTOCOL_BINARY_RES,
        -: 1316:        .response.opcode = PROTOCOL_BINARY_CMD_STAT,
     3585: 1317:        .response.keylen = (uint16_t)htons(klen),
        -: 1318:        .response.datatype = (uint8_t)PROTOCOL_BINARY_RAW_BYTES,
     3585: 1319:        .response.bodylen = htonl(bodylen),
     3585: 1320:        .response.opaque = c->opaque
        -: 1321:    };
        -: 1322:
     3585: 1323:    memcpy(buf, header.bytes, sizeof(header.response));
     3585: 1324:    buf += sizeof(header.response);
        -: 1325:
     3585: 1326:    if (klen > 0) {
     3538: 1327:        memcpy(buf, key, klen);
     3538: 1328:        buf += klen;
        -: 1329:
     3538: 1330:        if (vlen > 0) {
     3538: 1331:            memcpy(buf, val, vlen);
        -: 1332:        }
        -: 1333:    }
        -: 1334:
     3585: 1335:    c->stats.offset += sizeof(header.response) + bodylen;
     3585: 1336:}
        -: 1337:
   456654: 1338:static void append_ascii_stats(const char *key, const uint16_t klen,
        -: 1339:                               const char *val, const uint32_t vlen,
        -: 1340:                               conn *c) {
   456654: 1341:    char *pos = c->stats.buffer + c->stats.offset;
   456654: 1342:    uint32_t nbytes = 0;
   456654: 1343:    int remaining = c->stats.size - c->stats.offset;
   456654: 1344:    int room = remaining - 1;
        -: 1345:
   456654: 1346:    if (klen == 0 && vlen == 0) {
     5324: 1347:        nbytes = snprintf(pos, room, "END\r\n");
   451330: 1348:    } else if (vlen == 0) {
    #####: 1349:        nbytes = snprintf(pos, room, "STAT %s\r\n", key);
        -: 1350:    } else {
   451330: 1351:        nbytes = snprintf(pos, room, "STAT %s %s\r\n", key, val);
        -: 1352:    }
        -: 1353:
   456654: 1354:    c->stats.offset += nbytes;
   456654: 1355:}
        -: 1356:
   460239: 1357:static bool grow_stats_buf(conn *c, size_t needed) {
   460239: 1358:    size_t nsize = c->stats.size;
   460239: 1359:    size_t available = nsize - c->stats.offset;
   460239: 1360:    bool rv = true;
        -: 1361:
        -: 1362:    /* Special case: No buffer -- need to allocate fresh */
   460239: 1363:    if (c->stats.buffer == NULL) {
     5371: 1364:        nsize = 1024;
     5371: 1365:        available = c->stats.size = c->stats.offset = 0;
        -: 1366:    }
        -: 1367:
   469382: 1368:    while (needed > available) {
    9143*: 1369:        assert(nsize > 0);
     9143: 1370:        nsize = nsize << 1;
     9143: 1371:        available = nsize - c->stats.offset;
        -: 1372:    }
        -: 1373:
   460239: 1374:    if (nsize != c->stats.size) {
     9143: 1375:        char *ptr = realloc(c->stats.buffer, nsize);
     9143: 1376:        if (ptr) {
     9143: 1377:            c->stats.buffer = ptr;
     9143: 1378:            c->stats.size = nsize;
        -: 1379:        } else {
    #####: 1380:            STATS_LOCK();
    #####: 1381:            stats.malloc_fails++;
    #####: 1382:            STATS_UNLOCK();
    #####: 1383:            rv = false;
        -: 1384:        }
        -: 1385:    }
        -: 1386:
   460239: 1387:    return rv;
        -: 1388:}
        -: 1389:
   460239: 1390:void append_stats(const char *key, const uint16_t klen,
        -: 1391:                  const char *val, const uint32_t vlen,
        -: 1392:                  const void *cookie)
        -: 1393:{
        -: 1394:    /* value without a key is invalid */
   460239: 1395:    if (klen == 0 && vlen > 0) {
        -: 1396:        return;
        -: 1397:    }
        -: 1398:
   460239: 1399:    conn *c = (conn*)cookie;
        -: 1400:
   460239: 1401:    if (c->protocol == binary_prot) {
     3585: 1402:        size_t needed = vlen + klen + sizeof(protocol_binary_response_header);
     3585: 1403:        if (!grow_stats_buf(c, needed)) {
        -: 1404:            return;
        -: 1405:        }
     3585: 1406:        append_bin_stats(key, klen, val, vlen, c);
        -: 1407:    } else {
   456654: 1408:        size_t needed = vlen + klen + 10; // 10 == "STAT = \r\n"
   456654: 1409:        if (!grow_stats_buf(c, needed)) {
        -: 1410:            return;
        -: 1411:        }
   456654: 1412:        append_ascii_stats(key, klen, val, vlen, c);
        -: 1413:    }
        -: 1414:
  460239*: 1415:    assert(c->stats.offset <= c->stats.size);
        -: 1416:}
        -: 1417:
   964834: 1418:static void reset_cmd_handler(conn *c) {
   964834: 1419:    c->cmd = -1;
   964834: 1420:    c->substate = bin_no_state;
   964834: 1421:    if (c->item != NULL) {
        -: 1422:        // TODO: Any other way to get here?
        -: 1423:        // SASL auth was mistakenly using it. Nothing else should?
    #####: 1424:        if (c->item_malloced) {
    #####: 1425:            free(c->item);
    #####: 1426:            c->item_malloced = false;
        -: 1427:        } else {
    #####: 1428:            item_remove(c->item);
        -: 1429:        }
    #####: 1430:        c->item = NULL;
        -: 1431:    }
   964834: 1432:    if (c->rbytes > 0) {
   132030: 1433:        conn_set_state(c, conn_parse_cmd);
   832804: 1434:    } else if (c->resp_head) {
   358326: 1435:        conn_set_state(c, conn_mwrite);
        -: 1436:    } else {
   474478: 1437:        conn_set_state(c, conn_waiting);
        -: 1438:    }
   964834: 1439:}
        -: 1440:
   327255: 1441:static void complete_nread(conn *c) {
  327255*: 1442:    assert(c != NULL);
        -: 1443:#ifdef PROXY
        -: 1444:    assert(c->protocol == ascii_prot
        -: 1445:           || c->protocol == binary_prot
        -: 1446:           || c->protocol == proxy_prot);
        -: 1447:#else
  327255*: 1448:    assert(c->protocol == ascii_prot
        -: 1449:           || c->protocol == binary_prot);
        -: 1450:#endif
   327255: 1451:    if (c->protocol == ascii_prot) {
   302916: 1452:        complete_nread_ascii(c);
    24339: 1453:    } else if (c->protocol == binary_prot) {
    24339: 1454:        complete_nread_binary(c);
        -: 1455:#ifdef PROXY
        -: 1456:    } else if (c->protocol == proxy_prot) {
        -: 1457:        complete_nread_proxy(c);
        -: 1458:#endif
        -: 1459:    }
   327255: 1460:}
        -: 1461:
        -: 1462:/* Destination must always be chunked */
        -: 1463:/* This should be part of item.c */
    27032: 1464:static int _store_item_copy_chunks(item *d_it, item *s_it, const int len) {
    27032: 1465:    item_chunk *dch = (item_chunk *) ITEM_schunk(d_it);
        -: 1466:    /* Advance dch until we find free space */
    77099: 1467:    while (dch->size == dch->used) {
    77099: 1468:        if (dch->next) {
        -: 1469:            dch = dch->next;
        -: 1470:        } else {
        -: 1471:            break;
        -: 1472:        }
        -: 1473:    }
        -: 1474:
    27032: 1475:    if (s_it->it_flags & ITEM_CHUNKED) {
    13516: 1476:        int remain = len;
    13516: 1477:        item_chunk *sch = (item_chunk *) ITEM_schunk(s_it);
    13516: 1478:        int copied = 0;
        -: 1479:        /* Fills dch's to capacity, not straight copy sch in case data is
        -: 1480:         * being added or removed (ie append/prepend)
        -: 1481:         */
   136671: 1482:        while (sch && dch && remain) {
  123155*: 1483:            assert(dch->used <= dch->size);
   123155: 1484:            int todo = (dch->size - dch->used < sch->used - copied)
        -: 1485:                ? dch->size - dch->used : sch->used - copied;
   123155: 1486:            if (remain < todo)
        -: 1487:                todo = remain;
   123155: 1488:            memcpy(dch->data + dch->used, sch->data + copied, todo);
   123155: 1489:            dch->used += todo;
   123155: 1490:            copied += todo;
   123155: 1491:            remain -= todo;
  123155*: 1492:            assert(dch->used <= dch->size);
   123155: 1493:            if (dch->size == dch->used) {
    73103: 1494:                item_chunk *tch = do_item_alloc_chunk(dch, remain);
    73103: 1495:                if (tch) {
        -: 1496:                    dch = tch;
        -: 1497:                } else {
        -: 1498:                    return -1;
        -: 1499:                }
        -: 1500:            }
  123155*: 1501:            assert(copied <= sch->used);
   123155: 1502:            if (copied == sch->used) {
    93361: 1503:                copied = 0;
    93361: 1504:                sch = sch->next;
        -: 1505:            }
        -: 1506:        }
        -: 1507:        /* assert that the destination had enough space for the source */
   13516*: 1508:        assert(remain == 0);
        -: 1509:    } else {
        -: 1510:        int done = 0;
        -: 1511:        /* Fill dch's via a non-chunked item. */
    40548: 1512:        while (len > done && dch) {
    27032: 1513:            int todo = (dch->size - dch->used < len - done)
        -: 1514:                ? dch->size - dch->used : len - done;
        -: 1515:            //assert(dch->size - dch->used != 0);
    27032: 1516:            memcpy(dch->data + dch->used, ITEM_data(s_it) + done, todo);
    27032: 1517:            done += todo;
    27032: 1518:            dch->used += todo;
   27032*: 1519:            assert(dch->used <= dch->size);
    27032: 1520:            if (dch->size == dch->used) {
    27032: 1521:                item_chunk *tch = do_item_alloc_chunk(dch, len - done);
    27032: 1522:                if (tch) {
        -: 1523:                    dch = tch;
        -: 1524:                } else {
        -: 1525:                    return -1;
        -: 1526:                }
        -: 1527:            }
        -: 1528:        }
   13516*: 1529:        assert(len == done);
        -: 1530:    }
        -: 1531:    return 0;
        -: 1532:}
        -: 1533:
    16017: 1534:static int _store_item_copy_data(int comm, item *old_it, item *new_it, item *add_it) {
    16017: 1535:    if (comm == NREAD_APPEND || comm == NREAD_APPENDVIV) {
     8010: 1536:        if (new_it->it_flags & ITEM_CHUNKED) {
    13516: 1537:            if (_store_item_copy_chunks(new_it, old_it, old_it->nbytes - 2) == -1 ||
     6758: 1538:                _store_item_copy_chunks(new_it, add_it, add_it->nbytes) == -1) {
    #####: 1539:                return -1;
        -: 1540:            }
        -: 1541:        } else {
     1252: 1542:            memcpy(ITEM_data(new_it), ITEM_data(old_it), old_it->nbytes);
     1252: 1543:            memcpy(ITEM_data(new_it) + old_it->nbytes - 2 /* CRLF */, ITEM_data(add_it), add_it->nbytes);
        -: 1544:        }
        -: 1545:    } else {
        -: 1546:        /* NREAD_PREPEND */
     8007: 1547:        if (new_it->it_flags & ITEM_CHUNKED) {
    13516: 1548:            if (_store_item_copy_chunks(new_it, add_it, add_it->nbytes - 2) == -1 ||
     6758: 1549:                _store_item_copy_chunks(new_it, old_it, old_it->nbytes) == -1) {
    #####: 1550:                return -1;
        -: 1551:            }
        -: 1552:        } else {
     1249: 1553:            memcpy(ITEM_data(new_it), ITEM_data(add_it), add_it->nbytes);
     1249: 1554:            memcpy(ITEM_data(new_it) + add_it->nbytes - 2 /* CRLF */, ITEM_data(old_it), old_it->nbytes);
        -: 1555:        }
        -: 1556:    }
        -: 1557:    return 0;
        -: 1558:}
        -: 1559:
        -: 1560:/*
        -: 1561: * Stores an item in the cache according to the semantics of one of the set
        -: 1562: * commands. Protected by the item lock.
        -: 1563: *
        -: 1564: * Returns the state of storage.
        -: 1565: */
   327322: 1566:enum store_item_type do_store_item(item *it, int comm, LIBEVENT_THREAD *t, const uint32_t hv, int *nbytes, uint64_t *cas, bool cas_stale) {
   327322: 1567:    char *key = ITEM_key(it);
   327322: 1568:    item *old_it = do_item_get(key, it->nkey, hv, t, DONT_UPDATE);
   327322: 1569:    enum store_item_type stored = NOT_STORED;
        -: 1570:
   327322: 1571:    enum cas_result { CAS_NONE, CAS_MATCH, CAS_BADVAL, CAS_STALE, CAS_MISS };
        -: 1572:
   327322: 1573:    item *new_it = NULL;
   327322: 1574:    uint32_t flags;
        -: 1575:
        -: 1576:    /* Do the CAS test up front so we can apply to all store modes */
   327322: 1577:    enum cas_result cas_res = CAS_NONE;
        -: 1578:
   327322: 1579:    bool do_store = false;
   327322: 1580:    if (old_it != NULL) {
        -: 1581:        // Most of the CAS work requires something to compare to.
    36508: 1582:        uint64_t it_cas = ITEM_get_cas(it);
    36508: 1583:        uint64_t old_cas = ITEM_get_cas(old_it);
    36508: 1584:        if (it_cas == 0) {
        -: 1585:            cas_res = CAS_NONE;
       21: 1586:        } else if (it_cas == old_cas) {
        -: 1587:            cas_res = CAS_MATCH;
        9: 1588:        } else if (cas_stale && it_cas < old_cas) {
        -: 1589:            cas_res = CAS_STALE;
        -: 1590:        } else {
        8: 1591:            cas_res = CAS_BADVAL;
        -: 1592:        }
        -: 1593:
    36508: 1594:        switch (comm) {
      648: 1595:            case NREAD_ADD:
        -: 1596:                /* add only adds a nonexistent item, but promote to head of LRU */
      648: 1597:                do_item_update(old_it);
      648: 1598:                break;
       22: 1599:            case NREAD_CAS:
       22: 1600:                if (cas_res == CAS_MATCH) {
        -: 1601:                    // cas validates
        -: 1602:                    // it and old_it may belong to different classes.
        -: 1603:                    // I'm updating the stats for the one that's getting pushed out
       11: 1604:                    pthread_mutex_lock(&t->stats.mutex);
       11: 1605:                    t->stats.slab_stats[ITEM_clsid(old_it)].cas_hits++;
       11: 1606:                    pthread_mutex_unlock(&t->stats.mutex);
       11: 1607:                    do_store = true;
       11: 1608:                } else if (cas_res == CAS_STALE) {
        -: 1609:                    // if we're allowed to set a stale value, CAS must be lower than
        -: 1610:                    // the current item's CAS.
        -: 1611:                    // This replaces the value, but should preserve TTL, and stale
        -: 1612:                    // item marker bit + token sent if exists.
        1: 1613:                    it->exptime = old_it->exptime;
        1: 1614:                    it->it_flags |= ITEM_STALE;
        1: 1615:                    if (old_it->it_flags & ITEM_TOKEN_SENT) {
        1: 1616:                        it->it_flags |= ITEM_TOKEN_SENT;
        -: 1617:                    }
        -: 1618:
        1: 1619:                    pthread_mutex_lock(&t->stats.mutex);
        1: 1620:                    t->stats.slab_stats[ITEM_clsid(old_it)].cas_hits++;
        1: 1621:                    pthread_mutex_unlock(&t->stats.mutex);
        1: 1622:                    do_store = true;
        -: 1623:                } else {
        -: 1624:                    // NONE or BADVAL are the same for CAS cmd
       10: 1625:                    pthread_mutex_lock(&t->stats.mutex);
       10: 1626:                    t->stats.slab_stats[ITEM_clsid(old_it)].cas_badval++;
       10: 1627:                    pthread_mutex_unlock(&t->stats.mutex);
        -: 1628:
       10: 1629:                    if (settings.verbose > 1) {
    #####: 1630:                        fprintf(stderr, "CAS:  failure: expected %llu, got %llu\n",
    #####: 1631:                                (unsigned long long)ITEM_get_cas(old_it),
    #####: 1632:                                (unsigned long long)ITEM_get_cas(it));
        -: 1633:                    }
        -: 1634:                    stored = EXISTS;
        -: 1635:                }
        -: 1636:                break;
    16019: 1637:            case NREAD_APPEND:
        -: 1638:            case NREAD_PREPEND:
        -: 1639:            case NREAD_APPENDVIV:
        -: 1640:            case NREAD_PREPENDVIV:
    16019: 1641:                if (cas_res != CAS_NONE && cas_res != CAS_MATCH) {
        -: 1642:                    stored = EXISTS;
        -: 1643:                    break;
        -: 1644:                }
        -: 1645:#ifdef EXTSTORE
    16019: 1646:                if ((old_it->it_flags & ITEM_HDR) != 0) {
        -: 1647:                    /* block append/prepend from working with extstore-d items.
        -: 1648:                     * leave response code to NOT_STORED default */
        -: 1649:                    break;
        -: 1650:                }
        -: 1651:#endif
        -: 1652:                /* we have it and old_it here - alloc memory to hold both */
    16017: 1653:                FLAGS_CONV(old_it, flags);
    16017: 1654:                new_it = do_item_alloc(key, it->nkey, flags, old_it->exptime, it->nbytes + old_it->nbytes - 2 /* CRLF */);
        -: 1655:
        -: 1656:                // OOM trying to copy.
    16017: 1657:                if (new_it == NULL)
        -: 1658:                    break;
        -: 1659:                /* copy data from it and old_it to new_it */
    16017: 1660:                if (_store_item_copy_data(comm, old_it, new_it, it) == -1) {
        -: 1661:                    // failed data copy
        -: 1662:                    break;
        -: 1663:                } else {
        -: 1664:                    // refcount of new_it is 1 here. will end up 2 after link.
        -: 1665:                    // it's original ref is managed outside of this function
    16017: 1666:                    it = new_it;
    16017: 1667:                    do_store = true;
        -: 1668:                    // Upstream final object size for meta
    16017: 1669:                    if (nbytes != NULL) {
    16008: 1670:                        *nbytes = it->nbytes;
        -: 1671:                    }
        -: 1672:                }
        -: 1673:                break;
    19819: 1674:            case NREAD_REPLACE:
        -: 1675:            case NREAD_SET:
    19819: 1676:                do_store = true;
    19819: 1677:                break;
        -: 1678:        }
        -: 1679:
    36508: 1680:        if (do_store) {
    35848: 1681:            STORAGE_delete(t->storage, old_it);
    35848: 1682:            item_replace(old_it, it, hv);
    35848: 1683:            stored = STORED;
        -: 1684:        }
        -: 1685:
    36508: 1686:        do_item_remove(old_it);         /* release our reference */
    36508: 1687:        if (new_it != NULL) {
        -: 1688:            // append/prepend end up with an extra reference for new_it.
    16017: 1689:            do_item_remove(new_it);
        -: 1690:        }
        -: 1691:    } else {
        -: 1692:        /* No pre-existing item to replace or compare to. */
   290814: 1693:        if (ITEM_get_cas(it) != 0) {
[...]
      116: 5878:    if (getuid() == 0 || geteuid() == 0) {
    #####: 5879:        if (username == 0 || *username == '\0') {
    #####: 5880:            fprintf(stderr, "can't run as root without the -u switch\n");
    #####: 5881:            exit(EX_USAGE);
        -: 5882:        }
    #####: 5883:        if ((pw = getpwnam(username)) == 0) {
    #####: 5884:            fprintf(stderr, "can't find the user %s to switch to\n", username);
    #####: 5885:            exit(EX_NOUSER);
        -: 5886:        }
    #####: 5887:        if (setgroups(0, NULL) < 0) {
        -: 5888:            /* setgroups may fail with EPERM, indicating we are already in a
        -: 5889:             * minimally-privileged state. In that case we continue. For all
        -: 5890:             * other failure codes we exit.
        -: 5891:             *
        -: 5892:             * Note that errno is stored here because fprintf may change it.
        -: 5893:             */
    #####: 5894:            bool should_exit = errno != EPERM;
    #####: 5895:            fprintf(stderr, "failed to drop supplementary groups: %s\n",
        -: 5896:                    strerror(errno));
    #####: 5897:            if (should_exit) {
    #####: 5898:                exit(EX_OSERR);
        -: 5899:            }
        -: 5900:        }
    #####: 5901:        if (setgid(pw->pw_gid) < 0 || setuid(pw->pw_uid) < 0) {
    #####: 5902:            fprintf(stderr, "failed to assume identity of user %s\n", username);
    #####: 5903:            exit(EX_OSERR);
        -: 5904:        }
        -: 5905:    }
        -: 5906:
        -: 5907:    /* Initialize Sasl if -S was specified */
      116: 5908:    if (settings.sasl) {
      116: 5909:        init_sasl();
        -: 5910:    }
        -: 5911:
        -: 5912:    /* daemonize if requested */
        -: 5913:    /* if we want to ensure our ability to dump core, don't chdir to / */
      116: 5914:    if (do_daemonize) {
    #####: 5915:        if (signal(SIGHUP, SIG_IGN) == SIG_ERR) {
    #####: 5916:            perror("Failed to ignore SIGHUP");
        -: 5917:        }
    #####: 5918:        if (daemonize(maxcore, settings.verbose) == -1) {
    #####: 5919:            fprintf(stderr, "failed to daemon() in order to daemonize\n");
    #####: 5920:            exit(EXIT_FAILURE);
        -: 5921:        }
        -: 5922:    }
        -: 5923:
        -: 5924:    /* lock paged memory if needed */
      117: 5925:    if (lock_memory) {
        -: 5926:#ifdef HAVE_MLOCKALL
    #####: 5927:        int res = mlockall(MCL_CURRENT | MCL_FUTURE);
    #####: 5928:        if (res != 0) {
    #####: 5929:            fprintf(stderr, "warning: -k invalid, mlockall() failed: %s\n",
    #####: 5930:                    strerror(errno));
        -: 5931:        }
        -: 5932:#else
        -: 5933:        fprintf(stderr, "warning: -k invalid, mlockall() not supported on this platform.  proceeding without.\n");
        -: 5934:#endif
        -: 5935:    }
        -: 5936:
        -: 5937:    /* initialize main thread libevent instance */
        -: 5938:#if defined(LIBEVENT_VERSION_NUMBER) && LIBEVENT_VERSION_NUMBER >= 0x02000101
        -: 5939:    /* If libevent version is larger/equal to 2.0.2-alpha, use newer version */
      117: 5940:    struct event_config *ev_config;
      117: 5941:    ev_config = event_config_new();
      117: 5942:    event_config_set_flag(ev_config, EVENT_BASE_FLAG_NOLOCK);
      117: 5943:    main_base = event_base_new_with_config(ev_config);
      117: 5944:    event_config_free(ev_config);
        -: 5945:#else
        -: 5946:    /* Otherwise, use older API */
        -: 5947:    main_base = event_init();
        -: 5948:#endif
        -: 5949:
        -: 5950:    /* Load initial auth file if required */
      117: 5951:    if (settings.auth_file) {
        1: 5952:        if (settings.udpport) {
    #####: 5953:            fprintf(stderr, "Cannot use UDP with ascii authentication enabled (-U 0 to disable)\n");
    #####: 5954:            exit(EX_USAGE);
        -: 5955:        }
        -: 5956:
        1: 5957:        switch (authfile_load(settings.auth_file)) {
    #####: 5958:            case AUTHFILE_STATFAIL:
    #####: 5959:                vperror("Could not stat authfile [%s], error %s", settings.auth_file
    #####: 5960:                                                            , strerror(errno));
    #####: 5961:                exit(EXIT_FAILURE);
    #####: 5962:                break;
    #####: 5963:            case AUTHFILE_OPENFAIL:
    #####: 5964:                vperror("Could not open authfile [%s] for reading, error %s", settings.auth_file
    #####: 5965:                                                                           , strerror(errno));
    #####: 5966:                exit(EXIT_FAILURE);
    #####: 5967:                break;
    #####: 5968:            case AUTHFILE_OOM:
    #####: 5969:                fprintf(stderr, "Out of memory reading password file: %s", settings.auth_file);
    #####: 5970:                exit(EXIT_FAILURE);
    #####: 5971:                break;
    #####: 5972:            case AUTHFILE_MALFORMED:
    #####: 5973:                fprintf(stderr, "Authfile [%s] has a malformed entry. Should be 'user:password'", settings.auth_file);
    #####: 5974:                exit(EXIT_FAILURE);
        -: 5975:                break;
        -: 5976:            case AUTHFILE_OK:
        -: 5977:                break;
        -: 5978:        }
        -: 5979:    }
        -: 5980:
        -: 5981:    /* initialize other stuff */
      117: 5982:    stats_init();
      117: 5983:    logger_init();
      117: 5984:    conn_init();
      117: 5985:    bool reuse_mem = false;
      117: 5986:    void *mem_base = NULL;
      117: 5987:    bool prefill = false;
      117: 5988:    if (settings.memory_file != NULL) {
        2: 5989:        preallocate = true;
        -: 5990:        // Easier to manage memory if we prefill the global pool when reusing.
        2: 5991:        prefill = true;
        2: 5992:        restart_register("main", _mc_meta_load_cb, _mc_meta_save_cb, meta);
        4: 5993:        reuse_mem = restart_mmap_open(settings.maxbytes,
        2: 5994:                        settings.memory_file,
        -: 5995:                        &mem_base);
        -: 5996:        // The "save" callback gets called when we're closing out the mmap,
        -: 5997:        // but we don't know what the mmap_base is until after we call open.
        -: 5998:        // So we pass the struct above but have to fill it in here so the
        -: 5999:        // data's available during the save routine.
        2: 6000:        meta->mmap_base = mem_base;
        -: 6001:        // Also, the callbacks for load() run before _open returns, so we
        -: 6002:        // should have the old base in 'meta' as of here.
        -: 6003:    }
        -: 6004:    // Initialize the hash table _after_ checking restart metadata.
        -: 6005:    // We override the hash table start argument with what was live
        -: 6006:    // previously, to avoid filling a huge set of items into a tiny hash
        -: 6007:    // table.
      117: 6008:    assoc_init(settings.hashpower_init);
        -: 6009:#ifdef EXTSTORE
      117: 6010:    if (storage_enabled && reuse_mem) {
    #####: 6011:        fprintf(stderr, "[restart] memory restart with extstore not presently supported.\n");
    #####: 6012:        reuse_mem = false;
        -: 6013:    }
        -: 6014:#endif
      234: 6015:    slabs_init(settings.maxbytes, settings.factor, preallocate,
        -: 6016:            use_slab_sizes ? slab_sizes : NULL, mem_base, reuse_mem);
        -: 6017:#ifdef EXTSTORE
      117: 6018:    if (storage_enabled) {
       10: 6019:        storage = storage_init(storage_cf);
       10: 6020:        if (storage == NULL) {
        1: 6021:            exit(EXIT_FAILURE);
        -: 6022:        }
        9: 6023:        ext_storage = storage;
        -: 6024:        /* page mover algorithm for extstore needs memory prefilled */
        9: 6025:        prefill = true;
        -: 6026:    }
        -: 6027:#endif
        -: 6028:
      116: 6029:    if (settings.drop_privileges) {
      116: 6030:        setup_privilege_violations_handler();
        -: 6031:    }
        -: 6032:
      116: 6033:    if (prefill)
       11: 6034:        slabs_prefill_global();
        -: 6035:    /* In restartable mode and we've decided to issue a fixup on memory */
      116: 6036:    if (settings.memory_file != NULL && reuse_mem) {
        1: 6037:        mc_ptr_t old_base = meta->old_base;
        1: 6038:        assert(old_base == meta->old_base);
        -: 6039:
        -: 6040:        // should've pulled in process_started from meta file.
        1: 6041:        process_started = meta->process_started;
        -: 6042:        // TODO: must be a more canonical way of serializing/deserializing
        -: 6043:        // pointers? passing through uint64_t should work, and we're not
        -: 6044:        // annotating the pointer with anything, but it's still slightly
        -: 6045:        // insane.
        1: 6046:        restart_fixup((void *)old_base);
        -: 6047:    }
        -: 6048:    /*
        -: 6049:     * ignore SIGPIPE signals; we can use errno == EPIPE if we
        -: 6050:     * need that information
        -: 6051:     */
      116: 6052:    if (signal(SIGPIPE, SIG_IGN) == SIG_ERR) {
    #####: 6053:        perror("failed to ignore SIGPIPE; sigaction");
    #####: 6054:        exit(EX_OSERR);
        -: 6055:    }
        -: 6056:    /* start up worker threads if MT mode */
        -: 6057:#ifdef PROXY
        -: 6058:    if (settings.proxy_enabled) {
        -: 6059:        settings.proxy_ctx = proxy_init(settings.proxy_uring);
        -: 6060:    }
        -: 6061:#endif
        -: 6062:#ifdef EXTSTORE
      116: 6063:    slabs_set_storage(storage);
      116: 6064:    memcached_thread_init(settings.num_threads, storage);
      116: 6065:    init_lru_crawler(storage);
        -: 6066:#else
        -: 6067:    memcached_thread_init(settings.num_threads, NULL);
        -: 6068:    init_lru_crawler(NULL);
        -: 6069:#endif
        -: 6070:
        -: 6071:#ifdef PROXY
        -: 6072:    if (settings.proxy_enabled) {
        -: 6073:        if (proxy_first_confload(settings.proxy_ctx) != 0) {
        -: 6074:            exit(EXIT_FAILURE);
        -: 6075:        }
        -: 6076:    }
        -: 6077:#endif
        -: 6078:
      116: 6079:    if (start_assoc_maint && start_assoc_maintenance_thread() == -1) {
    #####: 6080:        exit(EXIT_FAILURE);
        -: 6081:    }
      116: 6082:    if (start_lru_crawler && start_item_crawler_thread() != 0) {
    #####: 6083:        fprintf(stderr, "Failed to enable LRU crawler thread\n");
    #####: 6084:        exit(EXIT_FAILURE);
        -: 6085:    }
        -: 6086:#ifdef EXTSTORE
      116: 6087:    if (storage && start_storage_compact_thread(storage) != 0) {
    #####: 6088:        fprintf(stderr, "Failed to start storage compaction thread\n");
    #####: 6089:        exit(EXIT_FAILURE);
        -: 6090:    }
      116: 6091:    if (storage && start_storage_write_thread(storage) != 0) {
    #####: 6092:        fprintf(stderr, "Failed to start storage writer thread\n");
    #####: 6093:        exit(EXIT_FAILURE);
        -: 6094:    }
        -: 6095:
      116: 6096:    if (start_lru_maintainer && start_lru_maintainer_thread(storage) != 0) {
        -: 6097:#else
        -: 6098:    if (start_lru_maintainer && start_lru_maintainer_thread(NULL) != 0) {
        -: 6099:#endif
    #####: 6100:        fprintf(stderr, "Failed to enable LRU maintainer thread\n");
    #####: 6101:        free(meta);
    #####: 6102:        return 1;
        -: 6103:    }
        -: 6104:
      225: 6105:    if (settings.slab_reassign &&
      109: 6106:        start_slab_maintenance_thread() == -1) {
    #####: 6107:        exit(EXIT_FAILURE);
        -: 6108:    }
        -: 6109:
      116: 6110:    if (settings.idle_timeout && start_conn_timeout_thread() == -1) {
    #####: 6111:        exit(EXIT_FAILURE);
        -: 6112:    }
        -: 6113:
        -: 6114:    /* initialise clock event */
        -: 6115:#if defined(HAVE_CLOCK_GETTIME) && defined(CLOCK_MONOTONIC)
        -: 6116:    {
      116: 6117:        struct timespec ts;
      116: 6118:        if (clock_gettime(CLOCK_MONOTONIC, &ts) == 0) {
      116: 6119:            monotonic = true;
      116: 6120:            monotonic_start = ts.tv_sec;
        -: 6121:            // Monotonic clock needs special handling for restarts.
        -: 6122:            // We get a start time at an arbitrary place, so we need to
        -: 6123:            // restore the original time delta, which is always "now" - _start
      116: 6124:            if (reuse_mem) {
        -: 6125:                // the running timespan at stop time + the time we think we
        -: 6126:                // were stopped.
        1: 6127:                monotonic_start -= meta->current_time + meta->time_delta;
        -: 6128:            } else {
      115: 6129:                monotonic_start -= ITEM_UPDATE_INTERVAL + 2;
        -: 6130:            }
        -: 6131:        }
        -: 6132:    }
        -: 6133:#endif
      116: 6134:    clock_handler(0, 0, 0);
        -: 6135:
        -: 6136:    /* create unix mode sockets after dropping privileges */
      116: 6137:    if (settings.socketpath != NULL) {
       96: 6138:        errno = 0;
       96: 6139:        if (server_socket_unix(settings.socketpath,settings.access)) {
    #####: 6140:            vperror("failed to listen on UNIX socket: %s", settings.socketpath);
    #####: 6141:            exit(EX_OSERR);
        -: 6142:        }
        -: 6143:    }
        -: 6144:
        -: 6145:    /* create the listening socket, bind it, and init */
      116: 6146:    if (settings.socketpath == NULL) {
       20: 6147:        const char *portnumber_filename = getenv("MEMCACHED_PORT_FILENAME");
       20: 6148:        char *temp_portnumber_filename = NULL;
       20: 6149:        size_t len;
       20: 6150:        FILE *portnumber_file = NULL;
        -: 6151:
       20: 6152:        if (portnumber_filename != NULL) {
       13: 6153:            len = strlen(portnumber_filename)+4+1;
       13: 6154:            temp_portnumber_filename = malloc(len);
       13: 6155:            snprintf(temp_portnumber_filename,
        -: 6156:                     len,
        -: 6157:                     "%s.lck", portnumber_filename);
        -: 6158:
       13: 6159:            portnumber_file = fopen(temp_portnumber_filename, "a");
       13: 6160:            if (portnumber_file == NULL) {
    #####: 6161:                fprintf(stderr, "Failed to open \"%s\": %s\n",
    #####: 6162:                        temp_portnumber_filename, strerror(errno));
        -: 6163:            }
        -: 6164:        }
        -: 6165:
       20: 6166:        errno = 0;
       20: 6167:        if (settings.port && server_sockets(settings.port, tcp_transport,
        -: 6168:                                           portnumber_file)) {
        1: 6169:            if (settings.inter == NULL) {
    #####: 6170:                vperror("failed to listen on TCP port %d", settings.port);
        -: 6171:            } else {
        1: 6172:                vperror("failed to listen on one of interface(s) %s", settings.inter);
        -: 6173:            }
        1: 6174:            exit(EX_OSERR);
        -: 6175:        }
        -: 6176:
        -: 6177:        /*
        -: 6178:         * initialization order: first create the listening sockets
        -: 6179:         * (may need root on low ports), then drop root if needed,
        -: 6180:         * then daemonize if needed, then init libevent (in some cases
        -: 6181:         * descriptors created by libevent wouldn't survive forking).
        -: 6182:         */
        -: 6183:
        -: 6184:        /* create the UDP listening socket and bind it */
       19: 6185:        errno = 0;
       19: 6186:        if (settings.udpport && server_sockets(settings.udpport, udp_transport,
        -: 6187:                                              portnumber_file)) {
    #####: 6188:            if (settings.inter == NULL) {
    #####: 6189:                vperror("failed to listen on UDP port %d", settings.udpport);
        -: 6190:            } else {
    #####: 6191:                vperror("failed to listen on one of interface(s) %s", settings.inter);
        -: 6192:            }
    #####: 6193:            exit(EX_OSERR);
        -: 6194:        }
        -: 6195:
       19: 6196:        if (portnumber_file) {
       13: 6197:            fclose(portnumber_file);
       13: 6198:            rename(temp_portnumber_filename, portnumber_filename);
        -: 6199:        }
       19: 6200:        if (temp_portnumber_filename)
       13: 6201:            free(temp_portnumber_filename);
        -: 6202:    }
        -: 6203:
        -: 6204:    /* Give the sockets a moment to open. I know this is dumb, but the error
        -: 6205:     * is only an advisory.
        -: 6206:     */
      115: 6207:    usleep(1000);
      115: 6208:    if (stats_state.curr_conns + stats_state.reserved_fds >= settings.maxconns - 1) {
    #####: 6209:        fprintf(stderr, "Maxconns setting is too low, use -c to increase.\n");
    #####: 6210:        exit(EXIT_FAILURE);
        -: 6211:    }
        -: 6212:
      115: 6213:    if (pid_file != NULL) {
        1: 6214:        save_pid(pid_file);
        -: 6215:    }
        -: 6216:
        -: 6217:    /* Drop privileges no longer needed */
      115: 6218:    if (settings.drop_privileges) {
      115: 6219:        drop_privileges();
        -: 6220:    }
        -: 6221:
        -: 6222:    /* Initialize the uriencode lookup table. */
      115: 6223:    uriencode_init();
        -: 6224:
        -: 6225:    /* enter the event loop */
     2656: 6226:    while (!stop_main_loop) {
     2541: 6227:        if (event_base_loop(main_base, EVLOOP_ONCE) != 0) {
        -: 6228:            retval = EXIT_FAILURE;
        -: 6229:            break;
        -: 6230:        }
        -: 6231:    }
        -: 6232:
      115: 6233:    switch (stop_main_loop) {
        2: 6234:        case GRACE_STOP:
        2: 6235:            fprintf(stderr, "Gracefully stopping\n");
        -: 6236:        break;
      113: 6237:        case EXIT_NORMALLY:
        -: 6238:            // Don't need to print anything to STDERR for a normal shutdown except
        -: 6239:            // if we want to.
        -: 6240:
      113: 6241:            if (settings.verbose) {
        3: 6242:                fprintf(stderr, "Exiting normally\n");
        -: 6243:            }
        -: 6244:
        -: 6245:        break;
    #####: 6246:        default:
    #####: 6247:            fprintf(stderr, "Exiting on error\n");
        -: 6248:        break;
        -: 6249:    }
        -: 6250:
      115: 6251:    if (stop_main_loop == GRACE_STOP) {
        2: 6252:        stop_threads();
        2: 6253:        if (settings.memory_file != NULL) {
        1: 6254:            restart_mmap_close();
        -: 6255:        }
        -: 6256:    }
        -: 6257:
        -: 6258:    /* remove the PID file if we're a daemon */
      115: 6259:    if (do_daemonize)
        1: 6260:        remove_pidfile(pid_file);
        -: 6261:    /* Clean up strdup() call for bind() address */
      115: 6262:    if (settings.inter)
        6: 6263:      free(settings.inter);
        -: 6264:
        -: 6265:    /* cleanup base */
      115: 6266:    event_base_free(main_base);
        -: 6267:
      115: 6268:    free(meta);
        -: 6269:
      115: 6270:    return retval;
        -: 6271:}
