        -:    0:Source:proto_text.c
        -:    0:Graph:proto_text.gcno
        -:    0:Data:proto_text.gcda
        -:    0:Runs:414
        -:    1:/* -*- Mode: C; tab-width: 4; c-basic-offset: 4; indent-tabs-mode: nil -*- */
        -:    2:/*
        -:    3: * Functions for handling the text related protocols, original and meta.
        -:    4: */
        -:    5:
        -:    6:#include "memcached.h"
        -:    7:#include "proto_text.h"
        -:    8:// FIXME: only for process_proxy_stats()
        -:    9:// - some better/different structure for stats subcommands
        -:   10:// would remove this abstraction leak.
        -:   11:#include "proto_proxy.h"
        -:   12:#include "authfile.h"
        -:   13:#include "storage.h"
        -:   14:#include "base64.h"
        -:   15:#ifdef TLS
        -:   16:#include "tls.h"
        -:   17:#endif
        -:   18:#include <string.h>
        -:   19:#include <stdlib.h>
        -:   20:
        -:   21:#define META_SPACE(p) { \
        -:   22:    *p = ' '; \
        -:   23:    p++; \
        -:   24:}
        -:   25:
        -:   26:#define META_CHAR(p, c) { \
        -:   27:    *p = ' '; \
        -:   28:    *(p+1) = c; \
        -:   29:    p += 2; \
        -:   30:}
        -:   31:
        -:   32:// NOTE: being a little casual with the write buffer.
        -:   33:// the buffer needs to be sized that the longest possible meta response will
        -:   34:// fit. Here we allow the key to fill up to half the write buffer, in case
        -:   35:// something terrible has gone wrong.
        -:   36:#define META_KEY(p, key, nkey, bin) { \
        -:   37:    META_CHAR(p, 'k'); \
        -:   38:    if (!bin) { \
        -:   39:        memcpy(p, key, nkey); \
        -:   40:        p += nkey; \
        -:   41:    } else { \
        -:   42:        p += base64_encode((unsigned char *) key, nkey, (unsigned char *)p, WRITE_BUFFER_SIZE / 2); \
        -:   43:        *p = ' '; \
        -:   44:        *(p+1) = 'b'; \
        -:   45:        p += 2; \
        -:   46:    } \
        -:   47:}
        -:   48:
        -:   49:typedef struct token_s {
        -:   50:    char *value;
        -:   51:    size_t length;
        -:   52:} token_t;
        -:   53:
       39:   54:static void _finalize_mset(conn *c, int nbytes, enum store_item_type ret) {
       39:   55:    mc_resp *resp = c->resp;
       39:   56:    item *it = c->item;
       39:   57:    conn_set_state(c, conn_new_cmd);
        -:   58:
        -:   59:    // information about the response line has been stashed in wbuf.
       39:   60:    char *p = resp->wbuf + resp->wbytes;
       39:   61:    char *end = p; // end of the stashed data portion.
        -:   62:
       39:   63:    switch (ret) {
        -:   64:    case STORED:
       32:   65:      memcpy(p, "HD", 2);
        -:   66:      // Only place noreply is used for meta cmds is a nominal response.
       32:   67:      if (c->noreply) {
        2:   68:          resp->skip = true;
        -:   69:      }
        -:   70:      break;
        -:   71:    case EXISTS:
        3:   72:      memcpy(p, "EX", 2);
        -:   73:      break;
        -:   74:    case NOT_FOUND:
    #####:   75:      memcpy(p, "NF", 2);
        -:   76:      break;
        -:   77:    case NOT_STORED:
        4:   78:      memcpy(p, "NS", 2);
        -:   79:      break;
    #####:   80:    default:
    #####:   81:      c->noreply = false;
    #####:   82:      out_string(c, "SERVER_ERROR Unhandled storage type.");
    #####:   83:      return;
        -:   84:    }
       39:   85:    p += 2;
        -:   86:
       55:   87:    for (char *fp = resp->wbuf; fp < end; fp++) {
       16:   88:        switch (*fp) {
        1:   89:            case 'O':
        -:   90:                // Copy stashed opaque.
        1:   91:                META_SPACE(p);
        6:   92:                while (fp < end && *fp != ' ') {
        5:   93:                    *p = *fp;
        5:   94:                    p++;
        5:   95:                    fp++;
        -:   96:                }
        -:   97:                break;
        1:   98:            case 'k':
        -:   99:                // Encode the key here instead of earlier to minimize copying.
       1*:  100:                META_KEY(p, ITEM_key(it), it->nkey, (it->it_flags & ITEM_KEY_BINARY));
        -:  101:                break;
        4:  102:            case 'c':
        -:  103:                // We don't have the CAS until this point, which is why we
        -:  104:                // generate this line so late.
        4:  105:                META_CHAR(p, 'c');
        4:  106:                p = itoa_u64(c->cas, p);
        4:  107:                break;
        2:  108:            case 's':
        -:  109:                // Get final item size, ie from append/prepend
        2:  110:                META_CHAR(p, 's');
        -:  111:                // If the size changed during append/prepend
        2:  112:                if (nbytes != 0) {
        1:  113:                    p = itoa_u32(nbytes-2, p);
        -:  114:                } else {
        1:  115:                    p = itoa_u32(it->nbytes-2, p);
        -:  116:                }
        -:  117:                break;
        -:  118:            default:
        -:  119:                break;
        -:  120:        }
        -:  121:    }
        -:  122:
       39:  123:    memcpy(p, "\r\n", 2);
       39:  124:    p += 2;
        -:  125:    // we're offset into wbuf, but good convention to track wbytes.
       39:  126:    resp->wbytes = p - resp->wbuf;
       39:  127:    resp_add_iov(resp, end, p - end);
        -:  128:}
        -:  129:
        -:  130:/*
        -:  131: * we get here after reading the value in set/add/replace commands. The command
        -:  132: * has been stored in c->cmd, and the item is ready in c->item.
        -:  133: */
   302916:  134:void complete_nread_ascii(conn *c) {
  302916*:  135:    assert(c != NULL);
        -:  136:
   302916:  137:    item *it = c->item;
   302916:  138:    int comm = c->cmd;
   302916:  139:    enum store_item_type ret;
   302916:  140:    bool is_valid = false;
   302916:  141:    int nbytes = 0;
        -:  142:
   302916:  143:    pthread_mutex_lock(&c->thread->stats.mutex);
   302916:  144:    c->thread->stats.slab_stats[ITEM_clsid(it)].set_cmds++;
   302916:  145:    pthread_mutex_unlock(&c->thread->stats.mutex);
        -:  146:
   302916:  147:    if ((it->it_flags & ITEM_CHUNKED) == 0) {
   295674:  148:        if (strncmp(ITEM_data(it) + it->nbytes - 2, "\r\n", 2) == 0) {
        -:  149:            is_valid = true;
        -:  150:        }
        -:  151:    } else {
     7242:  152:        char buf[2];
        -:  153:        /* should point to the final item chunk */
     7242:  154:        item_chunk *ch = (item_chunk *) c->ritem;
    7242*:  155:        assert(ch->used != 0);
        -:  156:        /* :( We need to look at the last two bytes. This could span two
        -:  157:         * chunks.
        -:  158:         */
     7242:  159:        if (ch->used > 1) {
     7242:  160:            buf[0] = ch->data[ch->used - 2];
     7242:  161:            buf[1] = ch->data[ch->used - 1];
        -:  162:        } else {
    #####:  163:            assert(ch->prev);
    #####:  164:            assert(ch->used == 1);
    #####:  165:            buf[0] = ch->prev->data[ch->prev->used - 1];
    #####:  166:            buf[1] = ch->data[ch->used - 1];
        -:  167:        }
     7242:  168:        if (strncmp(buf, "\r\n", 2) == 0) {
     7242:  169:            is_valid = true;
        -:  170:        } else {
    #####:  171:            assert(1 == 0);
        -:  172:        }
        -:  173:    }
        -:  174:
    7242*:  175:    if (!is_valid) {
        -:  176:        // metaset mode always returns errors.
    #####:  177:        if (c->mset_res) {
    #####:  178:            c->noreply = false;
        -:  179:        }
    #####:  180:        out_string(c, "CLIENT_ERROR bad data chunk");
        -:  181:    } else {
   302916:  182:      uint64_t cas = 0;
   302916:  183:      c->thread->cur_sfd = c->sfd; // cuddle sfd for logging.
   302916:  184:      ret = store_item(it, comm, c->thread, &nbytes, &cas, c->set_stale);
        -:  185:
        -:  186:#ifdef ENABLE_DTRACE
        -:  187:      switch (c->cmd) {
        -:  188:      case NREAD_ADD:
        -:  189:          MEMCACHED_COMMAND_ADD(c->sfd, ITEM_key(it), it->nkey,
        -:  190:                                (ret == 1) ? it->nbytes : -1, cas);
        -:  191:          break;
        -:  192:      case NREAD_REPLACE:
        -:  193:          MEMCACHED_COMMAND_REPLACE(c->sfd, ITEM_key(it), it->nkey,
        -:  194:                                    (ret == 1) ? it->nbytes : -1, cas);
        -:  195:          break;
        -:  196:      case NREAD_APPEND:
        -:  197:          MEMCACHED_COMMAND_APPEND(c->sfd, ITEM_key(it), it->nkey,
        -:  198:                                   (ret == 1) ? it->nbytes : -1, cas);
        -:  199:          break;
        -:  200:      case NREAD_PREPEND:
        -:  201:          MEMCACHED_COMMAND_PREPEND(c->sfd, ITEM_key(it), it->nkey,
        -:  202:                                    (ret == 1) ? it->nbytes : -1, cas);
        -:  203:          break;
        -:  204:      case NREAD_SET:
        -:  205:          MEMCACHED_COMMAND_SET(c->sfd, ITEM_key(it), it->nkey,
        -:  206:                                (ret == 1) ? it->nbytes : -1, cas);
        -:  207:          break;
        -:  208:      case NREAD_CAS:
        -:  209:          MEMCACHED_COMMAND_CAS(c->sfd, ITEM_key(it), it->nkey, it->nbytes,
        -:  210:                                cas);
        -:  211:          break;
        -:  212:      }
        -:  213:#endif
        -:  214:
   302916:  215:      if (c->mset_res) {
       39:  216:          c->cas = cas;
       39:  217:          _finalize_mset(c, nbytes, ret);
        -:  218:      } else {
   302877:  219:          switch (ret) {
   302239:  220:          case STORED:
   302239:  221:              out_string(c, "STORED");
   302239:  222:              break;
        5:  223:          case EXISTS:
        5:  224:              out_string(c, "EXISTS");
        5:  225:              break;
        2:  226:          case NOT_FOUND:
        2:  227:              out_string(c, "NOT_FOUND");
        2:  228:              break;
      631:  229:          case NOT_STORED:
      631:  230:              out_string(c, "NOT_STORED");
      631:  231:              break;
    #####:  232:          default:
    #####:  233:              out_string(c, "SERVER_ERROR Unhandled storage type.");
        -:  234:          }
        -:  235:      }
        -:  236:
        -:  237:    }
        -:  238:
   302916:  239:    c->set_stale = false; /* force flag to be off just in case */
   302916:  240:    c->mset_res = false;
   302916:  241:    item_remove(c->item);       /* release the c->item reference */
   302916:  242:    c->item = 0;
   302916:  243:}
        -:  244:
        -:  245:#define COMMAND_TOKEN 0
        -:  246:#define SUBCOMMAND_TOKEN 1
        -:  247:#define KEY_TOKEN 1
        -:  248:
        -:  249:#define MAX_TOKENS 24
        -:  250:
        -:  251:#define WANT_TOKENS(ntokens, min, max) \
        -:  252:    do { \
        -:  253:        if ((min != -1 && ntokens < min) || (max != -1 && ntokens > max)) { \
        -:  254:            out_string(c, "ERROR"); \
        -:  255:            return; \
        -:  256:        } \
        -:  257:    } while (0)
        -:  258:
        -:  259:#define WANT_TOKENS_OR(ntokens, a, b) \
        -:  260:    do { \
        -:  261:        if (ntokens != a && ntokens != b) { \
        -:  262:            out_string(c, "ERROR"); \
        -:  263:            return; \
        -:  264:        } \
        -:  265:    } while (0)
        -:  266:
        -:  267:#define WANT_TOKENS_MIN(ntokens, min) \
        -:  268:    do { \
        -:  269:        if (ntokens < min) { \
        -:  270:            out_string(c, "ERROR"); \
        -:  271:            return; \
        -:  272:        } \
        -:  273:    } while (0)
        -:  274:
        -:  275:/*
        -:  276: * Tokenize the command string by replacing whitespace with '\0' and update
        -:  277: * the token array tokens with pointer to start of each token and length.
        -:  278: * Returns total number of tokens.  The last valid token is the terminal
        -:  279: * token (value points to the first unprocessed character of the string and
        -:  280: * length zero).
        -:  281: *
        -:  282: * Usage example:
        -:  283: *
        -:  284: *  while(tokenize_command(command, ncommand, tokens, max_tokens) > 0) {
        -:  285: *      for(int ix = 0; tokens[ix].length != 0; ix++) {
        -:  286: *          ...
        -:  287: *      }
        -:  288: *      ncommand = tokens[ix].value - command;
        -:  289: *      command  = tokens[ix].value;
        -:  290: *   }
        -:  291: */
   566683:  292:static size_t tokenize_command(char *command, token_t *tokens, const size_t max_tokens) {
   566683:  293:    char *s, *e;
   566683:  294:    size_t ntokens = 0;
  566683*:  295:    assert(command != NULL && tokens != NULL && max_tokens > 1);
   566683:  296:    size_t len = strlen(command);
   566683:  297:    unsigned int i = 0;
        -:  298:
   566683:  299:    s = e = command;
 28439518:  300:    for (i = 0; i < len; i++) {
 27873680:  301:        if (*e == ' ') {
  1657259:  302:            if (s != e) {
  1657245:  303:                tokens[ntokens].value = s;
  1657245:  304:                tokens[ntokens].length = e - s;
  1657245:  305:                ntokens++;
  1657245:  306:                *e = '\0';
  1657245:  307:                if (ntokens == max_tokens - 1) {
      845:  308:                    e++;
      845:  309:                    s = e; /* so we don't add an extra token */
      845:  310:                    break;
        -:  311:                }
        -:  312:            }
  1656414:  313:            s = e + 1;
        -:  314:        }
 27872835:  315:        e++;
        -:  316:    }
        -:  317:
   566683:  318:    if (s != e) {
   565833:  319:        tokens[ntokens].value = s;
   565833:  320:        tokens[ntokens].length = e - s;
   565833:  321:        ntokens++;
        -:  322:    }
        -:  323:
        -:  324:    /*
        -:  325:     * If we scanned the whole string, the terminal value pointer is null,
        -:  326:     * otherwise it is the first unprocessed character.
        -:  327:     */
   566683:  328:    tokens[ntokens].value =  *e == '\0' ? NULL : e;
   566683:  329:    tokens[ntokens].length = 0;
   566683:  330:    ntokens++;
        -:  331:
   566683:  332:    return ntokens;
        -:  333:}
        -:  334:
        5:  335:int try_read_command_asciiauth(conn *c) {
        5:  336:    token_t tokens[MAX_TOKENS];
        5:  337:    size_t ntokens;
        5:  338:    char *cont = NULL;
        -:  339:
        -:  340:    // TODO: move to another function.
        5:  341:    if (!c->sasl_started) {
        5:  342:        char *el;
        5:  343:        uint32_t size = 0;
        -:  344:
        -:  345:        // impossible for the auth command to be this short.
        5:  346:        if (c->rbytes < 2)
        1:  347:            return 0;
        -:  348:
        5:  349:        el = memchr(c->rcurr, '\n', c->rbytes);
        -:  350:
        -:  351:        // If no newline after 1k, getting junk data, close out.
        5:  352:        if (!el) {
    #####:  353:            if (c->rbytes > 2048) {
    #####:  354:                conn_set_state(c, conn_closing);
    #####:  355:                return 1;
        -:  356:            }
        -:  357:            return 0;
        -:  358:        }
        -:  359:
        -:  360:        // Looking for: "set foo 0 0 N\r\nuser pass\r\n"
        -:  361:        // key, flags, and ttl are ignored. N is used to see if we have the rest.
        -:  362:
        -:  363:        // so tokenize doesn't walk past into the value.
        -:  364:        // it's fine to leave the \r in, as strtoul will stop at it.
        5:  365:        *el = '\0';
        -:  366:
        5:  367:        ntokens = tokenize_command(c->rcurr, tokens, MAX_TOKENS);
        -:  368:        // ensure the buffer is consumed.
        5:  369:        c->rbytes -= (el - c->rcurr) + 1;
        5:  370:        c->rcurr += (el - c->rcurr) + 1;
        -:  371:
        -:  372:        // final token is a NULL ender, so we have one more than expected.
        5:  373:        if (ntokens < 6
        4:  374:                || strcmp(tokens[0].value, "set") != 0
        4:  375:                || !safe_strtoul(tokens[4].value, &size)) {
        1:  376:            if (!c->resp) {
        1:  377:                if (!resp_start(c)) {
    #####:  378:                    conn_set_state(c, conn_closing);
    #####:  379:                    return 1;
        -:  380:                }
        -:  381:            }
        1:  382:            out_string(c, "CLIENT_ERROR unauthenticated");
        1:  383:            return 1;
        -:  384:        }
        -:  385:
        -:  386:        // we don't actually care about the key at all; it can be anything.
        -:  387:        // we do care about the size of the remaining read.
        4:  388:        c->rlbytes = size + 2;
        -:  389:
        4:  390:        c->sasl_started = true; // reuse from binprot sasl, but not sasl :)
        -:  391:    }
        -:  392:
        4:  393:    if (c->rbytes < c->rlbytes) {
        -:  394:        // need more bytes.
        -:  395:        return 0;
        -:  396:    }
        -:  397:
        -:  398:    // Going to respond at this point, so attach a response object.
        4:  399:    if (!c->resp) {
        4:  400:        if (!resp_start(c)) {
    #####:  401:            conn_set_state(c, conn_closing);
    #####:  402:            return 1;
        -:  403:        }
        -:  404:    }
        -:  405:
        4:  406:    cont = c->rcurr;
        -:  407:    // advance buffer. no matter what we're stopping.
        4:  408:    c->rbytes -= c->rlbytes;
        4:  409:    c->rcurr += c->rlbytes;
        4:  410:    c->sasl_started = false;
        -:  411:
        -:  412:    // must end with \r\n
        -:  413:    // NB: I thought ASCII sets also worked with just \n, but according to
        -:  414:    // complete_nread_ascii only \r\n is valid.
        4:  415:    if (strncmp(cont + c->rlbytes - 2, "\r\n", 2) != 0) {
    #####:  416:        out_string(c, "CLIENT_ERROR bad command line termination");
    #####:  417:        return 1;
        -:  418:    }
        -:  419:
        -:  420:    // payload should be "user pass", so we can use the tokenizer.
        4:  421:    cont[c->rlbytes - 2] = '\0';
        4:  422:    ntokens = tokenize_command(cont, tokens, MAX_TOKENS);
        -:  423:
        4:  424:    if (ntokens < 3) {
        1:  425:        out_string(c, "CLIENT_ERROR bad authentication token format");
        1:  426:        return 1;
        -:  427:    }
        -:  428:
        3:  429:    if (authfile_check(tokens[0].value, tokens[1].value) == 1) {
        2:  430:        out_string(c, "STORED");
        2:  431:        c->authenticated = true;
        2:  432:        c->try_read_command = try_read_command_ascii;
        2:  433:        pthread_mutex_lock(&c->thread->stats.mutex);
        2:  434:        c->thread->stats.auth_cmds++;
        2:  435:        pthread_mutex_unlock(&c->thread->stats.mutex);
        -:  436:    } else {
        1:  437:        out_string(c, "CLIENT_ERROR authentication failure");
        1:  438:        pthread_mutex_lock(&c->thread->stats.mutex);
        1:  439:        c->thread->stats.auth_cmds++;
        1:  440:        c->thread->stats.auth_errors++;
        1:  441:        pthread_mutex_unlock(&c->thread->stats.mutex);
        -:  442:    }
        -:  443:
        -:  444:    return 1;
        -:  445:}
        -:  446:
   566303:  447:int try_read_command_ascii(conn *c) {
   566303:  448:    char *el, *cont;
        -:  449:
   566303:  450:    if (c->rbytes == 0)
        -:  451:        return 0;
        -:  452:
   566303:  453:    el = memchr(c->rcurr, '\n', c->rbytes);
   566303:  454:    if (!el) {
      472:  455:        if (c->rbytes > 2048) {
        -:  456:            /*
        -:  457:             * We didn't have a '\n' in the first few k. This _has_ to be a
        -:  458:             * large multiget, if not we should just nuke the connection.
        -:  459:             */
        -:  460:            char *ptr = c->rcurr;
     4201:  461:            while (*ptr == ' ') { /* ignore leading whitespaces */
     4196:  462:                ++ptr;
        -:  463:            }
        -:  464:
        5:  465:            if (ptr - c->rcurr > 100 ||
        3:  466:                (strncmp(ptr, "get ", 4) && strncmp(ptr, "gets ", 5))) {
        -:  467:
        2:  468:                conn_set_state(c, conn_closing);
        2:  469:                return 1;
        -:  470:            }
        -:  471:
        -:  472:            // ASCII multigets are unbound, so our fixed size rbuf may not
        -:  473:            // work for this particular workload... For backcompat we'll use a
        -:  474:            // malloc/realloc/free routine just for this.
        3:  475:            if (!c->rbuf_malloced) {
        3:  476:                if (!rbuf_switch_to_malloc(c)) {
    #####:  477:                    conn_set_state(c, conn_closing);
    #####:  478:                    return 1;
        -:  479:                }
        -:  480:            }
        -:  481:        }
        -:  482:
      470:  483:        return 0;
        -:  484:    }
   565831:  485:    cont = el + 1;
   565831:  486:    if ((el - c->rcurr) > 1 && *(el - 1) == '\r') {
   485810:  487:        el--;
        -:  488:    }
   565831:  489:    *el = '\0';
        -:  490:
  565831*:  491:    assert(cont <= (c->rcurr + c->rbytes));
        -:  492:
   565831:  493:    c->last_cmd_time = current_time;
   565831:  494:    process_command_ascii(c, c->rcurr);
        -:  495:
   565831:  496:    c->rbytes -= (cont - c->rcurr);
   565831:  497:    c->rcurr = cont;
        -:  498:
  565831*:  499:    assert(c->rcurr <= (c->rbuf + c->rsize));
        -:  500:
        -:  501:    return 1;
        -:  502:}
        -:  503:
        -:  504:
   315071:  505:static inline bool set_noreply_maybe(conn *c, token_t *tokens, size_t ntokens)
        -:  506:{
   315071:  507:    int noreply_index = ntokens - 2;
        -:  508:
        -:  509:    /*
        -:  510:      NOTE: this function is not the first place where we are going to
        -:  511:      send the reply.  We could send it instead from process_command()
        -:  512:      if the request line has wrong number of tokens.  However parsing
        -:  513:      malformed line for "noreply" option is not reliable anyway, so
        -:  514:      it can't be helped.
        -:  515:    */
   315071:  516:    if (tokens[noreply_index].value
   315071:  517:        && strcmp(tokens[noreply_index].value, "noreply") == 0) {
   164201:  518:        c->noreply = true;
        -:  519:    }
   315071:  520:    return c->noreply;
        -:  521:}
        -:  522:
        -:  523:/* client flags == 0 means use no storage for client flags */
    50553:  524:static inline int make_ascii_get_suffix(char *suffix, item *it, bool return_cas, int nbytes) {
    50553:  525:    char *p = suffix;
    50553:  526:    *p = ' ';
    50553:  527:    p++;
    50553:  528:    if (FLAGS_SIZE(it) == 0) {
    50549:  529:        *p = '0';
    50549:  530:        p++;
        -:  531:    } else {
        4:  532:        p = itoa_u32(*((uint32_t *) ITEM_suffix(it)), p);
        -:  533:    }
    50553:  534:    *p = ' ';
    50553:  535:    p = itoa_u32(nbytes-2, p+1);
        -:  536:
    50553:  537:    if (return_cas) {
       19:  538:        *p = ' ';
       19:  539:        p = itoa_u64(ITEM_get_cas(it), p+1);
        -:  540:    }
        -:  541:
    50553:  542:    *p = '\r';
    50553:  543:    *(p+1) = '\n';
    50553:  544:    *(p+2) = '\0';
    50553:  545:    return (p - suffix) + 2;
        -:  546:}
        -:  547:
        -:  548:/* ntokens is overwritten here... shrug.. */
   112690:  549:static inline void process_get_command(conn *c, token_t *tokens, size_t ntokens, bool return_cas, bool should_touch) {
   112690:  550:    char *key;
   112690:  551:    size_t nkey;
   112690:  552:    item *it;
   112690:  553:    token_t *key_token = &tokens[KEY_TOKEN];
   112690:  554:    int32_t exptime_int = 0;
   112690:  555:    rel_time_t exptime = 0;
   112690:  556:    bool fail_length = false;
  112690*:  557:    assert(c != NULL);
   112690:  558:    mc_resp *resp = c->resp;
        -:  559:
   112690:  560:    if (should_touch) {
        -:  561:        // For get and touch commands, use first token as exptime
        6:  562:        if (!safe_strtol(tokens[1].value, &exptime_int)) {
    #####:  563:            out_string(c, "CLIENT_ERROR invalid exptime argument");
    #####:  564:            return;
        -:  565:        }
        6:  566:        key_token++;
       11:  567:        exptime = realtime(EXPTIME_TO_POSITIVE_TIME(exptime_int));
        -:  568:    }
        -:  569:
        -:  570:    do {
   245690:  571:        while(key_token->length != 0) {
   132160:  572:            bool overflow; // not used here.
   132160:  573:            key = key_token->value;
   132160:  574:            nkey = key_token->length;
        -:  575:
   132160:  576:            if (nkey > KEY_MAX_LENGTH) {
        2:  577:                fail_length = true;
        4:  578:                goto stop;
        -:  579:            }
        -:  580:
   132158:  581:            it = limited_get(key, nkey, c->thread, exptime, should_touch, DO_UPDATE, &overflow);
   132158:  582:            if (settings.detail_enabled) {
        3:  583:                stats_prefix_record_get(key, nkey, NULL != it);
        -:  584:            }
   132158:  585:            if (it) {
        -:  586:                /*
        -:  587:                 * Construct the response. Each hit adds three elements to the
        -:  588:                 * outgoing data list:
        -:  589:                 *   "VALUE "
        -:  590:                 *   key
        -:  591:                 *   " " + flags + " " + data length + "\r\n" + data (with \r\n)
        -:  592:                 */
        -:  593:
        -:  594:                {
        -:  595:                  MEMCACHED_COMMAND_GET(c->sfd, ITEM_key(it), it->nkey,
    50553:  596:                                        it->nbytes, ITEM_get_cas(it));
    50553:  597:                  int nbytes = it->nbytes;
    50553:  598:                  char *p = resp->wbuf;
    50553:  599:                  memcpy(p, "VALUE ", 6);
    50553:  600:                  p += 6;
    50553:  601:                  memcpy(p, ITEM_key(it), it->nkey);
    50553:  602:                  p += it->nkey;
    50553:  603:                  p += make_ascii_get_suffix(p, it, return_cas, nbytes);
    50553:  604:                  resp_add_iov(resp, resp->wbuf, p - resp->wbuf);
        -:  605:
        -:  606:#ifdef EXTSTORE
    50553:  607:                  if (it->it_flags & ITEM_HDR) {
      354:  608:                      if (storage_get_item(c, it, resp) != 0) {
        1:  609:                          pthread_mutex_lock(&c->thread->stats.mutex);
        1:  610:                          c->thread->stats.get_oom_extstore++;
        1:  611:                          pthread_mutex_unlock(&c->thread->stats.mutex);
        -:  612:
        1:  613:                          item_remove(it);
        1:  614:                          goto stop;
        -:  615:                      }
    50199:  616:                  } else if ((it->it_flags & ITEM_CHUNKED) == 0) {
    31779:  617:                      resp_add_iov(resp, ITEM_data(it), it->nbytes);
        -:  618:                  } else {
    18420:  619:                      resp_add_chunked_iov(resp, it, it->nbytes);
        -:  620:                  }
        -:  621:#else
        -:  622:                  if ((it->it_flags & ITEM_CHUNKED) == 0) {
        -:  623:                      resp_add_iov(resp, ITEM_data(it), it->nbytes);
        -:  624:                  } else {
        -:  625:                      resp_add_chunked_iov(resp, it, it->nbytes);
        -:  626:                  }
        -:  627:#endif
        -:  628:                }
        -:  629:
    50552:  630:                if (settings.verbose > 1) {
    #####:  631:                    int ii;
    #####:  632:                    fprintf(stderr, ">%d sending key ", c->sfd);
    #####:  633:                    for (ii = 0; ii < it->nkey; ++ii) {
    #####:  634:                        fprintf(stderr, "%c", key[ii]);
        -:  635:                    }
    #####:  636:                    fprintf(stderr, "\n");
        -:  637:                }
        -:  638:
        -:  639:                /* item_get() has incremented it->refcount for us */
    50552:  640:                pthread_mutex_lock(&c->thread->stats.mutex);
    50552:  641:                if (should_touch) {
        7:  642:                    c->thread->stats.touch_cmds++;
        7:  643:                    c->thread->stats.slab_stats[ITEM_clsid(it)].touch_hits++;
        -:  644:                } else {
    50545:  645:                    c->thread->stats.lru_hits[it->slabs_clsid]++;
    50545:  646:                    c->thread->stats.get_cmds++;
        -:  647:                }
    50552:  648:                pthread_mutex_unlock(&c->thread->stats.mutex);
        -:  649:#ifdef EXTSTORE
        -:  650:                /* If ITEM_HDR, an io_wrap owns the reference. */
    50552:  651:                if ((it->it_flags & ITEM_HDR) == 0) {
    50199:  652:                    resp->item = it;
        -:  653:                }
        -:  654:#else
        -:  655:                resp->item = it;
        -:  656:#endif
        -:  657:            } else {
    81605:  658:                pthread_mutex_lock(&c->thread->stats.mutex);
    81605:  659:                if (should_touch) {
        1:  660:                    c->thread->stats.touch_cmds++;
        1:  661:                    c->thread->stats.touch_misses++;
        -:  662:                } else {
    81604:  663:                    c->thread->stats.get_misses++;
    81604:  664:                    c->thread->stats.get_cmds++;
        -:  665:                }
    81605:  666:                MEMCACHED_COMMAND_GET(c->sfd, key, nkey, -1, 0);
    81605:  667:                pthread_mutex_unlock(&c->thread->stats.mutex);
        -:  668:            }
        -:  669:
   132157:  670:            key_token++;
   132157:  671:            if (key_token->length != 0) {
    18627:  672:                if (!resp_start(c)) {
        1:  673:                    goto stop;
        -:  674:                }
    18626:  675:                resp = c->resp;
        -:  676:            }
        -:  677:        }
        -:  678:
        -:  679:        /*
        -:  680:         * If the command string hasn't been fully processed, get the next set
        -:  681:         * of tokens.
        -:  682:         */
   113530:  683:        if (key_token->value != NULL) {
      844:  684:            ntokens = tokenize_command(key_token->value, tokens, MAX_TOKENS);
      844:  685:            key_token = tokens;
      844:  686:            if (!resp_start(c)) {
    #####:  687:                goto stop;
        -:  688:            }
      844:  689:            resp = c->resp;
        -:  690:        }
   113530:  691:    } while(key_token->value != NULL);
   112686:  692:stop:
        -:  693:
   112690:  694:    if (settings.verbose > 1)
    #####:  695:        fprintf(stderr, ">%d END\n", c->sfd);
        -:  696:
        -:  697:    /*
        -:  698:        If the loop was terminated because of out-of-memory, it is not
        -:  699:        reliable to add END\r\n to the buffer, because it might not end
        -:  700:        in \r\n. So we send SERVER_ERROR instead.
        -:  701:    */
   112690:  702:    if (key_token->value != NULL) {
        -:  703:        // Kill any stacked responses we had.
        4:  704:        conn_release_items(c);
        -:  705:        // Start a new response object for the error message.
        4:  706:        if (!resp_start(c)) {
        -:  707:            // severe out of memory error.
    #####:  708:            conn_set_state(c, conn_closing);
    #####:  709:            return;
        -:  710:        }
        4:  711:        if (fail_length) {
        2:  712:            out_string(c, "CLIENT_ERROR bad command line format");
        -:  713:        } else {
        2:  714:            out_of_memory(c, "SERVER_ERROR out of memory writing get response");
        -:  715:        }
        -:  716:    } else {
        -:  717:        // Tag the end token onto the most recent response object.
   112686:  718:        resp_add_iov(resp, "END\r\n", 5);
   112686:  719:        conn_set_state(c, conn_mwrite);
        -:  720:    }
        -:  721:}
        -:  722:
       10:  723:inline static void process_stats_detail(conn *c, const char *command) {
      10*:  724:    assert(c != NULL);
        -:  725:
       10:  726:    if (strcmp(command, "on") == 0) {
        1:  727:        settings.detail_enabled = 1;
        1:  728:        out_string(c, "OK");
        -:  729:    }
        9:  730:    else if (strcmp(command, "off") == 0) {
        1:  731:        settings.detail_enabled = 0;
        1:  732:        out_string(c, "OK");
        -:  733:    }
        8:  734:    else if (strcmp(command, "dump") == 0) {
        8:  735:        int len;
        8:  736:        char *stats = stats_prefix_dump(&len);
        8:  737:        write_and_free(c, stats, len);
        -:  738:    }
        -:  739:    else {
    #####:  740:        out_string(c, "CLIENT_ERROR usage: stats detail on|off|dump");
        -:  741:    }
       10:  742:}
        -:  743:
     5340:  744:static void process_stat(conn *c, token_t *tokens, const size_t ntokens) {
     5340:  745:    const char *subcommand = tokens[SUBCOMMAND_TOKEN].value;
    5340*:  746:    assert(c != NULL);
        -:  747:
     5340:  748:    if (ntokens < 2) {
    #####:  749:        out_string(c, "CLIENT_ERROR bad command line");
    #####:  750:        return;
        -:  751:    }
        -:  752:
     5340:  753:    if (ntokens == 2) {
     3742:  754:        server_stats(&append_stats, c);
     3742:  755:        (void)get_stats(NULL, 0, &append_stats, c);
     1598:  756:    } else if (strcmp(subcommand, "reset") == 0) {
        3:  757:        stats_reset();
        3:  758:        out_string(c, "RESET");
        3:  759:        return;
     1595:  760:    } else if (strcmp(subcommand, "detail") == 0) {
        -:  761:        /* NOTE: how to tackle detail with binary? */
       10:  762:        if (ntokens < 4)
    #####:  763:            process_stats_detail(c, "");  /* outputs the error message */
        -:  764:        else
       10:  765:            process_stats_detail(c, tokens[2].value);
        -:  766:        /* Output already generated */
       10:  767:        return;
     1585:  768:    } else if (strcmp(subcommand, "settings") == 0) {
       18:  769:        process_stat_settings(&append_stats, c);
     1567:  770:    } else if (strcmp(subcommand, "cachedump") == 0) {
        3:  771:        char *buf;
        3:  772:        unsigned int bytes, id, limit = 0;
        -:  773:
        3:  774:        if (!settings.dump_enabled) {
    #####:  775:            out_string(c, "CLIENT_ERROR stats cachedump not allowed");
    #####:  776:            return;
        -:  777:        }
        -:  778:
        3:  779:        if (ntokens < 5) {
    #####:  780:            out_string(c, "CLIENT_ERROR bad command line");
    #####:  781:            return;
        -:  782:        }
        -:  783:
        6:  784:        if (!safe_strtoul(tokens[2].value, &id) ||
        3:  785:            !safe_strtoul(tokens[3].value, &limit)) {
    #####:  786:            out_string(c, "CLIENT_ERROR bad command line format");
    #####:  787:            return;
        -:  788:        }
        -:  789:
        3:  790:        if (id >= MAX_NUMBER_OF_SLAB_CLASSES) {
        1:  791:            out_string(c, "CLIENT_ERROR Illegal slab id");
        1:  792:            return;
        -:  793:        }
        -:  794:
        2:  795:        buf = item_cachedump(id, limit, &bytes);
        2:  796:        write_and_free(c, buf, bytes);
        2:  797:        return;
     1564:  798:    } else if (strcmp(subcommand, "conns") == 0) {
        4:  799:        process_stats_conns(&append_stats, c);
        -:  800:#ifdef EXTSTORE
     1560:  801:    } else if (strcmp(subcommand, "extstore") == 0) {
    #####:  802:        process_extstore_stats(&append_stats, c);
        -:  803:#endif
        -:  804:#ifdef PROXY
        -:  805:    } else if (strcmp(subcommand, "proxy") == 0) {
        -:  806:        process_proxy_stats(settings.proxy_ctx, &append_stats, c);
        -:  807:#endif
        -:  808:    } else {
        -:  809:        /* getting here means that the subcommand is either engine specific or
        -:  810:           is invalid. query the engine and see. */
     1560:  811:        if (get_stats(subcommand, strlen(subcommand), &append_stats, c)) {
     1560:  812:            if (c->stats.buffer == NULL) {
    #####:  813:                out_of_memory(c, "SERVER_ERROR out of memory writing stats");
        -:  814:            } else {
     1560:  815:                write_and_free(c, c->stats.buffer, c->stats.offset);
     1560:  816:                c->stats.buffer = NULL;
        -:  817:            }
        -:  818:        } else {
    #####:  819:            out_string(c, "ERROR");
        -:  820:        }
     1560:  821:        return;
        -:  822:    }
        -:  823:
        -:  824:    /* append terminator and start the transfer */
     3764:  825:    append_stats(NULL, 0, NULL, 0, c);
        -:  826:
     3764:  827:    if (c->stats.buffer == NULL) {
    #####:  828:        out_of_memory(c, "SERVER_ERROR out of memory writing stats");
        -:  829:    } else {
     3764:  830:        write_and_free(c, c->stats.buffer, c->stats.offset);
     3764:  831:        c->stats.buffer = NULL;
        -:  832:    }
        -:  833:}
        -:  834:
        -:  835:// slow snprintf for debugging purposes.
        2:  836:static void process_meta_command(conn *c, token_t *tokens, const size_t ntokens) {
       2*:  837:    assert(c != NULL);
        -:  838:
        2:  839:    if (ntokens < 3 || tokens[KEY_TOKEN].length > KEY_MAX_LENGTH) {
    #####:  840:        out_string(c, "CLIENT_ERROR bad command line format");
    #####:  841:        return;
        -:  842:    }
        -:  843:
        2:  844:    char *key = tokens[KEY_TOKEN].value;
        2:  845:    size_t nkey = tokens[KEY_TOKEN].length;
        -:  846:
       2*:  847:    if (ntokens >= 4 && tokens[2].length == 1 && tokens[2].value[0] == 'b') {
    #####:  848:        size_t ret = base64_decode((unsigned char *)key, nkey,
        -:  849:                    (unsigned char *)key, nkey);
    #####:  850:        if (ret == 0) {
        -:  851:            // failed to decode.
    #####:  852:            out_string(c, "CLIENT_ERROR bad command line format");
    #####:  853:            return;
        -:  854:        }
        -:  855:        nkey = ret;
        -:  856:    }
        -:  857:
        2:  858:    bool overflow; // not used here.
        2:  859:    item *it = limited_get(key, nkey, c->thread, 0, false, DONT_UPDATE, &overflow);
        2:  860:    if (it) {
        1:  861:        mc_resp *resp = c->resp;
        1:  862:        size_t total = 0;
        1:  863:        size_t ret;
        -:  864:        // similar to out_string().
        1:  865:        memcpy(resp->wbuf, "ME ", 3);
        1:  866:        total += 3;
        1:  867:        if (it->it_flags & ITEM_KEY_BINARY) {
        -:  868:            // re-encode from memory rather than copy the original key;
        -:  869:            // to help give confidence that what in memory is what we asked
        -:  870:            // for.
    #####:  871:            total += base64_encode((unsigned char *) ITEM_key(it), it->nkey, (unsigned char *)resp->wbuf + total, WRITE_BUFFER_SIZE - total);
        -:  872:        } else {
        1:  873:            memcpy(resp->wbuf + total, ITEM_key(it), it->nkey);
        1:  874:            total += it->nkey;
        -:  875:        }
        1:  876:        resp->wbuf[total] = ' ';
        1:  877:        total++;
        -:  878:
       2*:  879:        ret = snprintf(resp->wbuf + total, WRITE_BUFFER_SIZE - (it->nkey + 12),
        -:  880:                "exp=%d la=%llu cas=%llu fetch=%s cls=%u size=%lu\r\n",
    #####:  881:                (it->exptime == 0) ? -1 : (current_time - it->exptime),
        1:  882:                (unsigned long long)(current_time - it->time),
        -:  883:                (unsigned long long)ITEM_get_cas(it),
        -:  884:                (it->it_flags & ITEM_FETCHED) ? "yes" : "no",
        1:  885:                ITEM_clsid(it),
        1:  886:                (unsigned long) ITEM_ntotal(it));
        -:  887:
        1:  888:        item_remove(it);
        1:  889:        resp->wbytes = total + ret;
        1:  890:        resp_add_iov(resp, resp->wbuf, resp->wbytes);
        1:  891:        conn_set_state(c, conn_new_cmd);
        -:  892:    } else {
        1:  893:        out_string(c, "EN");
        -:  894:    }
        2:  895:    pthread_mutex_lock(&c->thread->stats.mutex);
        2:  896:    c->thread->stats.meta_cmds++;
        2:  897:    pthread_mutex_unlock(&c->thread->stats.mutex);
        -:  898:}
        -:  899:
        -:  900:#define MFLAG_MAX_OPT_LENGTH 20
        -:  901:#define MFLAG_MAX_OPAQUE_LENGTH 32
        -:  902:
        -:  903:struct _meta_flags {
        -:  904:    unsigned int has_error :1; // flipped if we found an error during parsing.
        -:  905:    unsigned int no_update :1;
        -:  906:    unsigned int locked :1;
        -:  907:    unsigned int vivify :1;
        -:  908:    unsigned int la :1;
        -:  909:    unsigned int hit :1;
        -:  910:    unsigned int value :1;
        -:  911:    unsigned int set_stale :1;
        -:  912:    unsigned int no_reply :1;
        -:  913:    unsigned int has_cas :1;
        -:  914:    unsigned int new_ttl :1;
        -:  915:    unsigned int key_binary:1;
        -:  916:    char mode; // single character mode switch, common to ms/ma
        -:  917:    rel_time_t exptime;
        -:  918:    rel_time_t autoviv_exptime;
        -:  919:    rel_time_t recache_time;
        -:  920:    uint32_t client_flags;
        -:  921:    uint64_t req_cas_id;
        -:  922:    uint64_t delta; // ma
        -:  923:    uint64_t initial; // ma
        -:  924:};
        -:  925:
     1374:  926:static int _meta_flag_preparse(token_t *tokens, const size_t start,
        -:  927:        struct _meta_flags *of, char **errstr) {
     1374:  928:    unsigned int i;
     1374:  929:    size_t ret;
     1374:  930:    int32_t tmp_int;
     1374:  931:    uint8_t seen[127] = {0};
        -:  932:    // Start just past the key token. Look at first character of each token.
     1625:  933:    for (i = start; tokens[i].length != 0; i++) {
      252:  934:        uint8_t o = (uint8_t)tokens[i].value[0];
        -:  935:        // zero out repeat flags so we don't over-parse for return data.
      252:  936:        if (o >= 127 || seen[o] != 0) {
    #####:  937:            *errstr = "CLIENT_ERROR duplicate flag";
    #####:  938:            return -1;
        -:  939:        }
      252:  940:        seen[o] = 1;
      252:  941:        switch (o) {
        -:  942:            // base64 decode the key in-place, as the binary should always be
        -:  943:            // shorter and the conversion code buffers bytes.
        2:  944:            case 'b':
        4:  945:                ret = base64_decode((unsigned char *)tokens[KEY_TOKEN].value, tokens[KEY_TOKEN].length,
        2:  946:                            (unsigned char *)tokens[KEY_TOKEN].value, tokens[KEY_TOKEN].length);
        2:  947:                if (ret == 0) {
        -:  948:                    // Failed to decode
    #####:  949:                    *errstr = "CLIENT_ERROR error decoding key";
    #####:  950:                    of->has_error = 1;
        -:  951:                }
        2:  952:                tokens[KEY_TOKEN].length = ret;
        2:  953:                of->key_binary = 1;
        2:  954:                break;
        -:  955:            /* Negative exptimes can underflow and end up immortal. realtime() will
        -:  956:               immediately expire values that are greater than REALTIME_MAXDELTA, but less
        -:  957:               than process_started, so lets aim for that. */
       18:  958:            case 'N':
       18:  959:                of->locked = 1;
       18:  960:                of->vivify = 1;
       18:  961:                if (!safe_strtol(tokens[i].value+1, &tmp_int)) {
    #####:  962:                    *errstr = "CLIENT_ERROR bad token in command line format";
    #####:  963:                    of->has_error = 1;
        -:  964:                } else {
       36:  965:                    of->autoviv_exptime = realtime(EXPTIME_TO_POSITIVE_TIME(tmp_int));
        -:  966:                }
        -:  967:                break;
       29:  968:            case 'T':
       29:  969:                of->locked = 1;
       29:  970:                if (!safe_strtol(tokens[i].value+1, &tmp_int)) {
    #####:  971:                    *errstr = "CLIENT_ERROR bad token in command line format";
    #####:  972:                    of->has_error = 1;
        -:  973:                } else {
       58:  974:                    of->exptime = realtime(EXPTIME_TO_POSITIVE_TIME(tmp_int));
       29:  975:                    of->new_ttl = true;
        -:  976:                }
        -:  977:                break;
        2:  978:            case 'R':
        2:  979:                of->locked = 1;
        2:  980:                if (!safe_strtol(tokens[i].value+1, &tmp_int)) {
    #####:  981:                    *errstr = "CLIENT_ERROR bad token in command line format";
    #####:  982:                    of->has_error = 1;
        -:  983:                } else {
        4:  984:                    of->recache_time = realtime(EXPTIME_TO_POSITIVE_TIME(tmp_int));
        -:  985:                }
        -:  986:                break;
        1:  987:            case 'l':
        1:  988:                of->la = 1;
        1:  989:                of->locked = 1; // need locked to delay LRU bump
        1:  990:                break;
        -:  991:            case 'O':
        -:  992:            case 'P':
        -:  993:            case 'L':
        -:  994:                break;
        -:  995:            case 'k': // known but no special handling
        -:  996:            case 's':
        -:  997:            case 't':
        -:  998:            case 'c':
        -:  999:            case 'f':
        -: 1000:                break;
       53: 1001:            case 'v':
       53: 1002:                of->value = 1;
       53: 1003:                break;
        5: 1004:            case 'h':
        5: 1005:                of->locked = 1; // need locked to delay LRU bump
        5: 1006:                break;
        2: 1007:            case 'u':
        2: 1008:                of->no_update = 1;
        2: 1009:                break;
       10: 1010:            case 'q':
       10: 1011:                of->no_reply = 1;
       10: 1012:                break;
        -: 1013:            // mset-related.
    #####: 1014:            case 'F':
    #####: 1015:                if (!safe_strtoul(tokens[i].value+1, &of->client_flags)) {
    #####: 1016:                    of->has_error = true;
        -: 1017:                }
        -: 1018:                break;
       14: 1019:            case 'C': // mset, mdelete, marithmetic
       14: 1020:                if (!safe_strtoull(tokens[i].value+1, &of->req_cas_id)) {
    #####: 1021:                    *errstr = "CLIENT_ERROR bad token in command line format";
    #####: 1022:                    of->has_error = true;
        -: 1023:                } else {
       14: 1024:                    of->has_cas = true;
        -: 1025:                }
        -: 1026:                break;
       15: 1027:            case 'M': // mset and marithmetic mode switch
       15: 1028:                if (tokens[i].length != 2) {
    #####: 1029:                    *errstr = "CLIENT_ERROR incorrect length for M token";
    #####: 1030:                    of->has_error = 1;
        -: 1031:                } else {
       15: 1032:                    of->mode = tokens[i].value[1];
        -: 1033:                }
        -: 1034:                break;
        5: 1035:            case 'J': // marithmetic initial value
        5: 1036:                if (!safe_strtoull(tokens[i].value+1, &of->initial)) {
    #####: 1037:                    *errstr = "CLIENT_ERROR invalid numeric initial value";
    #####: 1038:                    of->has_error = 1;
        -: 1039:                }
        -: 1040:                break;
        5: 1041:            case 'D': // marithmetic delta value
        5: 1042:                if (!safe_strtoull(tokens[i].value+1, &of->delta)) {
    #####: 1043:                    *errstr = "CLIENT_ERROR invalid numeric delta value";
    #####: 1044:                    of->has_error = 1;
        -: 1045:                }
        -: 1046:                break;
        3: 1047:            case 'I':
        3: 1048:                of->set_stale = 1;
        3: 1049:                break;
        1: 1050:            default: // unknown flag, bail.
        1: 1051:                *errstr = "CLIENT_ERROR invalid flag";
        1: 1052:                return -1;
        -: 1053:        }
        -: 1054:    }
        -: 1055:
     1373: 1056:    return of->has_error ? -1 : 0;
        -: 1057:}
        -: 1058:
     1310: 1059:static void process_mget_command(conn *c, token_t *tokens, const size_t ntokens) {
     1310: 1060:    char *key;
     1310: 1061:    size_t nkey;
     1310: 1062:    item *it;
     1310: 1063:    unsigned int i = 0;
     1310: 1064:    struct _meta_flags of = {0}; // option bitflags.
     1310: 1065:    uint32_t hv; // cached hash value for unlocking an item.
     1310: 1066:    bool failed = false;
     1310: 1067:    bool item_created = false;
     1310: 1068:    bool won_token = false;
     1310: 1069:    bool ttl_set = false;
     1310: 1070:    char *errstr = "CLIENT_ERROR bad command line format";
    1310*: 1071:    assert(c != NULL);
     1310: 1072:    mc_resp *resp = c->resp;
     1310: 1073:    char *p = resp->wbuf;
        -: 1074:
    2620*: 1075:    WANT_TOKENS_MIN(ntokens, 3);
        -: 1076:
        -: 1077:    // FIXME: do we move this check to after preparse?
     1310: 1078:    if (tokens[KEY_TOKEN].length > KEY_MAX_LENGTH) {
    #####: 1079:        out_errstring(c, "CLIENT_ERROR bad command line format");
    #####: 1080:        return;
        -: 1081:    }
        -: 1082:
        -: 1083:    // NOTE: final token has length == 0.
        -: 1084:    // KEY_TOKEN == 1. 0 is command.
        -: 1085:
     1310: 1086:    if (ntokens > MFLAG_MAX_OPT_LENGTH) {
        -: 1087:        // TODO: ensure the command tokenizer gives us at least this many
    #####: 1088:        out_errstring(c, "CLIENT_ERROR options flags are too long");
    #####: 1089:        return;
        -: 1090:    }
        -: 1091:
        -: 1092:    // scrubs duplicated options and sets flags for how to load the item.
        -: 1093:    // we pass in the first token that should be a flag.
     1310: 1094:    if (_meta_flag_preparse(tokens, 2, &of, &errstr) != 0) {
        1: 1095:        out_errstring(c, errstr);
        1: 1096:        return;
        -: 1097:    }
     1309: 1098:    c->noreply = of.no_reply;
        -: 1099:
        -: 1100:    // Grab key and length after meta preparsing in case it was decoded.
     1309: 1101:    key = tokens[KEY_TOKEN].value;
     1309: 1102:    nkey = tokens[KEY_TOKEN].length;
        -: 1103:
        -: 1104:    // TODO: need to indicate if the item was overflowed or not?
        -: 1105:    // I think we do, since an overflow shouldn't trigger an alloc/replace.
     1309: 1106:    bool overflow = false;
     1309: 1107:    if (!of.locked) {
     1295: 1108:        it = limited_get(key, nkey, c->thread, 0, false, !of.no_update, &overflow);
        -: 1109:    } else {
        -: 1110:        // If we had to lock the item, we're doing our own bump later.
       14: 1111:        it = limited_get_locked(key, nkey, c->thread, DONT_UPDATE, &hv, &overflow);
        -: 1112:    }
        -: 1113:
        -: 1114:    // Since we're a new protocol, we can actually inform users that refcount
        -: 1115:    // overflow is happening by straight up throwing an error.
        -: 1116:    // We definitely don't want to re-autovivify by accident.
     1309: 1117:    if (overflow) {
    #####: 1118:        assert(it == NULL);
    #####: 1119:        out_errstring(c, "SERVER_ERROR refcount overflow during fetch");
    #####: 1120:        return;
        -: 1121:    }
        -: 1122:
     1309: 1123:    if (it == NULL && of.vivify) {
        -: 1124:        // Fill in the exptime during parsing later.
        2: 1125:        it = item_alloc(key, nkey, 0, realtime(0), 2);
        -: 1126:        // We don't actually need any of do_store_item's logic:
        -: 1127:        // - already fetched and missed an existing item.
        -: 1128:        // - lock is still held.
        -: 1129:        // - not append/prepend/replace
        -: 1130:        // - not testing CAS
        2: 1131:        if (it != NULL) {
        -: 1132:            // I look forward to the day I get rid of this :)
        2: 1133:            memcpy(ITEM_data(it), "\r\n", 2);
        -: 1134:            // NOTE: This initializes the CAS value.
        2: 1135:            do_item_link(it, hv);
        2: 1136:            item_created = true;
        -: 1137:        }
        -: 1138:    }
        -: 1139:
        -: 1140:    // don't have to check result of add_iov() since the iov size defaults are
        -: 1141:    // enough.
     1309: 1142:    if (it) {
     1291: 1143:        if (of.value) {
       26: 1144:            memcpy(p, "VA ", 3);
       26: 1145:            p = itoa_u32(it->nbytes-2, p+3);
        -: 1146:        } else {
     1265: 1147:            memcpy(p, "HD", 2);
     1265: 1148:            p += 2;
        -: 1149:        }
        -: 1150:
     1408: 1151:        for (i = KEY_TOKEN+1; i < ntokens-1; i++) {
      117: 1152:            switch (tokens[i].value[0]) {
        1: 1153:                case 'T':
        1: 1154:                    ttl_set = true;
        1: 1155:                    it->exptime = of.exptime;
        1: 1156:                    break;
        7: 1157:                case 'N':
        7: 1158:                    if (item_created) {
        2: 1159:                        it->exptime = of.autoviv_exptime;
        2: 1160:                        won_token = true;
        -: 1161:                    }
        -: 1162:                    break;
        2: 1163:                case 'R':
        -: 1164:                    // If we haven't autovivified and supplied token is less
        -: 1165:                    // than current TTL, mark a win.
        2: 1166:                    if ((it->it_flags & ITEM_TOKEN_SENT) == 0
        1: 1167:                            && !item_created
        1: 1168:                            && it->exptime != 0
        1: 1169:                            && it->exptime < of.recache_time) {
        1: 1170:                        won_token = true;
        -: 1171:                    }
        -: 1172:                    break;
       32: 1173:                case 's':
       32: 1174:                    META_CHAR(p, 's');
       32: 1175:                    p = itoa_u32(it->nbytes-2, p);
       32: 1176:                    break;
       21: 1177:                case 't':
        -: 1178:                    // TTL remaining as of this request.
        -: 1179:                    // needs to be relative because server clocks may not be in sync.
       21: 1180:                    META_CHAR(p, 't');
       21: 1181:                    if (it->exptime == 0) {
    #####: 1182:                        *p = '-';
    #####: 1183:                        *(p+1) = '1';
    #####: 1184:                        p += 2;
        -: 1185:                    } else {
       21: 1186:                        p = itoa_u32(it->exptime - current_time, p);
        -: 1187:                    }
        -: 1188:                    break;
       11: 1189:                case 'c':
       11: 1190:                    META_CHAR(p, 'c');
       11: 1191:                    p = itoa_u64(ITEM_get_cas(it), p);
       11: 1192:                    break;
    #####: 1193:                case 'f':
    #####: 1194:                    META_CHAR(p, 'f');
    #####: 1195:                    if (FLAGS_SIZE(it) == 0) {
    #####: 1196:                        *p = '0';
    #####: 1197:                        p++;
        -: 1198:                    } else {
    #####: 1199:                        p = itoa_u32(*((uint32_t *) ITEM_suffix(it)), p);
        -: 1200:                    }
        -: 1201:                    break;
        1: 1202:                case 'l':
        1: 1203:                    META_CHAR(p, 'l');
        1: 1204:                    p = itoa_u32(current_time - it->time, p);
        1: 1205:                    break;
        5: 1206:                case 'h':
        5: 1207:                    META_CHAR(p, 'h');
        5: 1208:                    if (it->it_flags & ITEM_FETCHED) {
        2: 1209:                        *p = '1';
        -: 1210:                    } else {
        3: 1211:                        *p = '0';
        -: 1212:                    }
        5: 1213:                    p++;
        5: 1214:                    break;
        2: 1215:                case 'O':
        2: 1216:                    if (tokens[i].length > MFLAG_MAX_OPAQUE_LENGTH) {
    #####: 1217:                        errstr = "CLIENT_ERROR opaque token too long";
    #####: 1218:                        goto error;
        -: 1219:                    }
        2: 1220:                    META_SPACE(p);
        2: 1221:                    memcpy(p, tokens[i].value, tokens[i].length);
        2: 1222:                    p += tokens[i].length;
        2: 1223:                    break;
        3: 1224:                case 'k':
        3: 1225:                    META_KEY(p, ITEM_key(it), it->nkey, (it->it_flags & ITEM_KEY_BINARY));
        -: 1226:                    break;
        -: 1227:            }
        -: 1228:        }
        -: 1229:
        -: 1230:        // Has this item already sent a token?
        -: 1231:        // Important to do this here so we don't send W with Z.
        -: 1232:        // Isn't critical, but easier for client authors to understand.
     1291: 1233:        if (it->it_flags & ITEM_TOKEN_SENT) {
        3: 1234:            META_CHAR(p, 'Z');
        -: 1235:        }
     1291: 1236:        if (it->it_flags & ITEM_STALE) {
        3: 1237:            META_CHAR(p, 'X');
        -: 1238:            // FIXME: think hard about this. is this a default, or a flag?
        3: 1239:            if ((it->it_flags & ITEM_TOKEN_SENT) == 0) {
        -: 1240:                // If we're stale but no token already sent, now send one.
        -: 1241:                won_token = true;
        -: 1242:            }
        -: 1243:        }
        -: 1244:
     1289: 1245:        if (won_token) {
        -: 1246:            // Mark a win into the flag buffer.
        5: 1247:            META_CHAR(p, 'W');
        5: 1248:            it->it_flags |= ITEM_TOKEN_SENT;
        -: 1249:        }
        -: 1250:
     1291: 1251:        *p = '\r';
     1291: 1252:        *(p+1) = '\n';
     1291: 1253:        *(p+2) = '\0';
     1291: 1254:        p += 2;
        -: 1255:        // finally, chain in the buffer.
     1291: 1256:        resp_add_iov(resp, resp->wbuf, p - resp->wbuf);
        -: 1257:
     1291: 1258:        if (of.value) {
        -: 1259:#ifdef EXTSTORE
       26: 1260:            if (it->it_flags & ITEM_HDR) {
        2: 1261:                if (storage_get_item(c, it, resp) != 0) {
    #####: 1262:                    pthread_mutex_lock(&c->thread->stats.mutex);
    #####: 1263:                    c->thread->stats.get_oom_extstore++;
    #####: 1264:                    pthread_mutex_unlock(&c->thread->stats.mutex);
        -: 1265:
    #####: 1266:                    failed = true;
        -: 1267:                }
       24: 1268:            } else if ((it->it_flags & ITEM_CHUNKED) == 0) {
       24: 1269:                resp_add_iov(resp, ITEM_data(it), it->nbytes);
        -: 1270:            } else {
    #####: 1271:                resp_add_chunked_iov(resp, it, it->nbytes);
        -: 1272:            }
        -: 1273:#else
        -: 1274:            if ((it->it_flags & ITEM_CHUNKED) == 0) {
        -: 1275:                resp_add_iov(resp, ITEM_data(it), it->nbytes);
        -: 1276:            } else {
        -: 1277:                resp_add_chunked_iov(resp, it, it->nbytes);
        -: 1278:            }
        -: 1279:#endif
        -: 1280:        }
        -: 1281:
        -: 1282:        // need to hold the ref at least because of the key above.
        -: 1283:#ifdef EXTSTORE
      24*: 1284:        if (!failed) {
     1291: 1285:            if ((it->it_flags & ITEM_HDR) != 0 && of.value) {
        -: 1286:                // Only have extstore clean if header and returning value.
        2: 1287:                resp->item = NULL;
        -: 1288:            } else {
     1289: 1289:                resp->item = it;
        -: 1290:            }
        -: 1291:        } else {
        -: 1292:            // Failed to set up extstore fetch.
    #####: 1293:            if (of.locked) {
    #####: 1294:                do_item_remove(it);
        -: 1295:            } else {
    #####: 1296:                item_remove(it);
        -: 1297:            }
        -: 1298:        }
        -: 1299:#else
        -: 1300:        resp->item = it;
        -: 1301:#endif
        -: 1302:    } else {
        -: 1303:        failed = true;
        -: 1304:    }
        -: 1305:
     1309: 1306:    if (of.locked) {
        -: 1307:        // Delayed bump so we could get fetched/last access time pre-update.
       14: 1308:        if (!of.no_update && it != NULL) {
       12: 1309:            do_item_bump(c->thread, it, hv);
        -: 1310:        }
       14: 1311:        item_unlock(hv);
        -: 1312:    }
        -: 1313:
        -: 1314:    // we count this command as a normal one if we've gotten this far.
        -: 1315:    // TODO: for autovivify case, miss never happens. Is this okay?
     1309: 1316:    if (!failed) {
     1291: 1317:        pthread_mutex_lock(&c->thread->stats.mutex);
     1291: 1318:        if (ttl_set) {
        1: 1319:            c->thread->stats.touch_cmds++;
        1: 1320:            c->thread->stats.slab_stats[ITEM_clsid(it)].touch_hits++;
        -: 1321:        } else {
     1290: 1322:            c->thread->stats.lru_hits[it->slabs_clsid]++;
     1290: 1323:            c->thread->stats.get_cmds++;
        -: 1324:        }
     1291: 1325:        pthread_mutex_unlock(&c->thread->stats.mutex);
        -: 1326:
     1291: 1327:        conn_set_state(c, conn_new_cmd);
        -: 1328:    } else {
       18: 1329:        pthread_mutex_lock(&c->thread->stats.mutex);
       18: 1330:        if (ttl_set) {
    #####: 1331:            c->thread->stats.touch_cmds++;
    #####: 1332:            c->thread->stats.touch_misses++;
        -: 1333:        } else {
       18: 1334:            c->thread->stats.get_misses++;
       18: 1335:            c->thread->stats.get_cmds++;
        -: 1336:        }
       18: 1337:        MEMCACHED_COMMAND_GET(c->sfd, key, nkey, -1, 0);
       18: 1338:        pthread_mutex_unlock(&c->thread->stats.mutex);
        -: 1339:
        -: 1340:        // This gets elided in noreply mode.
       18: 1341:        if (c->noreply)
        3: 1342:            resp->skip = true;
       18: 1343:        memcpy(p, "EN", 2);
       18: 1344:        p += 2;
       41: 1345:        for (i = KEY_TOKEN+1; i < ntokens-1; i++) {
       23: 1346:            switch (tokens[i].value[0]) {
        -: 1347:                // TODO: macro perhaps?
    #####: 1348:                case 'O':
    #####: 1349:                    if (tokens[i].length > MFLAG_MAX_OPAQUE_LENGTH) {
    #####: 1350:                        errstr = "CLIENT_ERROR opaque token too long";
    #####: 1351:                        goto error;
        -: 1352:                    }
    #####: 1353:                    META_SPACE(p);
    #####: 1354:                    memcpy(p, tokens[i].value, tokens[i].length);
    #####: 1355:                    p += tokens[i].length;
    #####: 1356:                    break;
    #####: 1357:                case 'k':
    #####: 1358:                    META_KEY(p, key, nkey, of.key_binary);
        -: 1359:                    break;
        -: 1360:            }
        -: 1361:        }
       18: 1362:        resp->wbytes = p - resp->wbuf;
       18: 1363:        memcpy(resp->wbuf + resp->wbytes, "\r\n", 2);
       18: 1364:        resp->wbytes += 2;
       18: 1365:        resp_add_iov(resp, resp->wbuf, resp->wbytes);
       18: 1366:        conn_set_state(c, conn_new_cmd);
        -: 1367:    }
        -: 1368:    return;
    #####: 1369:error:
    #####: 1370:    if (it) {
    #####: 1371:        do_item_remove(it);
    #####: 1372:        if (of.locked) {
    #####: 1373:            item_unlock(hv);
        -: 1374:        }
        -: 1375:    }
    #####: 1376:    out_errstring(c, errstr);
        -: 1377:}
        -: 1378:
       41: 1379:static void process_mset_command(conn *c, token_t *tokens, const size_t ntokens) {
       41: 1380:    char *key;
       41: 1381:    size_t nkey;
       41: 1382:    item *it;
       41: 1383:    int i;
       41: 1384:    short comm = NREAD_SET;
       41: 1385:    struct _meta_flags of = {0}; // option bitflags.
       41: 1386:    char *errstr = "CLIENT_ERROR bad command line format";
       41: 1387:    uint32_t hv; // cached hash value.
       41: 1388:    int vlen = 0; // value from data line.
      41*: 1389:    assert(c != NULL);
       41: 1390:    mc_resp *resp = c->resp;
       41: 1391:    char *p = resp->wbuf;
       41: 1392:    rel_time_t exptime = 0;
        -: 1393:
      81*: 1394:    WANT_TOKENS_MIN(ntokens, 3);
        -: 1395:
        -: 1396:    // TODO: most of this is identical to mget.
       41: 1397:    if (tokens[KEY_TOKEN].length > KEY_MAX_LENGTH) {
    #####: 1398:        out_errstring(c, "CLIENT_ERROR bad command line format");
    #####: 1399:        return;
        -: 1400:    }
        -: 1401:
       41: 1402:    if (ntokens == 3) {
        1: 1403:        out_errstring(c, "CLIENT_ERROR bad command line format");
        1: 1404:        return;
        -: 1405:    }
        -: 1406:
       40: 1407:    if (ntokens > MFLAG_MAX_OPT_LENGTH) {
    #####: 1408:        out_errstring(c, "CLIENT_ERROR options flags too long");
    #####: 1409:        return;
        -: 1410:    }
        -: 1411:
        -: 1412:    // We note tokens into the front of the write buffer, so we can create the
        -: 1413:    // final buffer in complete_nread_ascii.
       40: 1414:    p = resp->wbuf;
        -: 1415:
       40: 1416:    if (!safe_strtol(tokens[KEY_TOKEN + 1].value, (int32_t*)&vlen)) {
    #####: 1417:        out_errstring(c, "CLIENT_ERROR bad command line format");
    #####: 1418:        return;
        -: 1419:    }
        -: 1420:
       40: 1421:    if (vlen < 0 || vlen > (INT_MAX - 2)) {
    #####: 1422:        out_errstring(c, "CLIENT_ERROR bad command line format");
    #####: 1423:        return;
        -: 1424:    }
       40: 1425:    vlen += 2;
        -: 1426:
        -: 1427:    // We need to at least try to get the size to properly slurp bad bytes
        -: 1428:    // after an error.
        -: 1429:    // we pass in the first token that should be a flag.
       40: 1430:    if (_meta_flag_preparse(tokens, 3, &of, &errstr) != 0) {
    #####: 1431:        goto error;
        -: 1432:    }
        -: 1433:
       40: 1434:    key = tokens[KEY_TOKEN].value;
       40: 1435:    nkey = tokens[KEY_TOKEN].length;
        -: 1436:
        -: 1437:    // Set noreply after tokens are understood.
       40: 1438:    c->noreply = of.no_reply;
        -: 1439:    // Clear cas return value
       40: 1440:    c->cas = 0;
       40: 1441:    exptime = of.exptime;
        -: 1442:
       40: 1443:    bool has_error = false;
      143: 1444:    for (i = KEY_TOKEN+1; i < ntokens-1; i++) {
      103: 1445:        switch (tokens[i].value[0]) {
        -: 1446:            // TODO: macro perhaps?
        1: 1447:            case 'O':
        1: 1448:                if (tokens[i].length > MFLAG_MAX_OPAQUE_LENGTH) {
    #####: 1449:                    errstr = "CLIENT_ERROR opaque token too long";
    #####: 1450:                    has_error = true;
    #####: 1451:                    break;
        -: 1452:                }
        1: 1453:                META_SPACE(p);
        1: 1454:                memcpy(p, tokens[i].value, tokens[i].length);
        1: 1455:                p += tokens[i].length;
        1: 1456:                break;
        1: 1457:            case 'k':
        1: 1458:                META_CHAR(p, 'k');
        1: 1459:                break;
        4: 1460:            case 'c':
        -: 1461:                // need to set the cas value post-assignment.
        4: 1462:                META_CHAR(p, 'c');
        4: 1463:                break;
        2: 1464:            case 's':
        -: 1465:                // get the final size post-fill
        2: 1466:                META_CHAR(p, 's');
        2: 1467:                break;
        -: 1468:        }
        -: 1469:    }
        -: 1470:
        -: 1471:    // "mode switch" to alternative commands
       40: 1472:    switch (of.mode) {
        -: 1473:        case 0:
        -: 1474:            break; // no mode supplied.
        2: 1475:        case 'E': // Add...
        2: 1476:            comm = NREAD_ADD;
        2: 1477:            break;
        6: 1478:        case 'A': // Append.
        6: 1479:            if (of.vivify) {
        2: 1480:                comm = NREAD_APPENDVIV;
        2: 1481:                exptime = of.autoviv_exptime;
        -: 1482:            } else {
        -: 1483:                comm = NREAD_APPEND;
        -: 1484:            }
        -: 1485:            break;
        1: 1486:        case 'P': // Prepend.
        1: 1487:            if (of.vivify) {
    #####: 1488:                comm = NREAD_PREPENDVIV;
    #####: 1489:                exptime = of.autoviv_exptime;
        -: 1490:            } else {
        -: 1491:                comm = NREAD_PREPEND;
        -: 1492:            }
        -: 1493:            break;
        2: 1494:        case 'R': // Replace.
        2: 1495:            comm = NREAD_REPLACE;
        2: 1496:            break;
        -: 1497:        case 'S': // Set. Default.
        -: 1498:            comm = NREAD_SET;
        -: 1499:            break;
        1: 1500:        default:
        1: 1501:            errstr = "CLIENT_ERROR invalid mode for ms M token";
        1: 1502:            goto error;
        -: 1503:    }
        -: 1504:
        -: 1505:    // The item storage function doesn't exactly map to mset.
        -: 1506:    // If a CAS value is supplied, upgrade default SET mode to CAS mode.
        -: 1507:    // Also allows REPLACE to work, as REPLACE + CAS works the same as CAS.
        -: 1508:    // add-with-cas works the same as add; but could only LRU bump if match..
        -: 1509:    // APPEND/PREPEND allow a simplified CAS check.
       39: 1510:    if (of.has_cas && (comm == NREAD_SET || comm == NREAD_REPLACE)) {
        8: 1511:        comm = NREAD_CAS;
        -: 1512:    }
        -: 1513:
        -: 1514:    // We attempt to process as much as we can in hopes of getting a valid and
        -: 1515:    // adjusted vlen, or else the data swallowed after error will be for 0b.
       39: 1516:    if (has_error)
    #####: 1517:        goto error;
        -: 1518:
       39: 1519:    it = item_alloc(key, nkey, of.client_flags, exptime, vlen);
        -: 1520:
       39: 1521:    if (it == 0) {
    #####: 1522:        enum store_item_type status;
        -: 1523:        // TODO: These could be normalized codes (TL and OM). Need to
        -: 1524:        // reorganize the output stuff a bit though.
    #####: 1525:        if (! item_size_ok(nkey, of.client_flags, vlen)) {
    #####: 1526:            errstr = "SERVER_ERROR object too large for cache";
    #####: 1527:            status = TOO_LARGE;
    #####: 1528:            pthread_mutex_lock(&c->thread->stats.mutex);
    #####: 1529:            c->thread->stats.store_too_large++;
    #####: 1530:            pthread_mutex_unlock(&c->thread->stats.mutex);
        -: 1531:        } else {
    #####: 1532:            errstr = "SERVER_ERROR out of memory storing object";
    #####: 1533:            status = NO_MEMORY;
    #####: 1534:            pthread_mutex_lock(&c->thread->stats.mutex);
    #####: 1535:            c->thread->stats.store_no_memory++;
    #####: 1536:            pthread_mutex_unlock(&c->thread->stats.mutex);
        -: 1537:        }
        -: 1538:        // FIXME: LOGGER_LOG specific to mset, include options.
    #####: 1539:        LOGGER_LOG(c->thread->l, LOG_MUTATIONS, LOGGER_ITEM_STORE,
        -: 1540:                NULL, status, comm, key, nkey, 0, 0);
        -: 1541:
        -: 1542:        /* Avoid stale data persisting in cache because we failed alloc. */
        -: 1543:        // NOTE: only if SET mode?
    #####: 1544:        it = item_get_locked(key, nkey, c->thread, DONT_UPDATE, &hv);
    #####: 1545:        if (it) {
    #####: 1546:            do_item_unlink(it, hv);
    #####: 1547:            STORAGE_delete(c->thread->storage, it);
    #####: 1548:            do_item_remove(it);
        -: 1549:        }
    #####: 1550:        item_unlock(hv);
        -: 1551:
    #####: 1552:        goto error;
        -: 1553:    }
       39: 1554:    ITEM_set_cas(it, of.req_cas_id);
        -: 1555:
       39: 1556:    c->item = it;
        -: 1557:#ifdef NEED_ALIGN
        -: 1558:    if (it->it_flags & ITEM_CHUNKED) {
        -: 1559:        c->ritem = ITEM_schunk(it);
        -: 1560:    } else {
        -: 1561:        c->ritem = ITEM_data(it);
        -: 1562:    }
        -: 1563:#else
       39: 1564:    c->ritem = ITEM_data(it);
        -: 1565:#endif
       39: 1566:    c->rlbytes = it->nbytes;
       39: 1567:    c->cmd = comm;
        -: 1568:
        -: 1569:    // Prevent printing back the key in meta commands as garbage.
       39: 1570:    if (of.key_binary) {
        1: 1571:        it->it_flags |= ITEM_KEY_BINARY;
        -: 1572:    }
        -: 1573:
       39: 1574:    if (of.set_stale && comm == NREAD_CAS) {
        1: 1575:        c->set_stale = true;
        -: 1576:    }
       39: 1577:    resp->wbytes = p - resp->wbuf;
        -: 1578:    // we don't set up the iov here, instead after complete_nread_ascii when
        -: 1579:    // we have the full status code and item data.
       39: 1580:    c->mset_res = true;
       39: 1581:    conn_set_state(c, conn_nread);
       39: 1582:    return;
        1: 1583:error:
        -: 1584:    /* swallow the data line */
        1: 1585:    c->sbytes = vlen;
        -: 1586:
        -: 1587:    // Note: no errors possible after the item was successfully allocated.
        -: 1588:    // So we're just looking at dumping error codes and returning.
        1: 1589:    out_errstring(c, errstr);
        -: 1590:    // TODO: pass state in? else switching twice meh.
        1: 1591:    conn_set_state(c, conn_swallow);
        -: 1592:}
        -: 1593:
        9: 1594:static void process_mdelete_command(conn *c, token_t *tokens, const size_t ntokens) {
        9: 1595:    char *key;
        9: 1596:    size_t nkey;
        9: 1597:    item *it = NULL;
        9: 1598:    int i;
        9: 1599:    uint32_t hv;
        9: 1600:    struct _meta_flags of = {0}; // option bitflags.
        9: 1601:    char *errstr = "CLIENT_ERROR bad command line format";
       9*: 1602:    assert(c != NULL);
        9: 1603:    mc_resp *resp = c->resp;
        -: 1604:    // reserve bytes for status code
        9: 1605:    char *p = resp->wbuf + 2;
        -: 1606:
      18*: 1607:    WANT_TOKENS_MIN(ntokens, 3);
        -: 1608:
        -: 1609:    // TODO: most of this is identical to mget.
        9: 1610:    if (tokens[KEY_TOKEN].length > KEY_MAX_LENGTH) {
    #####: 1611:        out_string(c, "CLIENT_ERROR bad command line format");
    #####: 1612:        return;
        -: 1613:    }
        -: 1614:
        9: 1615:    if (ntokens > MFLAG_MAX_OPT_LENGTH) {
    #####: 1616:        out_string(c, "CLIENT_ERROR options flags too long");
    #####: 1617:        return;
        -: 1618:    }
        -: 1619:
        -: 1620:    // scrubs duplicated options and sets flags for how to load the item.
        -: 1621:    // we pass in the first token that should be a flag.
        -: 1622:    // FIXME: not using the preparse errstr?
        9: 1623:    if (_meta_flag_preparse(tokens, 2, &of, &errstr) != 0) {
    #####: 1624:        out_errstring(c, "CLIENT_ERROR invalid or duplicate flag");
    #####: 1625:        return;
        -: 1626:    }
        9: 1627:    assert(c != NULL);
        9: 1628:    c->noreply = of.no_reply;
        -: 1629:
        9: 1630:    key = tokens[KEY_TOKEN].value;
        9: 1631:    nkey = tokens[KEY_TOKEN].length;
        -: 1632:
       15: 1633:    for (i = KEY_TOKEN+1; i < ntokens-1; i++) {
        6: 1634:        switch (tokens[i].value[0]) {
        -: 1635:            // TODO: macro perhaps?
    #####: 1636:            case 'O':
    #####: 1637:                if (tokens[i].length > MFLAG_MAX_OPAQUE_LENGTH) {
    #####: 1638:                    errstr = "CLIENT_ERROR opaque token too long";
    #####: 1639:                    goto error;
        -: 1640:                }
    #####: 1641:                META_SPACE(p);
    #####: 1642:                memcpy(p, tokens[i].value, tokens[i].length);
    #####: 1643:                p += tokens[i].length;
    #####: 1644:                break;
[...]
    #####: 2616:            return;
        -: 2617:        }
        -: 2618:
        4: 2619:        rv = lru_crawler_crawl(tokens[2].value, CRAWLER_EXPIRED, NULL, 0,
        -: 2620:                settings.lru_crawler_tocrawl);
        4: 2621:        switch(rv) {
        4: 2622:        case CRAWLER_OK:
        4: 2623:            out_string(c, "OK");
        4: 2624:            break;
    #####: 2625:        case CRAWLER_RUNNING:
    #####: 2626:            out_string(c, "BUSY currently processing crawler request");
    #####: 2627:            break;
    #####: 2628:        case CRAWLER_BADCLASS:
    #####: 2629:            out_string(c, "BADCLASS invalid class id");
    #####: 2630:            break;
    #####: 2631:        case CRAWLER_NOTSTARTED:
    #####: 2632:            out_string(c, "NOTSTARTED no items to crawl");
    #####: 2633:            break;
    #####: 2634:        case CRAWLER_ERROR:
    #####: 2635:            out_string(c, "ERROR an unknown error happened");
    #####: 2636:            break;
        -: 2637:        }
        4: 2638:        return;
        5: 2639:    } else if (ntokens == 4 && strcmp(tokens[COMMAND_TOKEN + 1].value, "metadump") == 0) {
        3: 2640:        if (settings.lru_crawler == false) {
    #####: 2641:            out_string(c, "CLIENT_ERROR lru crawler disabled");
    #####: 2642:            return;
        -: 2643:        }
        3: 2644:        if (!settings.dump_enabled) {
    #####: 2645:            out_string(c, "ERROR metadump not allowed");
    #####: 2646:            return;
        -: 2647:        }
        3: 2648:        if (resp_has_stack(c)) {
        1: 2649:            out_string(c, "ERROR cannot pipeline other commands before metadump");
        1: 2650:            return;
        -: 2651:        }
        -: 2652:
        2: 2653:        int rv = lru_crawler_crawl(tokens[2].value, CRAWLER_METADUMP,
        -: 2654:                c, c->sfd, LRU_CRAWLER_CAP_REMAINING);
        2: 2655:        switch(rv) {
        2: 2656:            case CRAWLER_OK:
        -: 2657:                // TODO: documentation says this string is returned, but
        -: 2658:                // it never was before. We never switch to conn_write so
        -: 2659:                // this o_s call never worked. Need to talk to users and
        -: 2660:                // decide if removing the OK from docs is fine.
        -: 2661:                //out_string(c, "OK");
        -: 2662:                // TODO: Don't reuse conn_watch here.
        2: 2663:                conn_set_state(c, conn_watch);
        2: 2664:                event_del(&c->event);
        2: 2665:                break;
    #####: 2666:            case CRAWLER_RUNNING:
    #####: 2667:                out_string(c, "BUSY currently processing crawler request");
    #####: 2668:                break;
    #####: 2669:            case CRAWLER_BADCLASS:
    #####: 2670:                out_string(c, "BADCLASS invalid class id");
    #####: 2671:                break;
    #####: 2672:            case CRAWLER_NOTSTARTED:
    #####: 2673:                out_string(c, "NOTSTARTED no items to crawl");
    #####: 2674:                break;
    #####: 2675:            case CRAWLER_ERROR:
    #####: 2676:                out_string(c, "ERROR an unknown error happened");
    #####: 2677:                break;
        -: 2678:        }
        2: 2679:        return;
       2*: 2680:    } else if (ntokens == 4 && strcmp(tokens[COMMAND_TOKEN + 1].value, "mgdump") == 0) {
    #####: 2681:        if (settings.lru_crawler == false) {
    #####: 2682:            out_string(c, "CLIENT_ERROR lru crawler disabled");
    #####: 2683:            return;
        -: 2684:        }
    #####: 2685:        if (!settings.dump_enabled) {
    #####: 2686:            out_string(c, "ERROR key dump not allowed");
    #####: 2687:            return;
        -: 2688:        }
    #####: 2689:        if (resp_has_stack(c)) {
    #####: 2690:            out_string(c, "ERROR cannot pipeline other commands before mgdump");
    #####: 2691:            return;
        -: 2692:        }
        -: 2693:
    #####: 2694:        int rv = lru_crawler_crawl(tokens[2].value, CRAWLER_MGDUMP,
        -: 2695:                c, c->sfd, LRU_CRAWLER_CAP_REMAINING);
    #####: 2696:        switch(rv) {
    #####: 2697:            case CRAWLER_OK:
    #####: 2698:                conn_set_state(c, conn_watch);
    #####: 2699:                event_del(&c->event);
    #####: 2700:                break;
    #####: 2701:            case CRAWLER_RUNNING:
    #####: 2702:                out_string(c, "BUSY currently processing crawler request");
    #####: 2703:                break;
    #####: 2704:            case CRAWLER_BADCLASS:
    #####: 2705:                out_string(c, "BADCLASS invalid class id");
    #####: 2706:                break;
    #####: 2707:            case CRAWLER_NOTSTARTED:
    #####: 2708:                out_string(c, "NOTSTARTED no items to crawl");
    #####: 2709:                break;
    #####: 2710:            case CRAWLER_ERROR:
    #####: 2711:                out_string(c, "ERROR an unknown error happened");
    #####: 2712:                break;
        -: 2713:        }
    #####: 2714:        return;
       2*: 2715:    } else if (ntokens == 4 && strcmp(tokens[COMMAND_TOKEN + 1].value, "tocrawl") == 0) {
    #####: 2716:        uint32_t tocrawl;
    #####: 2717:         if (!safe_strtoul(tokens[2].value, &tocrawl)) {
    #####: 2718:            out_string(c, "CLIENT_ERROR bad command line format");
    #####: 2719:            return;
        -: 2720:        }
    #####: 2721:        settings.lru_crawler_tocrawl = tocrawl;
    #####: 2722:        out_string(c, "OK");
    #####: 2723:        return;
       2*: 2724:    } else if (ntokens == 4 && strcmp(tokens[COMMAND_TOKEN + 1].value, "sleep") == 0) {
    #####: 2725:        uint32_t tosleep;
    #####: 2726:        if (!safe_strtoul(tokens[2].value, &tosleep)) {
    #####: 2727:            out_string(c, "CLIENT_ERROR bad command line format");
    #####: 2728:            return;
        -: 2729:        }
    #####: 2730:        if (tosleep > 1000000) {
    #####: 2731:            out_string(c, "CLIENT_ERROR sleep must be one second or less");
    #####: 2732:            return;
        -: 2733:        }
    #####: 2734:        settings.lru_crawler_sleep = tosleep;
    #####: 2735:        out_string(c, "OK");
    #####: 2736:        return;
        2: 2737:    } else if (ntokens == 3) {
        2: 2738:        if ((strcmp(tokens[COMMAND_TOKEN + 1].value, "enable") == 0)) {
        1: 2739:            if (start_item_crawler_thread() == 0) {
        1: 2740:                out_string(c, "OK");
        -: 2741:            } else {
    #####: 2742:                out_string(c, "ERROR failed to start lru crawler thread");
        -: 2743:            }
        1: 2744:        } else if ((strcmp(tokens[COMMAND_TOKEN + 1].value, "disable") == 0)) {
        1: 2745:            if (stop_item_crawler_thread(CRAWLER_NOWAIT) == 0) {
        1: 2746:                out_string(c, "OK");
        -: 2747:            } else {
    #####: 2748:                out_string(c, "ERROR failed to stop lru crawler thread");
        -: 2749:            }
        -: 2750:        } else {
    #####: 2751:            out_string(c, "ERROR");
        -: 2752:        }
        2: 2753:        return;
        -: 2754:    } else {
    #####: 2755:        out_string(c, "ERROR");
        -: 2756:    }
        -: 2757:}
        -: 2758:#ifdef TLS
        -: 2759:static void process_refresh_certs_command(conn *c, token_t *tokens, const size_t ntokens) {
        -: 2760:    set_noreply_maybe(c, tokens, ntokens);
        -: 2761:    char *errmsg = NULL;
        -: 2762:    if (refresh_certs(&errmsg)) {
        -: 2763:        out_string(c, "OK");
        -: 2764:    } else {
        -: 2765:        write_and_free(c, errmsg, strlen(errmsg));
        -: 2766:    }
        -: 2767:    return;
        -: 2768:}
        -: 2769:#endif
        -: 2770:
        -: 2771:// TODO: pipelined commands are incompatible with shifting connections to a
        -: 2772:// side thread. Given this only happens in two instances (watch and
        -: 2773:// lru_crawler metadump) it should be fine for things to bail. It _should_ be
        -: 2774:// unusual for these commands.
        -: 2775:// This is hard to fix since tokenize_command() mutilates the read buffer, so
        -: 2776:// we can't drop out and back in again.
        -: 2777:// Leaving this note here to spend more time on a fix when necessary, or if an
        -: 2778:// opportunity becomes obvious.
   565831: 2779:void process_command_ascii(conn *c, char *command) {
        -: 2780:
   565831: 2781:    token_t tokens[MAX_TOKENS];
   565831: 2782:    size_t ntokens;
   565831: 2783:    int comm;
        -: 2784:
  565831*: 2785:    assert(c != NULL);
        -: 2786:
   565831: 2787:    MEMCACHED_PROCESS_COMMAND_START(c->sfd, c->rcurr, c->rbytes);
        -: 2788:
   565831: 2789:    if (settings.verbose > 1)
    #####: 2790:        fprintf(stderr, "<%d %s\n", c->sfd, command);
        -: 2791:
        -: 2792:    /*
        -: 2793:     * for commands set/add/replace, we build an item and read the data
        -: 2794:     * directly into it, then continue in nread_complete().
        -: 2795:     */
        -: 2796:
        -: 2797:    // Prep the response object for this query.
   565831: 2798:    if (!resp_start(c)) {
        1: 2799:        conn_set_state(c, conn_closing);
        1: 2800:        return;
        -: 2801:    }
        -: 2802:
   565830: 2803:    c->thread->cur_sfd = c->sfd; // cuddle sfd for logging.
   565830: 2804:    ntokens = tokenize_command(command, tokens, MAX_TOKENS);
        -: 2805:    // All commands need a minimum of two tokens: cmd and NULL finalizer
        -: 2806:    // There are also no valid commands shorter than two bytes.
   565830: 2807:    if (ntokens < 2 || tokens[COMMAND_TOKEN].length < 2) {
        5: 2808:        out_string(c, "ERROR");
        5: 2809:        return;
        -: 2810:    }
        -: 2811:
        -: 2812:    // Meta commands are all 2-char in length.
   565825: 2813:    char first = tokens[COMMAND_TOKEN].value[0];
   565825: 2814:    if (first == 'm' && tokens[COMMAND_TOKEN].length == 2) {
     1380: 2815:        switch (tokens[COMMAND_TOKEN].value[1]) {
     1310: 2816:            case 'g':
     1310: 2817:                process_mget_command(c, tokens, ntokens);
     1310: 2818:                break;
       41: 2819:            case 's':
       41: 2820:                process_mset_command(c, tokens, ntokens);
       41: 2821:                break;
        9: 2822:            case 'd':
        9: 2823:                process_mdelete_command(c, tokens, ntokens);
        9: 2824:                break;
        3: 2825:            case 'n':
        3: 2826:                out_string(c, "MN");
        -: 2827:                // mn command forces immediate writeback flush.
        3: 2828:                conn_set_state(c, conn_mwrite);
        3: 2829:                break;
       15: 2830:            case 'a':
       15: 2831:                process_marithmetic_command(c, tokens, ntokens);
       15: 2832:                break;
        2: 2833:            case 'e':
        2: 2834:                process_meta_command(c, tokens, ntokens);
        2: 2835:                break;
    #####: 2836:            default:
    #####: 2837:                out_string(c, "ERROR");
    #####: 2838:                break;
        -: 2839:        }
   564445: 2840:    } else if (first == 'g') {
        -: 2841:        // Various get commands are very common.
  112690*: 2842:        WANT_TOKENS_MIN(ntokens, 3);
   112690: 2843:        if (strcmp(tokens[COMMAND_TOKEN].value, "get") == 0) {
        -: 2844:
   112666: 2845:            process_get_command(c, tokens, ntokens, false, false);
       24: 2846:        } else if (strcmp(tokens[COMMAND_TOKEN].value, "gets") == 0) {
        -: 2847:
       18: 2848:            process_get_command(c, tokens, ntokens, true, false);
        6: 2849:        } else if (strcmp(tokens[COMMAND_TOKEN].value, "gat") == 0) {
        -: 2850:
        5: 2851:            process_get_command(c, tokens, ntokens, false, true);
        1: 2852:        } else if (strcmp(tokens[COMMAND_TOKEN].value, "gats") == 0) {
        -: 2853:
        1: 2854:            process_get_command(c, tokens, ntokens, true, true);
        -: 2855:        } else {
    #####: 2856:            out_string(c, "ERROR");
        -: 2857:        }
        -: 2858:    } else if (first == 's') {
   291648: 2859:        if (strcmp(tokens[COMMAND_TOKEN].value, "set") == 0 && (comm = NREAD_SET)) {
        -: 2860:
  286232*: 2861:            WANT_TOKENS_OR(ntokens, 6, 7);
   286232: 2862:            process_update_command(c, tokens, ntokens, comm, false);
     5416: 2863:        } else if (strcmp(tokens[COMMAND_TOKEN].value, "stats") == 0) {
        -: 2864:
     5340: 2865:            process_stat(c, tokens, ntokens);
       76: 2866:        } else if (strcmp(tokens[COMMAND_TOKEN].value, "shutdown") == 0) {
        -: 2867:
        5: 2868:            process_shutdown_command(c, tokens, ntokens);
       71: 2869:        } else if (strcmp(tokens[COMMAND_TOKEN].value, "slabs") == 0) {
        -: 2870:
       71: 2871:            process_slabs_command(c, tokens, ntokens);
        -: 2872:        } else {
    #####: 2873:            out_string(c, "ERROR");
        -: 2874:        }
        -: 2875:    } else if (first == 'a') {
     8641: 2876:        if ((strcmp(tokens[COMMAND_TOKEN].value, "add") == 0 && (comm = NREAD_ADD)) ||
     8003: 2877:            (strcmp(tokens[COMMAND_TOKEN].value, "append") == 0 && (comm = NREAD_APPEND)) ) {
        -: 2878:
    8641*: 2879:            WANT_TOKENS_OR(ntokens, 6, 7);
     8641: 2880:            process_update_command(c, tokens, ntokens, comm, false);
        -: 2881:        } else {
    #####: 2882:            out_string(c, "ERROR");
        -: 2883:        }
        -: 2884:    } else if (first == 'c') {
       20: 2885:        if (strcmp(tokens[COMMAND_TOKEN].value, "cas") == 0 && (comm = NREAD_CAS)) {
        -: 2886:
       17: 2887:            WANT_TOKENS_OR(ntokens, 7, 8);
       16: 2888:            process_update_command(c, tokens, ntokens, comm, true);
        3: 2889:        } else if (strcmp(tokens[COMMAND_TOKEN].value, "cache_memlimit") == 0) {
        -: 2890:
       3*: 2891:            WANT_TOKENS_OR(ntokens, 3, 4);
        3: 2892:            process_memlimit_command(c, tokens, ntokens);
        -: 2893:        } else {
    #####: 2894:            out_string(c, "ERROR");
        -: 2895:        }
        -: 2896:    } else if (first == 'i') {
      263: 2897:        if (strcmp(tokens[COMMAND_TOKEN].value, "incr") == 0) {
        -: 2898:
     263*: 2899:            WANT_TOKENS_OR(ntokens, 4, 5);
      263: 2900:            process_arithmetic_command(c, tokens, ntokens, 1);
        -: 2901:        } else {
    #####: 2902:            out_string(c, "ERROR");
        -: 2903:        }
        -: 2904:    } else if (first == 'd') {
   141107: 2905:        if (strcmp(tokens[COMMAND_TOKEN].value, "delete") == 0) {
        -: 2906:
  141092*: 2907:            WANT_TOKENS(ntokens, 3, 5);
   141092: 2908:            process_delete_command(c, tokens, ntokens);
       15: 2909:        } else if (strcmp(tokens[COMMAND_TOKEN].value, "decr") == 0) {
        -: 2910:
      10*: 2911:            WANT_TOKENS_OR(ntokens, 4, 5);
       10: 2912:            process_arithmetic_command(c, tokens, ntokens, 0);
        -: 2913:#ifdef MEMCACHED_DEBUG
        5: 2914:        } else if (strcmp(tokens[COMMAND_TOKEN].value, "debugtime") == 0) {
        5: 2915:            WANT_TOKENS_MIN(ntokens, 2);
        5: 2916:            process_debugtime_command(c, tokens, ntokens);
        -: 2917:#endif
        -: 2918:        } else {
    #####: 2919:            out_string(c, "ERROR");
        -: 2920:        }
        -: 2921:    } else if (first == 't') {
     2004: 2922:        if (strcmp(tokens[COMMAND_TOKEN].value, "touch") == 0) {
        -: 2923:
    2004*: 2924:            WANT_TOKENS_OR(ntokens, 4, 5);
     2004: 2925:            process_touch_command(c, tokens, ntokens);
        -: 2926:        } else {
    #####: 2927:            out_string(c, "ERROR");
        -: 2928:        }
     8072: 2929:    } else if (
     8072: 2930:                (strcmp(tokens[COMMAND_TOKEN].value, "replace") == 0 && (comm = NREAD_REPLACE)) ||
     8069: 2931:                (strcmp(tokens[COMMAND_TOKEN].value, "prepend") == 0 && (comm = NREAD_PREPEND)) ) {
        -: 2932:
    8006*: 2933:        WANT_TOKENS_OR(ntokens, 6, 7);
     8006: 2934:        process_update_command(c, tokens, ntokens, comm, false);
        -: 2935:
       66: 2936:    } else if (strcmp(tokens[COMMAND_TOKEN].value, "bget") == 0) {
        -: 2937:        // ancient "binary get" command which isn't in any documentation, was
        -: 2938:        // removed > 10 years ago, etc. Keeping for compatibility reasons but
        -: 2939:        // we should look deeper into client code and remove this.
    #####: 2940:        WANT_TOKENS_MIN(ntokens, 3);
    #####: 2941:        process_get_command(c, tokens, ntokens, false, false);
        -: 2942:
       66: 2943:    } else if (strcmp(tokens[COMMAND_TOKEN].value, "flush_all") == 0) {
        -: 2944:
      12*: 2945:        WANT_TOKENS(ntokens, 2, 4);
       12: 2946:        process_flush_all_command(c, tokens, ntokens);
        -: 2947:
       54: 2948:    } else if (strcmp(tokens[COMMAND_TOKEN].value, "version") == 0) {
        -: 2949:
        6: 2950:        process_version_command(c);
        -: 2951:
       48: 2952:    } else if (strcmp(tokens[COMMAND_TOKEN].value, "quit") == 0) {
        -: 2953:
        3: 2954:        process_quit_command(c);
        -: 2955:
       45: 2956:    } else if (strcmp(tokens[COMMAND_TOKEN].value, "lru_crawler") == 0) {
        -: 2957:
        9: 2958:        process_lru_crawler_command(c, tokens, ntokens);
        -: 2959:
       36: 2960:    } else if (strcmp(tokens[COMMAND_TOKEN].value, "watch") == 0) {
        -: 2961:
       12: 2962:        process_watch_command(c, tokens, ntokens);
        -: 2963:
       24: 2964:    } else if (strcmp(tokens[COMMAND_TOKEN].value, "verbosity") == 0) {
       2*: 2965:        WANT_TOKENS_OR(ntokens, 3, 4);
        2: 2966:        process_verbosity_command(c, tokens, ntokens);
       22: 2967:    } else if (strcmp(tokens[COMMAND_TOKEN].value, "lru") == 0) {
    #####: 2968:        WANT_TOKENS_MIN(ntokens, 3);
    #####: 2969:        process_lru_command(c, tokens, ntokens);
        -: 2970:#ifdef MEMCACHED_DEBUG
        -: 2971:    // commands which exist only for testing the memcached's security protection
       22: 2972:    } else if (strcmp(tokens[COMMAND_TOKEN].value, "misbehave") == 0) {
    #####: 2973:        process_misbehave_command(c);
        -: 2974:#endif
        -: 2975:#ifdef EXTSTORE
       22: 2976:    } else if (strcmp(tokens[COMMAND_TOKEN].value, "extstore") == 0) {
      16*: 2977:        WANT_TOKENS_MIN(ntokens, 3);
       16: 2978:        process_extstore_command(c, tokens, ntokens);
        -: 2979:#endif
        -: 2980:#ifdef TLS
        -: 2981:    } else if (strcmp(tokens[COMMAND_TOKEN].value, "refresh_certs") == 0) {
        -: 2982:        process_refresh_certs_command(c, tokens, ntokens);
        -: 2983:#endif
        -: 2984:    } else {
        6: 2985:        if (strncmp(tokens[ntokens - 2].value, "HTTP/", 5) == 0) {
        4: 2986:            conn_set_state(c, conn_closing);
        -: 2987:        } else {
        2: 2988:            out_string(c, "ERROR");
        -: 2989:        }
        -: 2990:    }
        -: 2991:    return;
        -: 2992:}
        -: 2993:
        -: 2994:
